Index PThresh FE EmpPval NAnnotThesh NAnnot NThresh N Annotation Celltype Tissue Type Category
0 0.1 2.48967 -1 7653 16622 260419 1408205 blueprint_mono_K27AC_log2rpm_fdr0.05 mono aceQTL blueprint1 blueprint
0 0.01 5.73279 -1 2658 16622 39280 1408205 blueprint_mono_K27AC_log2rpm_fdr0.05 mono aceQTL blueprint1 blueprint
0 0.001 11.0489 -1 963 16622 7384 1408205 blueprint_mono_K27AC_log2rpm_fdr0.05 mono aceQTL blueprint1 blueprint
0 0.0001 18.3666 -1 426 16622 1965 1408205 blueprint_mono_K27AC_log2rpm_fdr0.05 mono aceQTL blueprint1 blueprint
0 1e-05 24.3087 0 202 16622 704 1408205 blueprint_mono_K27AC_log2rpm_fdr0.05 mono aceQTL blueprint1 blueprint
0 1e-06 28.6375 0 96 16622 284 1408205 blueprint_mono_K27AC_log2rpm_fdr0.05 mono aceQTL blueprint1 blueprint
0 1e-07 35.2559 0 67 16622 161 1408205 blueprint_mono_K27AC_log2rpm_fdr0.05 mono aceQTL blueprint1 blueprint
0 1e-08 42.8356 0 45 16622 89 1408205 blueprint_mono_K27AC_log2rpm_fdr0.05 mono aceQTL blueprint1 blueprint
1 0.1 2.38784 -1 13096 29657 260419 1408205 blueprint_mono_K4ME1_log2rpm_fdr0.05 mono aceQTL blueprint1 blueprint
1 0.01 5.15206 -1 4262 29657 39280 1408205 blueprint_mono_K4ME1_log2rpm_fdr0.05 mono aceQTL blueprint1 blueprint
1 0.001 9.51076 -1 1479 29657 7384 1408205 blueprint_mono_K4ME1_log2rpm_fdr0.05 mono aceQTL blueprint1 blueprint
1 0.0001 14.8369 -1 614 29657 1965 1408205 blueprint_mono_K4ME1_log2rpm_fdr0.05 mono aceQTL blueprint1 blueprint
1 1e-05 18.3457 0 272 29657 704 1408205 blueprint_mono_K4ME1_log2rpm_fdr0.05 mono aceQTL blueprint1 blueprint
1 1e-06 20.732 0 124 29657 284 1408205 blueprint_mono_K4ME1_log2rpm_fdr0.05 mono aceQTL blueprint1 blueprint
1 1e-07 24.1839 0 82 29657 161 1408205 blueprint_mono_K4ME1_log2rpm_fdr0.05 mono aceQTL blueprint1 blueprint
1 1e-08 27.2094 0 51 29657 89 1408205 blueprint_mono_K4ME1_log2rpm_fdr0.05 mono aceQTL blueprint1 blueprint
2 0.1 2.49988 -1 7131 15425 260419 1408205 blueprint_mono_gene_nor_combat_fdr0.05 mono eQTL blueprint1 blueprint
2 0.01 5.78023 -1 2487 15425 39280 1408205 blueprint_mono_gene_nor_combat_fdr0.05 mono eQTL blueprint1 blueprint
2 0.001 11.0779 -1 896 15425 7384 1408205 blueprint_mono_gene_nor_combat_fdr0.05 mono eQTL blueprint1 blueprint
2 0.0001 18.0264 -1 388 15425 1965 1408205 blueprint_mono_gene_nor_combat_fdr0.05 mono eQTL blueprint1 blueprint
2 1e-05 23.4718 0 181 15425 704 1408205 blueprint_mono_gene_nor_combat_fdr0.05 mono eQTL blueprint1 blueprint
2 1e-06 30.8598 0 96 15425 284 1408205 blueprint_mono_gene_nor_combat_fdr0.05 mono eQTL blueprint1 blueprint
2 1e-07 35.1566 0 62 15425 161 1408205 blueprint_mono_gene_nor_combat_fdr0.05 mono eQTL blueprint1 blueprint
2 1e-08 43.0824 0 42 15425 89 1408205 blueprint_mono_gene_nor_combat_fdr0.05 mono eQTL blueprint1 blueprint
3 0.1 2.30949 -1 19812 46388 260419 1408205 blueprint_mono_meth_M_fdr0.05 mono mQTL blueprint1 blueprint
3 0.01 4.8372 -1 6259 46388 39280 1408205 blueprint_mono_meth_M_fdr0.05 mono mQTL blueprint1 blueprint
3 0.001 8.4444 -1 2054 46388 7384 1408205 blueprint_mono_meth_M_fdr0.05 mono mQTL blueprint1 blueprint
3 0.0001 12.39 -1 802 46388 1965 1408205 blueprint_mono_meth_M_fdr0.05 mono mQTL blueprint1 blueprint
3 1e-05 14.4886 0 336 46388 704 1408205 blueprint_mono_meth_M_fdr0.05 mono mQTL blueprint1 blueprint
3 1e-06 16.9957 0 159 46388 284 1408205 blueprint_mono_meth_M_fdr0.05 mono mQTL blueprint1 blueprint
3 1e-07 18.4782 0 98 46388 161 1408205 blueprint_mono_meth_M_fdr0.05 mono mQTL blueprint1 blueprint
3 1e-08 21.1476 0 62 46388 89 1408205 blueprint_mono_meth_M_fdr0.05 mono mQTL blueprint1 blueprint
4 0.1 2.68104 -1 1654 3336 260419 1408205 blueprint_mono_psi_fdr0.05 mono psiQTL blueprint1 blueprint
4 0.01 6.55538 -1 610 3336 39280 1408205 blueprint_mono_psi_fdr0.05 mono psiQTL blueprint1 blueprint
4 0.001 13.4915 -1 236 3336 7384 1408205 blueprint_mono_psi_fdr0.05 mono psiQTL blueprint1 blueprint
4 0.0001 26.423 -1 123 3336 1965 1408205 blueprint_mono_psi_fdr0.05 mono psiQTL blueprint1 blueprint
4 1e-05 36.5761 0 61 3336 704 1408205 blueprint_mono_psi_fdr0.05 mono psiQTL blueprint1 blueprint
4 1e-06 49.0496 0 33 3336 284 1408205 blueprint_mono_psi_fdr0.05 mono psiQTL blueprint1 blueprint
4 1e-07 57.6815 0 22 3336 161 1408205 blueprint_mono_psi_fdr0.05 mono psiQTL blueprint1 blueprint
4 1e-08 71.1445 1e-05 15 3336 89 1408205 blueprint_mono_psi_fdr0.05 mono psiQTL blueprint1 blueprint
5 0.1 2.47969 -1 6497 14168 260419 1408205 blueprint_neut_K27AC_log2rpm_fdr0.05 neut aceQTL blueprint1 blueprint
5 0.01 5.73131 -1 2265 14168 39280 1408205 blueprint_neut_K27AC_log2rpm_fdr0.05 neut aceQTL blueprint1 blueprint
5 0.001 11.5358 -1 857 14168 7384 1408205 blueprint_neut_K27AC_log2rpm_fdr0.05 neut aceQTL blueprint1 blueprint
5 0.0001 18.6647 -1 369 14168 1965 1408205 blueprint_neut_K27AC_log2rpm_fdr0.05 neut aceQTL blueprint1 blueprint
5 1e-05 23.4365 0 166 14168 704 1408205 blueprint_neut_K27AC_log2rpm_fdr0.05 neut aceQTL blueprint1 blueprint
5 1e-06 29.398 0 84 14168 284 1408205 blueprint_neut_K27AC_log2rpm_fdr0.05 neut aceQTL blueprint1 blueprint
5 1e-07 34.5716 0 56 14168 161 1408205 blueprint_neut_K27AC_log2rpm_fdr0.05 neut aceQTL blueprint1 blueprint
5 1e-08 41.3208 0 37 14168 89 1408205 blueprint_neut_K27AC_log2rpm_fdr0.05 neut aceQTL blueprint1 blueprint
6 0.1 2.42564 -1 9477 21127 260419 1408205 blueprint_neut_K4ME1_log2rpm_fdr0.05 neut aceQTL blueprint1 blueprint
6 0.01 5.32997 -1 3141 21127 39280 1408205 blueprint_neut_K4ME1_log2rpm_fdr0.05 neut aceQTL blueprint1 blueprint
6 0.001 10.2365 -1 1134 21127 7384 1408205 blueprint_neut_K4ME1_log2rpm_fdr0.05 neut aceQTL blueprint1 blueprint
6 0.0001 16.7908 -1 495 21127 1965 1408205 blueprint_neut_K4ME1_log2rpm_fdr0.05 neut aceQTL blueprint1 blueprint
6 1e-05 20.5454 0 217 21127 704 1408205 blueprint_neut_K4ME1_log2rpm_fdr0.05 neut aceQTL blueprint1 blueprint
6 1e-06 24.1739 0 103 21127 284 1408205 blueprint_neut_K4ME1_log2rpm_fdr0.05 neut aceQTL blueprint1 blueprint
6 1e-07 28.9801 0 70 21127 161 1408205 blueprint_neut_K4ME1_log2rpm_fdr0.05 neut aceQTL blueprint1 blueprint
6 1e-08 33.7016 0 45 21127 89 1408205 blueprint_neut_K4ME1_log2rpm_fdr0.05 neut aceQTL blueprint1 blueprint
7 0.1 2.52072 -1 6260 13429 260419 1408205 blueprint_neut_gene_nor_combat_fdr0.05 neut eQTL blueprint1 blueprint
7 0.01 5.96128 -1 2233 13429 39280 1408205 blueprint_neut_gene_nor_combat_fdr0.05 neut eQTL blueprint1 blueprint
7 0.001 11.6735 -1 822 13429 7384 1408205 blueprint_neut_gene_nor_combat_fdr0.05 neut eQTL blueprint1 blueprint
7 0.0001 19.5851 -1 367 13429 1965 1408205 blueprint_neut_gene_nor_combat_fdr0.05 neut eQTL blueprint1 blueprint
7 1e-05 25.9178 0 174 13429 704 1408205 blueprint_neut_gene_nor_combat_fdr0.05 neut eQTL blueprint1 blueprint
7 1e-06 29.5389 0 80 13429 284 1408205 blueprint_neut_gene_nor_combat_fdr0.05 neut eQTL blueprint1 blueprint
7 1e-07 34.5201 0 53 13429 161 1408205 blueprint_neut_gene_nor_combat_fdr0.05 neut eQTL blueprint1 blueprint
7 1e-08 42.4165 0 36 13429 89 1408205 blueprint_neut_gene_nor_combat_fdr0.05 neut eQTL blueprint1 blueprint
8 0.1 2.2942 -1 19960 47046 260419 1408205 blueprint_neut_meth_M_fdr0.05 neut mQTL blueprint1 blueprint
8 0.01 4.82212 -1 6328 47046 39280 1408205 blueprint_neut_meth_M_fdr0.05 neut mQTL blueprint1 blueprint
8 0.001 8.3871 -1 2069 47046 7384 1408205 blueprint_neut_meth_M_fdr0.05 neut mQTL blueprint1 blueprint
8 0.0001 12.3843 -1 813 47046 1965 1408205 blueprint_neut_meth_M_fdr0.05 neut mQTL blueprint1 blueprint
8 1e-05 14.456 0 340 47046 704 1408205 blueprint_neut_meth_M_fdr0.05 neut mQTL blueprint1 blueprint
8 1e-06 16.5472 0 157 47046 284 1408205 blueprint_neut_meth_M_fdr0.05 neut mQTL blueprint1 blueprint
8 1e-07 17.662 0 95 47046 161 1408205 blueprint_neut_meth_M_fdr0.05 neut mQTL blueprint1 blueprint
8 1e-08 19.5066 0 58 47046 89 1408205 blueprint_neut_meth_M_fdr0.05 neut mQTL blueprint1 blueprint
9 0.1 2.52955 -1 1278 2732 260419 1408205 blueprint_neut_psi_fdr0.05 neut psiQTL blueprint1 blueprint
9 0.01 6.0888 -1 464 2732 39280 1408205 blueprint_neut_psi_fdr0.05 neut psiQTL blueprint1 blueprint
9 0.001 12.2161 -1 175 2732 7384 1408205 blueprint_neut_psi_fdr0.05 neut psiQTL blueprint1 blueprint
9 0.0001 25.1822 -1 96 2732 1965 1408205 blueprint_neut_psi_fdr0.05 neut psiQTL blueprint1 blueprint
9 1e-05 38.0729 0 52 2732 704 1408205 blueprint_neut_psi_fdr0.05 neut psiQTL blueprint1 blueprint
9 1e-06 52.6338 0 29 2732 284 1408205 blueprint_neut_psi_fdr0.05 neut psiQTL blueprint1 blueprint
9 1e-07 70.4339 0 22 2732 161 1408205 blueprint_neut_psi_fdr0.05 neut psiQTL blueprint1 blueprint
9 1e-08 86.8733 0 15 2732 89 1408205 blueprint_neut_psi_fdr0.05 neut psiQTL blueprint1 blueprint
10 0.1 2.53337 -1 5346 11411 260419 1408205 blueprint_tcel_K27AC_log2rpm_fdr0.05 tcel aceQTL blueprint1 blueprint
10 0.01 5.90962 -1 1881 11411 39280 1408205 blueprint_tcel_K27AC_log2rpm_fdr0.05 tcel aceQTL blueprint1 blueprint
10 0.001 11.7157 -1 701 11411 7384 1408205 blueprint_tcel_K27AC_log2rpm_fdr0.05 tcel aceQTL blueprint1 blueprint
10 0.0001 19.8457 -1 316 11411 1965 1408205 blueprint_tcel_K27AC_log2rpm_fdr0.05 tcel aceQTL blueprint1 blueprint
10 1e-05 24.8919 0 142 11411 704 1408205 blueprint_tcel_K27AC_log2rpm_fdr0.05 tcel aceQTL blueprint1 blueprint
10 1e-06 30.8519 0 71 11411 284 1408205 blueprint_tcel_K27AC_log2rpm_fdr0.05 tcel aceQTL blueprint1 blueprint
10 1e-07 37.5589 0 49 11411 161 1408205 blueprint_tcel_K27AC_log2rpm_fdr0.05 tcel aceQTL blueprint1 blueprint
10 1e-08 45.7579 0 33 11411 89 1408205 blueprint_tcel_K27AC_log2rpm_fdr0.05 tcel aceQTL blueprint1 blueprint
11 0.1 2.58623 -1 4105 8583 260419 1408205 blueprint_tcel_K4ME1_log2rpm_fdr0.05 tcel aceQTL blueprint1 blueprint
11 0.01 6.04399 -1 1447 8583 39280 1408205 blueprint_tcel_K4ME1_log2rpm_fdr0.05 tcel aceQTL blueprint1 blueprint
11 0.001 12.0652 -1 543 8583 7384 1408205 blueprint_tcel_K4ME1_log2rpm_fdr0.05 tcel aceQTL blueprint1 blueprint
11 0.0001 20.2895 -1 243 8583 1965 1408205 blueprint_tcel_K4ME1_log2rpm_fdr0.05 tcel aceQTL blueprint1 blueprint
11 1e-05 24.4705 0 105 8583 704 1408205 blueprint_tcel_K4ME1_log2rpm_fdr0.05 tcel aceQTL blueprint1 blueprint
11 1e-06 31.1962 0 54 8583 284 1408205 blueprint_tcel_K4ME1_log2rpm_fdr0.05 tcel aceQTL blueprint1 blueprint
11 1e-07 35.6672 1e-05 35 8583 161 1408205 blueprint_tcel_K4ME1_log2rpm_fdr0.05 tcel aceQTL blueprint1 blueprint
11 1e-08 47.9303 0 26 8583 89 1408205 blueprint_tcel_K4ME1_log2rpm_fdr0.05 tcel aceQTL blueprint1 blueprint
12 0.1 2.54791 -1 6050 12840 260419 1408205 blueprint_tcel_gene_nor_combat_fdr0.05 tcel eQTL blueprint1 blueprint
12 0.01 6.12864 -1 2195 12840 39280 1408205 blueprint_tcel_gene_nor_combat_fdr0.05 tcel eQTL blueprint1 blueprint
12 0.001 12.0011 -1 808 12840 7384 1408205 blueprint_tcel_gene_nor_combat_fdr0.05 tcel eQTL blueprint1 blueprint
12 0.0001 20.0928 -1 360 12840 1965 1408205 blueprint_tcel_gene_nor_combat_fdr0.05 tcel eQTL blueprint1 blueprint
12 1e-05 26.0162 0 167 12840 704 1408205 blueprint_tcel_gene_nor_combat_fdr0.05 tcel eQTL blueprint1 blueprint
12 1e-06 31.6662 0 82 12840 284 1408205 blueprint_tcel_gene_nor_combat_fdr0.05 tcel eQTL blueprint1 blueprint
12 1e-07 34.06 0 50 12840 161 1408205 blueprint_tcel_gene_nor_combat_fdr0.05 tcel eQTL blueprint1 blueprint
12 1e-08 43.1299 0 35 12840 89 1408205 blueprint_tcel_gene_nor_combat_fdr0.05 tcel eQTL blueprint1 blueprint
13 0.1 2.35166 -1 17046 39196 260419 1408205 blueprint_tcel_meth_M_fdr0.05 tcel mQTL blueprint1 blueprint
13 0.01 4.97841 -1 5443 39196 39280 1408205 blueprint_tcel_meth_M_fdr0.05 tcel mQTL blueprint1 blueprint
13 0.001 8.76773 -1 1802 39196 7384 1408205 blueprint_tcel_meth_M_fdr0.05 tcel mQTL blueprint1 blueprint
13 0.0001 13.3105 -1 728 39196 1965 1408205 blueprint_tcel_meth_M_fdr0.05 tcel mQTL blueprint1 blueprint
13 1e-05 15.412 0 302 39196 704 1408205 blueprint_tcel_meth_M_fdr0.05 tcel mQTL blueprint1 blueprint
13 1e-06 18.5962 0 147 39196 284 1408205 blueprint_tcel_meth_M_fdr0.05 tcel mQTL blueprint1 blueprint
13 1e-07 21.1993 0 95 39196 161 1408205 blueprint_tcel_meth_M_fdr0.05 tcel mQTL blueprint1 blueprint
13 1e-08 23.8169 0 59 39196 89 1408205 blueprint_tcel_meth_M_fdr0.05 tcel mQTL blueprint1 blueprint
14 0.1 2.5626 -1 1961 4138 260419 1408205 blueprint_tcel_psi_fdr0.05 tcel psiQTL blueprint1 blueprint
14 0.01 6.55843 -1 757 4138 39280 1408205 blueprint_tcel_psi_fdr0.05 tcel psiQTL blueprint1 blueprint
14 0.001 13.3193 -1 289 4138 7384 1408205 blueprint_tcel_psi_fdr0.05 tcel psiQTL blueprint1 blueprint
14 0.0001 26.8438 -1 155 4138 1965 1408205 blueprint_tcel_psi_fdr0.05 tcel psiQTL blueprint1 blueprint
14 1e-05 35.2879 0 73 4138 704 1408205 blueprint_tcel_psi_fdr0.05 tcel psiQTL blueprint1 blueprint
14 1e-06 45.5345 0 38 4138 284 1408205 blueprint_tcel_psi_fdr0.05 tcel psiQTL blueprint1 blueprint
14 1e-07 54.957 0 26 4138 161 1408205 blueprint_tcel_psi_fdr0.05 tcel psiQTL blueprint1 blueprint
14 1e-08 61.1794 0 16 4138 89 1408205 blueprint_tcel_psi_fdr0.05 tcel psiQTL blueprint1 blueprint
15 0.1 2.66005 -1 5999 12195 260419 1408205 cmc_eQTL_fdr0.05.chrpos dlpfc eQTL CMC1 CMC
15 0.01 6.64093 -1 2259 12195 39280 1408205 cmc_eQTL_fdr0.05.chrpos dlpfc eQTL CMC1 CMC
15 0.001 13.5429 -1 866 12195 7384 1408205 cmc_eQTL_fdr0.05.chrpos dlpfc eQTL CMC1 CMC
15 0.0001 23.0948 -1 393 12195 1965 1408205 cmc_eQTL_fdr0.05.chrpos dlpfc eQTL CMC1 CMC
15 1e-05 31.985 0 195 12195 704 1408205 cmc_eQTL_fdr0.05.chrpos dlpfc eQTL CMC1 CMC
15 1e-06 38.2203 0 94 12195 284 1408205 cmc_eQTL_fdr0.05.chrpos dlpfc eQTL CMC1 CMC
15 1e-07 42.3165 0 59 12195 161 1408205 cmc_eQTL_fdr0.05.chrpos dlpfc eQTL CMC1 CMC
15 1e-08 58.3857 0 45 12195 89 1408205 cmc_eQTL_fdr0.05.chrpos dlpfc eQTL CMC1 CMC
16 0.1 2.65297 -1 6585 13422 260419 1408205 cmc_isoQTL_fdr0.05.chrpos dlpfc isoQTL CMC1 CMC
16 0.01 6.72296 -1 2517 13422 39280 1408205 cmc_isoQTL_fdr0.05.chrpos dlpfc isoQTL CMC1 CMC
16 0.001 13.8251 -1 973 13422 7384 1408205 cmc_isoQTL_fdr0.05.chrpos dlpfc isoQTL CMC1 CMC
16 0.0001 23.3862 -1 438 13422 1965 1408205 cmc_isoQTL_fdr0.05.chrpos dlpfc isoQTL CMC1 CMC
16 1e-05 31.2965 0 210 13422 704 1408205 cmc_isoQTL_fdr0.05.chrpos dlpfc isoQTL CMC1 CMC
16 1e-06 37.6817 0 102 13422 284 1408205 cmc_isoQTL_fdr0.05.chrpos dlpfc isoQTL CMC1 CMC
16 1e-07 42.3581 0 65 13422 161 1408205 cmc_isoQTL_fdr0.05.chrpos dlpfc isoQTL CMC1 CMC
16 1e-08 50.6906 0 43 13422 89 1408205 cmc_isoQTL_fdr0.05.chrpos dlpfc isoQTL CMC1 CMC
17 0.1 2.75995 -1 4197 8223 260419 1408205 fairfax_cis_fdr0.05 mono eQTL fairfax1 fairfax
17 0.01 6.89716 -1 1582 8223 39280 1408205 fairfax_cis_fdr0.05 mono eQTL fairfax1 fairfax
17 0.001 14.7039 -1 634 8223 7384 1408205 fairfax_cis_fdr0.05 mono eQTL fairfax1 fairfax
17 0.0001 24.9252 -1 286 8223 1965 1408205 fairfax_cis_fdr0.05 mono eQTL fairfax1 fairfax
17 1e-05 36.0018 0 148 8223 704 1408205 fairfax_cis_fdr0.05 mono eQTL fairfax1 fairfax
17 1e-06 44.622 0 74 8223 284 1408205 fairfax_cis_fdr0.05 mono eQTL fairfax1 fairfax
17 1e-07 53.1838 0 50 8223 161 1408205 fairfax_cis_fdr0.05 mono eQTL fairfax1 fairfax
17 1e-08 67.3463 0 35 8223 89 1408205 fairfax_cis_fdr0.05 mono eQTL fairfax1 fairfax
18 0.1 2.11728 -1 8154 20825 260419 1408205 immvar_cd14_eQTL_p1e-3 mono eQTL immvar1 immvar
18 0.01 4.15056 -1 2411 20825 39280 1408205 immvar_cd14_eQTL_p1e-3 mono eQTL immvar1 immvar
18 0.001 7.01484 -1 766 20825 7384 1408205 immvar_cd14_eQTL_p1e-3 mono eQTL immvar1 immvar
18 0.0001 11.5627 -1 336 20825 1965 1408205 immvar_cd14_eQTL_p1e-3 mono eQTL immvar1 immvar
18 1e-05 15.2723 0 159 20825 704 1408205 immvar_cd14_eQTL_p1e-3 mono eQTL immvar1 immvar
18 1e-06 17.8576 0 75 20825 284 1408205 immvar_cd14_eQTL_p1e-3 mono eQTL immvar1 immvar
18 1e-07 19.3203 0 46 20825 161 1408205 immvar_cd14_eQTL_p1e-3 mono eQTL immvar1 immvar
18 1e-08 27.3523 0 36 20825 89 1408205 immvar_cd14_eQTL_p1e-3 mono eQTL immvar1 immvar
19 0.1 -nan -1 0 0 260419 1408205 immvar_cd14_sQTL_p1e-12 mono sQTL immvar1 immvar
19 0.01 -nan -1 0 0 39280 1408205 immvar_cd14_sQTL_p1e-12 mono sQTL immvar1 immvar
19 0.001 -nan -1 0 0 7384 1408205 immvar_cd14_sQTL_p1e-12 mono sQTL immvar1 immvar
19 0.0001 -nan -1 0 0 1965 1408205 immvar_cd14_sQTL_p1e-12 mono sQTL immvar1 immvar
19 1e-05 -nan 1 0 0 704 1408205 immvar_cd14_sQTL_p1e-12 mono sQTL immvar1 immvar
19 1e-06 -nan 1 0 0 284 1408205 immvar_cd14_sQTL_p1e-12 mono sQTL immvar1 immvar
19 1e-07 -nan 1 0 0 161 1408205 immvar_cd14_sQTL_p1e-12 mono sQTL immvar1 immvar
19 1e-08 -nan 1 0 0 89 1408205 immvar_cd14_sQTL_p1e-12 mono sQTL immvar1 immvar
20 0.1 2.15274 -1 7062 17739 260419 1408205 immvar_cd4_eQTL_p1e-3 tcel eQTL immvar1 immvar
20 0.01 4.20165 -1 2079 17739 39280 1408205 immvar_cd4_eQTL_p1e-3 tcel eQTL immvar1 immvar
20 0.001 7.26761 -1 676 17739 7384 1408205 immvar_cd4_eQTL_p1e-3 tcel eQTL immvar1 immvar
20 0.0001 11.8774 -1 294 17739 1965 1408205 immvar_cd4_eQTL_p1e-3 tcel eQTL immvar1 immvar
20 1e-05 14.6591 0 130 17739 704 1408205 immvar_cd4_eQTL_p1e-3 tcel eQTL immvar1 immvar
20 1e-06 16.2124 0 58 17739 284 1408205 immvar_cd4_eQTL_p1e-3 tcel eQTL immvar1 immvar
20 1e-07 17.7506 0.000231022 36 17739 161 1408205 immvar_cd4_eQTL_p1e-3 tcel eQTL immvar1 immvar
20 1e-08 23.191 3e-05 26 17739 89 1408205 immvar_cd4_eQTL_p1e-3 tcel eQTL immvar1 immvar
21 0.1 3.14403 -1 457 786 260419 1408205 rosmap_aceQTL_p1e-5 dlpfc aceQTL rosmap1 rosmap
21 0.01 8.80297 -1 193 786 39280 1408205 rosmap_aceQTL_p1e-5 dlpfc aceQTL rosmap1 rosmap
21 0.001 22.0797 -1 91 786 7384 1408205 rosmap_aceQTL_p1e-5 dlpfc aceQTL rosmap1 rosmap
21 0.0001 50.1468 -1 55 786 1965 1408205 rosmap_aceQTL_p1e-5 dlpfc aceQTL rosmap1 rosmap
21 1e-05 76.347 0 30 786 704 1408205 rosmap_aceQTL_p1e-5 dlpfc aceQTL rosmap1 rosmap
21 1e-06 100.936 2e-05 16 786 284 1408205 rosmap_aceQTL_p1e-5 dlpfc aceQTL rosmap1 rosmap
21 1e-07 144.664 0 13 786 161 1408205 rosmap_aceQTL_p1e-5 dlpfc aceQTL rosmap1 rosmap
21 1e-08 161.044 0.000897908 8 786 89 1408205 rosmap_aceQTL_p1e-5 dlpfc aceQTL rosmap1 rosmap
22 0.1 1.86934 -1 6813 19708 260419 1408205 rosmap_eQTL_p1e-5 dlpfc eQTL rosmap1 rosmap
22 0.01 3.1179 -1 1714 19708 39280 1408205 rosmap_eQTL_p1e-5 dlpfc eQTL rosmap1 rosmap
22 0.001 4.61583 -1 477 19708 7384 1408205 rosmap_eQTL_p1e-5 dlpfc eQTL rosmap1 rosmap
22 0.0001 5.99991 -1 165 19708 1965 1408205 rosmap_eQTL_p1e-5 dlpfc eQTL rosmap1 rosmap
22 1e-05 7.00325 0.0714286 69 19708 704 1408205 rosmap_eQTL_p1e-5 dlpfc eQTL rosmap1 rosmap
22 1e-06 8.80589 0.0420168 35 19708 284 1408205 rosmap_eQTL_p1e-5 dlpfc eQTL rosmap1 rosmap
22 1e-07 7.10097 0.475248 16 19708 161 1408205 rosmap_eQTL_p1e-5 dlpfc eQTL rosmap1 rosmap
22 1e-08 9.63418 0.247525 12 19708 89 1408205 rosmap_eQTL_p1e-5 dlpfc eQTL rosmap1 rosmap
23 0.1 2.54296 -1 3559 7568 260419 1408205 rosmap_mQTL_p1e-12 dlpfc mQTL rosmap1 rosmap
23 0.01 6.00192 -1 1267 7568 39280 1408205 rosmap_mQTL_p1e-12 dlpfc mQTL rosmap1 rosmap
23 0.001 13.0786 -1 519 7568 7384 1408205 rosmap_mQTL_p1e-12 dlpfc mQTL rosmap1 rosmap
23 0.0001 25.0939 -1 265 7568 1965 1408205 rosmap_mQTL_p1e-12 dlpfc mQTL rosmap1 rosmap
23 1e-05 32.51 0 123 7568 704 1408205 rosmap_mQTL_p1e-12 dlpfc mQTL rosmap1 rosmap
23 1e-06 39.9665 0 61 7568 284 1408205 rosmap_mQTL_p1e-12 dlpfc mQTL rosmap1 rosmap
23 1e-07 41.6065 7e-05 36 7568 161 1408205 rosmap_mQTL_p1e-12 dlpfc mQTL rosmap1 rosmap
23 1e-08 52.2679 4e-05 25 7568 89 1408205 rosmap_mQTL_p1e-12 dlpfc mQTL rosmap1 rosmap
24 0.1 2.79799 -1 282 545 260419 1408205 rosmap_sQTL_fdr0.05 dlpfc sQTL rosmap1 rosmap
24 0.01 7.36743 -1 112 545 39280 1408205 rosmap_sQTL_fdr0.05 dlpfc sQTL rosmap1 rosmap
24 0.001 19.5959 -1 56 545 7384 1408205 rosmap_sQTL_fdr0.05 dlpfc sQTL rosmap1 rosmap
24 0.0001 34.1885 -1 26 545 1965 1408205 rosmap_sQTL_fdr0.05 dlpfc sQTL rosmap1 rosmap
24 1e-05 44.0431 0.00393546 12 545 704 1408205 rosmap_sQTL_fdr0.05 dlpfc sQTL rosmap1 rosmap
24 1e-06 72.7849 0.0025227 8 545 284 1408205 rosmap_sQTL_fdr0.05 dlpfc sQTL rosmap1 rosmap
24 1e-07 96.293 0.00539957 6 545 161 1408205 rosmap_sQTL_fdr0.05 dlpfc sQTL rosmap1 rosmap
24 1e-08 145.161 0.00437445 5 545 89 1408205 rosmap_sQTL_fdr0.05 dlpfc sQTL rosmap1 rosmap
