# MEAN_SAMPLE_SIZE = 34475
# TOTAL_GENES = 14917
# TEST_DIRECTION = one-sided, positive (set), one-sided, positive (covar)
# CONDITIONED_INTERNAL = gene size, gene density, inverse mac, log(gene size), log(gene density), log(inverse mac)
# CONDITIONED_HIDDEN = Average (covar)
VARIABLE               TYPE  NGENES         BETA     BETA_STD           SE            P
Astro                 COVAR   14917    0.0011364    0.0016725    0.0076895      0.44126
Endo                  COVAR   14917   -0.0054969   -0.0084539    0.0071085      0.78032
L2.3_ALM_Agmat        COVAR   14917    0.0065866     0.015239     0.011603      0.28514
L2.3_ALM_Cbln4        COVAR   14917    0.0024264    0.0058306    0.0099253      0.40344
L2.3_ALM_Cdh13        COVAR   14917    0.0059628     0.014033     0.011798      0.30664
L4_Sparcl1            COVAR   14917   -0.0026935   -0.0064017    0.0077675      0.63561
L5_ALM_Aldh3b1_1      COVAR   14917     0.025193     0.058523     0.014013     0.036107
L5_ALM_Aldh3b1_2      COVAR   14917     0.019182     0.045076      0.01291     0.068676
L5_ALM_Aldh3b1_3      COVAR   14917     0.014606     0.034828     0.012069      0.11311
L5_ALM_Arhgap25_1     COVAR   14917   -0.0039262   -0.0092315     0.013733      0.61252
L5_ALM_Arhgap25_2     COVAR   14917   -0.0053977    -0.012782     0.012732      0.66419
L5_ALM_Arhgap25_3     COVAR   14917   -0.0038644   -0.0090566     0.012336      0.62296
L5_ALM_Hapln1         COVAR   14917   -0.0090196    -0.023629    0.0061652      0.92825
L5_ALM_Oprk1          COVAR   14917   -0.0053397    -0.012965    0.0087612      0.72889
L5_ALM_Pld5_1         COVAR   14917     0.016406     0.037445     0.013936      0.11956
L5_ALM_Pld5_2         COVAR   14917     0.025158     0.058691     0.012749     0.024236
L5_ALM_Slc17a8        COVAR   14917   -0.0024194   -0.0062265    0.0053142      0.67554
L5_ALM_Trh            COVAR   14917     0.005079     0.012201    0.0073498      0.24478
L5a_Batf3             COVAR   14917    0.0002108   0.00052219     0.008489      0.49009
L5a_Hsd11b1_low       COVAR   14917     0.011812     0.022839    0.0078931      0.06728
L6a_ALM_Foxp2         COVAR   14917   -0.0055679    -0.012943     0.012551      0.67133
L6a_Col12a1_1         COVAR   14917     -0.01038    -0.025306    0.0080993          0.9
L6b_ALM_Trh           COVAR   14917      0.01716     0.041815    0.0079773     0.015744
Lamp5_Nxph1_1         COVAR   14917    -0.007517    -0.017447     0.014458      0.69844
Lamp5_Nxph1_2         COVAR   14917    0.0085792     0.019646     0.013416      0.26127
Lamp5_Nxph1_3         COVAR   14917    -0.003176   -0.0078953    0.0089392      0.63881
Lamp5_Nxph1_4         COVAR   14917   -0.0078523     -0.02071    0.0059951      0.90486
Lamp5_Rgs12_1         COVAR   14917      0.02941     0.070353     0.010813    0.0032687
Lamp5_Rgs12_3         COVAR   14917     0.017797     0.043999    0.0089408     0.023277
Meis2                 COVAR   14917   -0.0032667   -0.0063237    0.0064325      0.69422
Micro_1               COVAR   14917    0.0016072    0.0039889    0.0038602      0.33858
Micro_2               COVAR   14917   -0.0019431   -0.0029519    0.0068171      0.61219
Oligo                 COVAR   14917    0.0080423     0.014637    0.0072896      0.13497
OPC                   COVAR   14917   -0.0025316   -0.0045389    0.0069388      0.64239
Pax6                  COVAR   14917   -0.0053807    -0.013236    0.0093563      0.71738
Pvalb_Cnr1_1          COVAR   14917    0.0091189     0.021769     0.011787      0.21957
Pvalb_Cnr1_2          COVAR   14917    0.0095341     0.022768     0.012396      0.22092
Pvalb_Cnr1_3          COVAR   14917    0.0007068    0.0016277     0.015084      0.48131
Pvalb_Il1rapl2_1      COVAR   14917    0.0024711    0.0058307     0.013658      0.42821
Pvalb_Il1rapl2_2      COVAR   14917    0.0097554     0.022984     0.012993      0.22638
Pvalb_Th              COVAR   14917   -0.0075585    -0.017671     0.010221      0.77019
Pvalb_Vipr2           COVAR   14917  -0.00026177  -0.00062619      0.01041      0.51003
SMC                   COVAR   14917   -0.0079625    -0.014094    0.0062248      0.89957
Sst_C1ql3             COVAR   14917    -0.013238    -0.030864     0.013417      0.83809
Sst_Chodl             COVAR   14917   -0.0082616    -0.018425      0.01278      0.74099
Sst_Crygs_1           COVAR   14917   -0.0063784    -0.014861     0.014814       0.6666
Sst_Crygs_2           COVAR   14917   -0.0016288   -0.0038187     0.014308      0.54532
Sst_Crygs_3           COVAR   14917    -0.015884    -0.037143        0.013      0.88911
Sst_Mrap2_1           COVAR   14917    -0.020936    -0.049233     0.012775      0.94937
Sst_Mrap2_2           COVAR   14917    -0.009059    -0.020593      0.01803      0.69231
Sst_Mrap2_3           COVAR   14917    -0.026602    -0.059764     0.016546      0.94605
Sst_Myh8_1            COVAR   14917    -0.005653    -0.013156     0.013795      0.65901
Sst_Myh8_2            COVAR   14917   -0.0070257    -0.015938     0.014033      0.69169
Sst_Myh8_3            COVAR   14917   -0.0037548   -0.0082258     0.015128      0.59801
Sst_Myh8_4            COVAR   14917    -0.016596     -0.03632     0.016254      0.84637
Sst_Myh8_5            COVAR   14917    -0.016705    -0.036869     0.011177      0.93247
Sst_Syndig1l_1        COVAR   14917   9.6274e-05   0.00022084     0.010265      0.49626
Sst_Syndig1l_2        COVAR   14917   -0.0035279   -0.0081774     0.012834       0.6083
Sst_Th                COVAR   14917    -0.010621     -0.02455     0.010787       0.8376
Vip_Cd34_1            COVAR   14917   -0.0025901   -0.0056947     0.013912      0.57385
Vip_Cd34_2            COVAR   14917    0.0026122    0.0063632     0.008817      0.38351
Vip_Chat_1            COVAR   14917   -0.0014686   -0.0030224     0.015224      0.53842
Vip_Chat_2            COVAR   14917     0.013775     0.029423     0.013526      0.15425
Vip_Chat_3            COVAR   14917    0.0032468    0.0067669     0.013869      0.40745
Vip_Chat_4            COVAR   14917   -0.0022112   -0.0045014     0.011153      0.57858
Vip_Gpc3_1            COVAR   14917   -0.0032229   -0.0073563    0.0066606      0.68576
Vip_Gpc3_2            COVAR   14917    0.0053662     0.011602     0.015701      0.36627
Vip_Gpc3_3            COVAR   14917    -0.009984    -0.022081     0.014463        0.755
Vip_Krt12             COVAR   14917    0.0061834     0.013232     0.016814      0.35653
Vip_Lect1             COVAR   14917    0.0011822    0.0024046        0.012      0.46076
Vip_Mybpc1_1          COVAR   14917    0.0087471     0.018188     0.014972      0.27954
Vip_Mybpc1_2          COVAR   14917   -0.0099712    -0.022519     0.011757      0.80181
Vip_Prss12_1          COVAR   14917     0.001432    0.0030886     0.011779      0.45162
Vip_Prss12_2          COVAR   14917      0.01068     0.022731     0.012491      0.19628
Vip_Sfrp2_1           COVAR   14917    0.0050701     0.010607      0.01555      0.37219
Vip_Sfrp2_2           COVAR   14917   -0.0011701   -0.0025612     0.015932      0.52927
Vip_Sncg_Slc17a8      COVAR   14917     0.007261     0.018167    0.0090363      0.21084
Vip_Sncg_1            COVAR   14917     0.003829    0.0097182    0.0082821      0.32193
Vip_Sncg_2            COVAR   14917    0.0023703    0.0051818     0.013781      0.43172
Vip_Sncg_3            COVAR   14917    0.0082962     0.020086     0.010142      0.20669
