Welcome to MAGMA v1.07 (linux/s)
Using flags:
	--gene-results /data/fuma/celltype/569/magma.genes.raw
	--gene-covar /data/MAGMA/celltype/GSE93374_Mouse_Arc_ME_neurons.txt
	--model condition-hide=Average direction=greater
	--out /data/fuma/celltype/569/magma_celltype_GSE93374_Mouse_Arc_ME_neurons

Start time is 21:29:45, Thursday 28 Feb 2019

Reading file /data/fuma/celltype/569/magma.genes.raw... 
	18147 genes read from file
Loading gene-level covariates...
Reading file /data/MAGMA/celltype/GSE93374_Mouse_Arc_ME_neurons.txt... 
	detected 29 variables in file (using all)
	found 29 valid gene covariates, for 13445 genes defined in genotype data
Processing missing values...
	found 4702 genes not present in all input files: removing these from analysis
	13445 genes remaining in analysis
Preparing variables for analysis...
	truncating Z-scores 3 points below zero or 6 standard deviations above the mean
	truncating covariate values more than 5 standard deviations from the mean
	total variables available for analysis: 29 gene covariates

Parsing model specifications...
Inverting gene-gene correlation matrix...
Performing regression analysis...
	testing direction: one-sided, positive (sets), one-sided, positive (covar)
	conditioning on internal variables:
		gene size, log(gene size)
		gene density, log(gene density)
		inverse mac, log(inverse mac)
	conditioning on input variables (no output):
		Average (covar)
	analysing individual variables

	analysing single-variable models (number of models: 28)
	WARNING: analysis failed for 'Pomc_Ttr' (covar); could not invert variable design matrix: variable is collinear with conditioned covariates
	WARNING: analysis failed for 'Tmem215' (covar); could not invert variable design matrix: variable is collinear with conditioned covariates
	writing results to file /data/fuma/celltype/569/magma_celltype_GSE93374_Mouse_Arc_ME_neurons.gsa.out

End time is 21:29:54, Thursday 28 Feb 2019 (elapsed: 00:00:09)
