# MEAN_SAMPLE_SIZE = 39955
# TOTAL_GENES = 14974
# TEST_DIRECTION = one-sided, positive (set), one-sided, positive (covar)
# CONDITIONED_INTERNAL = gene size, gene density, inverse mac, log(gene size), log(gene density), log(inverse mac)
# CONDITIONED_HIDDEN = Average (covar)
VARIABLE                              TYPE  NGENES         BETA     BETA_STD           SE            P FULL_NAME
CB.Neuron_Slc17a7_Gabra6.1_1         COVAR   14974     -0.00254   -0.0071509    0.0080607      0.62366 CB.Neuron_Slc17a7_Gabra6.1_1
CB.Endothelial_Stalk_Flt1_Mg...      COVAR   14974   -0.0072046    -0.021379    0.0044834      0.94596 CB.Endothelial_Stalk_Flt1_Mgp.10_1
CB.Endothelial_Stalk_Flt1_Ca...      COVAR   14974    -0.008182    -0.024169    0.0045495      0.96393 CB.Endothelial_Stalk_Flt1_Car4.10_2
CB.Endothelial_Stalk_Flt1_Lr...      COVAR   14974    -0.013649    -0.040583    0.0045756      0.99857 CB.Endothelial_Stalk_Flt1_Lrg1.10_3
CB.Endothelial_Tip_Dcn_Nnat....      COVAR   14974   -0.0092772     -0.02678    0.0042307      0.98583 CB.Endothelial_Tip_Dcn_Nnat.11_1
CB.Endothelial_Tip_Dcn_Apod....      COVAR   14974   -0.0091405    -0.027028    0.0038339      0.99143 CB.Endothelial_Tip_Dcn_Apod.11_2
CB.Mural_Acta2Rgs5_Acta2.11_3        COVAR   14974    -0.011135    -0.033759    0.0040109      0.99725 CB.Mural_Acta2Rgs5_Acta2.11_3
CB.Mural_Acta2Rgs5_Kcnj8.11_4        COVAR   14974   -0.0092731    -0.029317    0.0033696      0.99703 CB.Mural_Acta2Rgs5_Kcnj8.11_4
CB.Mural_Acta2Rgs5_Rgs5.11_5         COVAR   14974   -0.0061587    -0.019242    0.0033538      0.96684 CB.Mural_Acta2Rgs5_Rgs5.11_5
CB.Neuron_Gad1Gad2_Pcp2.2_1          COVAR   14974    0.0023409    0.0066648    0.0062731      0.35451 CB.Neuron_Gad1Gad2_Pcp2.2_1
CB.Neuron_Gad1Gad2_Pvalb-Nef...      COVAR   14974     0.011718     0.033214    0.0072172     0.052237 CB.Neuron_Gad1Gad2_Pvalb-Nefh.3_1
CB.Neuron_Gad1Gad2_Pvalb-Rab...      COVAR   14974    0.0083374     0.024235    0.0067713      0.10912 CB.Neuron_Gad1Gad2_Pvalb-Rab3b.3_2
CB.Neuron_Gad1Gad2_Pvalb-Cad...      COVAR   14974    0.0095956     0.028687    0.0058806      0.05138 CB.Neuron_Gad1Gad2_Pvalb-Cadm1.3_3
CB.Neuron_Gad1Gad2_Pvalb-Chr...      COVAR   14974    0.0033722     0.010023    0.0060214      0.28774 CB.Neuron_Gad1Gad2_Pvalb-Chrm2.3_4
CB.Neuron_Slc17a6_Sln.4_1            COVAR   14974     -0.00273   -0.0080229    0.0061222      0.67217 CB.Neuron_Slc17a6_Sln.4_1
CB.Neuron_Gad1Gad2_Lgi2.4_2          COVAR   14974    0.0049333     0.014395    0.0063723      0.21942 CB.Neuron_Gad1Gad2_Lgi2.4_2
CB.Neuron_Slc17a6_Nrgn.4_3           COVAR   14974    0.0014108    0.0043732    0.0050855      0.39073 CB.Neuron_Slc17a6_Nrgn.4_3
CB.Microglia_C1qb_Mrc1-Tmem1...      COVAR   14974   -0.0036212    -0.011157    0.0036958      0.83641 CB.Microglia_C1qb_Mrc1-Tmem119.5_1
CB.Oligodendroyte_Trf_Il33.6...      COVAR   14974  -0.00072063   -0.0019895    0.0060861      0.54713 CB.Oligodendroyte_Trf_Il33.6_1
CB.Oligodendrocyte_Trf_Klk6....      COVAR   14974   -0.0055815    -0.016196     0.004579      0.88855 CB.Oligodendrocyte_Trf_Klk6.6_2
CB.Polydendrocyte_Tnr_Tnr.6_3        COVAR   14974   -0.0033267    -0.010247    0.0038379      0.80697 CB.Polydendrocyte_Tnr_Tnr.6_3
CB.Astrocyte_Gja_Slc1a3.7_1          COVAR   14974   -0.0094865    -0.025869    0.0062027      0.93691 CB.Astrocyte_Gja_Slc1a3.7_1
CB.Gja1_Gfap.8_1                     COVAR   14974  -0.00071154   -0.0022115    0.0037545      0.57516 CB.Gja1_Gfap.8_1
CB.Gja1_Htra1.8_2                    COVAR   14974    -0.005414    -0.015374    0.0053734      0.84316 CB.Gja1_Htra1.8_2
CB.Choroid_Plexus_Ttr.9_1            COVAR   14974    -0.008205    -0.022722    0.0046037      0.96263 CB.Choroid_Plexus_Ttr.9_1
FC.Neuron_Gad1Gad2_Cplx3.1_1         COVAR   14974     0.025011     0.068727    0.0097718    0.0052456 FC.Neuron_Gad1Gad2_Cplx3.1_1
FC.Neuron_Gad1Gad2-Slc17a8_S...      COVAR   14974     0.018276     0.050637    0.0089766     0.020884 FC.Neuron_Gad1Gad2-Slc17a8_Synpr-Sncg-Yjefn3.1_10
FC.Neuron_Gad1Gad2_Synpr-Snc...      COVAR   14974     0.016826      0.04693    0.0088179     0.028198 FC.Neuron_Gad1Gad2_Synpr-Sncg.1_11
FC.Neuron_Gad1Gad2_Cplx3-Rel...      COVAR   14974     0.026438     0.073023    0.0099591    0.0039743 FC.Neuron_Gad1Gad2_Cplx3-Reln.1_2
FC.Neuron_Gad1Gad2_Synpr-Nna...      COVAR   14974    0.0017882    0.0051914    0.0073043       0.4033 FC.Neuron_Gad1Gad2_Synpr-Nnat.1_3
FC.Neuron_Gad1Gad2_Synpr-Cri...      COVAR   14974     0.015534     0.043472    0.0086612     0.036459 FC.Neuron_Gad1Gad2_Synpr-Crispld2.1_4
FC.Neuron_Gad1Gad2-Chat_Synp...      COVAR   14974     0.011448     0.031512    0.0096959      0.11886 FC.Neuron_Gad1Gad2-Chat_Synpr-Slc5a7.1_5
FC.Neuron_Gad1Gad2_Synpr-Pcd...      COVAR   14974     0.020756     0.057183    0.0097829     0.016942 FC.Neuron_Gad1Gad2_Synpr-Pcdh11x.1_6
FC.Neuron_Gad1Gad2_Synpr-Dpy...      COVAR   14974     0.015267     0.043488     0.008022     0.028522 FC.Neuron_Gad1Gad2_Synpr-Dpy19l1.1_7
FC.Neuron_Gad1Gad2_Cplx3-Dpy...      COVAR   14974    0.0069607     0.020552    0.0064758      0.14122 FC.Neuron_Gad1Gad2_Cplx3-Dpy19l1.1_8
FC.Neuron_Gad1Gad2_Cplx3-Cri...      COVAR   14974     0.017486     0.049975    0.0079099     0.013536 FC.Neuron_Gad1Gad2_Cplx3-Crim1.1_9
FC.Polydendrocyte_Tnr_Cspg5....      COVAR   14974    0.0074106     0.020256     0.008213      0.18346 FC.Polydendrocyte_Tnr_Cspg5.10_1
FC.Polydendrocyte_Tnr_Dlx1.1...      COVAR   14974   -0.0089398    -0.025567    0.0057845      0.93887 FC.Polydendrocyte_Tnr_Dlx1.10_2
FC.Polydendrocyte_Tnr_Pdgfa....      COVAR   14974   -0.0037059    -0.010312    0.0068545      0.70562 FC.Polydendrocyte_Tnr_Pdgfa.10_3
FC.Polydendrocyte_Tnr_Opalin...      COVAR   14974   -0.0023172    -0.006581    0.0055939      0.66065 FC.Polydendrocyte_Tnr_Opalin.10_4
FC.Polydendrocyte_Tnr_Bmp4-_...      COVAR   14974    -0.011065    -0.030807    0.0072042      0.93772 FC.Polydendrocyte_Tnr_Bmp4-_Ptgds.10_5
FC.Polydendrocyte_Tnr_Bmp4-G...      COVAR   14974     0.001646    0.0046688    0.0071103      0.40847 FC.Polydendrocyte_Tnr_Bmp4-Gpr17.10_6
FC.Microglia_C1qb_Tmem119.11...      COVAR   14974   -0.0034568   -0.0091024    0.0070187      0.68882 FC.Microglia_C1qb_Tmem119.11_1
FC.Neuron_Slc17a6_Reln.11_2          COVAR   14974   -0.0095961    -0.030591    0.0042193      0.98852 FC.Neuron_Slc17a6_Reln.11_2
FC.Macrophage_C1qb_Mrc1.11_3         COVAR   14974    -0.003612    -0.010107    0.0052279      0.75518 FC.Macrophage_C1qb_Mrc1.11_3
FC.Microglia_C1qb_Tmem119-Fo...      COVAR   14974   -0.0062249    -0.019674    0.0033713      0.96757 FC.Microglia_C1qb_Tmem119-Fos.11_4
FC.Endothelial_Stalk_Flt1_Gk...      COVAR   14974    -0.015369    -0.040953    0.0065715      0.99032 FC.Endothelial_Stalk_Flt1_Gkn3.12_1
FC.Endothelial_Stalk_Flt1_Mg...      COVAR   14974   -0.0030303   -0.0086224    0.0051096      0.72342 FC.Endothelial_Stalk_Flt1_Mgp.12_2
FC.Endothelial_Stalk_Flt1_Ca...      COVAR   14974    -0.013597    -0.036412     0.006628      0.97988 FC.Endothelial_Stalk_Flt1_Car4.12_3
FC.Endothelial_Stalk_Flt1_Cf...      COVAR   14974    -0.012102    -0.032575     0.006365      0.97136 FC.Endothelial_Stalk_Flt1_Cfh.12_4
FC.Endothelial_Stalk_Flt1_Lr...      COVAR   14974   -0.0068298    -0.020594    0.0043096      0.94348 FC.Endothelial_Stalk_Flt1_Lrg1.12_5
FC.Mural_Rgs5Acta2_Cnn1.13_1         COVAR   14974     -0.01318    -0.035201    0.0062819      0.98204 FC.Mural_Rgs5Acta2_Cnn1.13_1
FC.Mural_Rgs5Acta2_Ccnd1.13_2        COVAR   14974    -0.014342    -0.038469     0.006347      0.98807 FC.Mural_Rgs5Acta2_Ccnd1.13_2
FC.Mural_Rgs5Acta2_Abcc9.13_3        COVAR   14974    -0.016787    -0.047617      0.00576      0.99822 FC.Mural_Rgs5Acta2_Abcc9.13_3
FC.Mural_Rgs5Acta2_Col3a1.13...      COVAR   14974    -0.014261    -0.042114    0.0046449      0.99893 FC.Mural_Rgs5Acta2_Col3a1.13_4
FC.Endothelial_Tip_Dcn_15000...      COVAR   14974    -0.012178    -0.034337    0.0054842       0.9868 FC.Endothelial_Tip_Dcn_1500015O10Rik.14_1
FC.Endothelial_Tip_Dcn_Dapl1...      COVAR   14974    -0.011449     -0.03231    0.0051774      0.98649 FC.Endothelial_Tip_Dcn_Dapl1.14_2
FC.Endothelial_Tip_Dcn_Coch....      COVAR   14974   -0.0090517    -0.026185     0.004877      0.96826 FC.Endothelial_Tip_Dcn_Coch.14_3
FC.Endothelial_Tip_Dcn_Col15...      COVAR   14974    -0.016079    -0.044192    0.0060993       0.9958 FC.Endothelial_Tip_Dcn_Col15a1.14_4
FC.Endothelial_Tip_Dcn_Inmt....      COVAR   14974   -0.0077151    -0.023825    0.0039191      0.97549 FC.Endothelial_Tip_Dcn_Inmt.14_5
FC.Neuron_Gad1Gad2_Sst-Chodl...      COVAR   14974    0.0075238      0.02141    0.0070759      0.14383 FC.Neuron_Gad1Gad2_Sst-Chodl.2_1
FC.Neuron_Gad1Gad2-Th_Nr4a2....      COVAR   14974     0.011778     0.032876    0.0083402     0.078962 FC.Neuron_Gad1Gad2-Th_Nr4a2.2_10
FC.Neuron_Gad1Gad2_Sst-Pdyn....      COVAR   14974    0.0086364     0.023806     0.008816      0.16364 FC.Neuron_Gad1Gad2_Sst-Pdyn.2_2
FC.Neuron_Gad1Gad2_Sst-Calb2...      COVAR   14974     0.015357     0.043313    0.0083443      0.03286 FC.Neuron_Gad1Gad2_Sst-Calb2.2_3
FC.Neuron_Gad1Gad2_Sst-Crh.2...      COVAR   14974     0.010917     0.030177    0.0091092      0.11539 FC.Neuron_Gad1Gad2_Sst-Crh.2_4
FC.Neuron_Gad1Gad2_Sst-Nr2f2...      COVAR   14974     0.014793     0.041189    0.0087657      0.04575 FC.Neuron_Gad1Gad2_Sst-Nr2f2.2_5
FC.Neuron_Gad1Gad2_Pvalb-Unc...      COVAR   14974     0.015069     0.043322    0.0071821     0.017958 FC.Neuron_Gad1Gad2_Pvalb-Unc5b.2_6
FC.Neuron_Gad1Gad2_Pvalb.2_7         COVAR   14974     0.028521     0.078279    0.0094584    0.0012853 FC.Neuron_Gad1Gad2_Pvalb.2_7
FC.Neuron_Gad1Gad2_Pvalb-Nef...      COVAR   14974     0.020282     0.055591    0.0089023     0.011361 FC.Neuron_Gad1Gad2_Pvalb-Nefm.2_8
FC.Neuron_Gad1Gad2_Pvalb-Nec...      COVAR   14974     0.022256     0.060761    0.0095059    0.0096162 FC.Neuron_Gad1Gad2_Pvalb-Necab1.2_9
FC.Neuron_Slc17a7_Syt6-Sema5...      COVAR   14974     0.016127     0.044265    0.0098481     0.050771 FC.Neuron_Slc17a7_Syt6-Sema5a.3_1
FC.Neuron_Slc17a7-Slc17a8_Sy...      COVAR   14974     0.024018     0.066803    0.0092266     0.004624 FC.Neuron_Slc17a7-Slc17a8_Syt6-Cplx3.3_10
FC.Neuron_Slc17a7_Syt6-Bdnf....      COVAR   14974    0.0080555     0.023331    0.0072879      0.13452 FC.Neuron_Slc17a7_Syt6-Bdnf.3_11
FC.Neuron_Slc17a7_Syt6-Kit.3...      COVAR   14974     0.013927     0.038519    0.0099171     0.080126 FC.Neuron_Slc17a7_Syt6-Kit.3_12
FC.Neuron_Slc17a7_Syt6-Fos.3...      COVAR   14974     0.010087     0.028144    0.0093788      0.14108 FC.Neuron_Slc17a7_Syt6-Fos.3_13
FC.Neuron_Slc17a7_Syt6-Etv1....      COVAR   14974    0.0083879      0.02367    0.0088676      0.17211 FC.Neuron_Slc17a7_Syt6-Etv1.3_2
FC.Neuron_Slc17a7_Syt6-Efna5...      COVAR   14974     0.013252     0.036375    0.0098203     0.088612 FC.Neuron_Slc17a7_Syt6-Efna5.3_3
FC.Neuron_Slc17a7_Syt6-Cyp26...      COVAR   14974     0.018073     0.049824    0.0096751     0.030893 FC.Neuron_Slc17a7_Syt6-Cyp26b1.3_4
FC.Neuron_Slc17a7_Syt6-Slc30...      COVAR   14974     0.019532     0.053799    0.0092882     0.017746 FC.Neuron_Slc17a7_Syt6-Slc30a3.3_5
FC.Neuron_Slc17a7_Syt6-Slc24...      COVAR   14974     0.017031     0.047549    0.0073901     0.010601 FC.Neuron_Slc17a7_Syt6-Slc24a2.3_6
FC.Neuron_Slc17a7_Syt6-Lypd1...      COVAR   14974     0.014307     0.039363    0.0098012     0.072193 FC.Neuron_Slc17a7_Syt6-Lypd1.3_7
FC.NeuronSlc17a7-Slc17a6_Syt...      COVAR   14974    0.0095941      0.02652    0.0099669      0.16788 FC.NeuronSlc17a7-Slc17a6_Syt6-Nnat.3_8
FC.Neuron_Slc17a7_Syt6-Sema3...      COVAR   14974     0.010211     0.028216    0.0096935      0.14609 FC.Neuron_Slc17a7_Syt6-Sema3c.3_9
FC.Neuron_Slc17a6-Slc17a7-Sl...      COVAR   14974     0.016097     0.044224     0.010418     0.061166 FC.Neuron_Slc17a6-Slc17a7-Slc17a8_Fezf2_Slc17a8.4_1
FC.Neuron_Slc17a6-Slc17a7_Fe...      COVAR   14974     0.007877     0.022402    0.0080074      0.16264 FC.Neuron_Slc17a6-Slc17a7_Fezf2_3110035E14Rik.4_2
FC.Neuron_Slc17a6-Slc17a7_Nr...      COVAR   14974     0.013168     0.036035    0.0097135     0.087617 FC.Neuron_Slc17a6-Slc17a7_Nr4a2.5_1
FC.Neuron_Slc17a7_Nptxr-Calb...      COVAR   14974     0.016793     0.045651    0.0097467     0.042463 FC.Neuron_Slc17a7_Nptxr-Calb1.6_1
FC.Neuron_Slc17a7_Nptxr-Ndst...      COVAR   14974    0.0082941     0.022876     0.009503       0.1914 FC.Neuron_Slc17a7_Nptxr-Ndst4.6_2
FC.Neuron_Slc17a7-Slc17a6_Np...      COVAR   14974     0.020671     0.056305     0.009982     0.019196 FC.Neuron_Slc17a7-Slc17a6_Nptxr-Rorb.6_3
FC.Neuron_Slc17a7_Nptxr-Dept...      COVAR   14974     0.015503     0.042233     0.010155     0.063446 FC.Neuron_Slc17a7_Nptxr-Deptor.6_4
FC.Neuron_Slc17a7_Nptxr-Fos....      COVAR   14974     0.010234     0.028216    0.0094093      0.13837 FC.Neuron_Slc17a7_Nptxr-Fos.6_5
FC.Neuron_Slc17a7_Nptxr-Drd1...      COVAR   14974    0.0047295       0.0148    0.0033461     0.078778 FC.Neuron_Slc17a7_Nptxr-Drd1.6_6
FC.Neuron_Slc17a7_Parm1_Ndnf...      COVAR   14974     0.020169     0.055798    0.0092175     0.014338 FC.Neuron_Slc17a7_Parm1_Ndnf.7_1
FC.Neuron_Slc17a7_Parm1_Nnat...      COVAR   14974     0.024191     0.067421    0.0091052    0.0039476 FC.Neuron_Slc17a7_Parm1_Nnat.7_2
FC.Neuron_Slc17a7_Parm1_Lsam...      COVAR   14974     0.024201     0.066146    0.0098099    0.0068175 FC.Neuron_Slc17a7_Parm1_Lsamp.7_3
FC.Neuron_Slc17a7_Parm1_Fos....      COVAR   14974   0.00021918   0.00067324    0.0051548      0.48304 FC.Neuron_Slc17a7_Parm1_Fos.7_4
FC.Neuron_Slc17a7_Parm1_Cadm...      COVAR   14974     0.014408     0.040147    0.0069244     0.018736 FC.Neuron_Slc17a7_Parm1_Cadm2.7_5
FC.Neuron_Slc17a7_Parm1_Nefm...      COVAR   14974     0.021521     0.058654    0.0098259     0.014263 FC.Neuron_Slc17a7_Parm1_Nefm.7_6
FC.Neuron_Slc17a7_Parm1_Tshz...      COVAR   14974     0.015655     0.043602    0.0085772     0.033999 FC.Neuron_Slc17a7_Parm1_Tshz2.7_7
FC.Astrocyte_Gja1.8_1                COVAR   14974   -0.0026014    -0.006728    0.0079208       0.6287 FC.Astrocyte_Gja1.8_1
FC.Astrocyte_Gja1_Myoc.8_2           COVAR   14974   -0.0041062    -0.010675    0.0075455      0.70684 FC.Astrocyte_Gja1_Myoc.8_2
FC.Oligodendrocyte_Tnf_Igsf8...2     COVAR   14974   0.00070666    0.0018603    0.0077666      0.46375 FC.Oligodendrocyte_Tnf_Igsf8.9_1
FC.Oligodendrocyte_Tnf_Igsf8...1     COVAR   14974   -0.0010899   -0.0030087    0.0062407      0.56932 FC.Oligodendrocyte_Tnf_Igsf8-Ctps.9_2
FC.Oligodendrocyte_Tnf_Kif5b...      COVAR   14974   0.00031022   0.00081916    0.0080354       0.4846 FC.Oligodendrocyte_Tnf_Kif5b.9_3
FC.Oligodendrocyte_Tnf_Ptgds...      COVAR   14974    0.0015028    0.0039257    0.0084973      0.42981 FC.Oligodendrocyte_Tnf_Ptgds.9_4
FC.Oligodendrocyte_Tnf_Klk6....      COVAR   14974    0.0012094    0.0032181    0.0077212      0.43777 FC.Oligodendrocyte_Tnf_Klk6.9_5
PC.Neuron_Slc17a7_Syt6-Cplx3...      COVAR   14974     0.022823     0.064012     0.008987    0.0055552 PC.Neuron_Slc17a7_Syt6-Cplx3.1_1
PC.Neuron_Slc17a7-Slc17a8_Sy...      COVAR   14974     0.010456     0.031117    0.0062403     0.046925 PC.Neuron_Slc17a7-Slc17a8_Syt6-Lancl3.1_2
PC.Neuron_Slc17a7_Syt6-Tshz2...      COVAR   14974    0.0076218      0.02124    0.0096467      0.21474 PC.Neuron_Slc17a7_Syt6-Tshz2-Nrep.1_3
PC.Neuron_Slc17a7_Syt6-Sla.1...      COVAR   14974     0.015783      0.04375     0.010101     0.059086 PC.Neuron_Slc17a7_Syt6-Sla.1_4
PC.Neuron_Slc17a7_Syt6-Nnat....      COVAR   14974    0.0061805     0.017571    0.0085184      0.23407 PC.Neuron_Slc17a7_Syt6-Nnat.1_5
PC.Neuron_Slc17a7_Syt6-Slc24...      COVAR   14974     0.018748     0.054279    0.0064473    0.0018224 PC.Neuron_Slc17a7_Syt6-Slc24a2.1_6
PC.Neuron_Slc17a7_Syt6-Tox.1...      COVAR   14974     0.015066     0.042118    0.0097199     0.060578 PC.Neuron_Slc17a7_Syt6-Tox.1_7
PC.Neuron_Slc17a7_Syt6-Nefm....      COVAR   14974      0.01896     0.052554    0.0098573     0.027223 PC.Neuron_Slc17a7_Syt6-Nefm.1_8
PC.Neuron_Slc17a7_Syt6-Fos.1...      COVAR   14974     0.016031     0.044812    0.0094435     0.044805 PC.Neuron_Slc17a7_Syt6-Fos.1_9
PC.Polydendrocyte_Tnr_Cspg5....      COVAR   14974    0.0077179     0.021338    0.0078838      0.16381 PC.Polydendrocyte_Tnr_Cspg5.10_1
PC.Polydendrocyte_Tnr_Dlx1.1...      COVAR   14974    -0.010712     -0.03223    0.0048169      0.98691 PC.Polydendrocyte_Tnr_Dlx1.10_2
PC.Polydendrocyte_Tnr_Tmsb4x...      COVAR   14974   -0.0082781    -0.023388    0.0070892      0.87853 PC.Polydendrocyte_Tnr_Tmsb4x.10_3
PC.Polydendrocyte_Tnr_Lims2-...      COVAR   14974   0.00036019    0.0010736    0.0058538      0.47547 PC.Polydendrocyte_Tnr_Lims2-Tmsb4x.10_4
PC.Microglia_C1qb_Tmem119.11...      COVAR   14974     0.010326     0.027683    0.0069822     0.069596 PC.Microglia_C1qb_Tmem119.11_1
PC.Macrophage_C1qb_Mrc1.11_2         COVAR   14974   -0.0034348   -0.0098738     0.005086      0.75027 PC.Macrophage_C1qb_Mrc1.11_2
PC.Microglia_C1qb_Tmem119-Fo...      COVAR   14974   -0.0040581    -0.012308     0.003213       0.8967 PC.Microglia_C1qb_Tmem119-Fos.11_3
PC.Microglia_C1qb_Tmem119-Ju...      COVAR   14974  -0.00037246   -0.0010438    0.0032903      0.54506 PC.Microglia_C1qb_Tmem119-Junb.11_4
PC.Endothelial_Stalk_Flt1_Ca...      COVAR   14974    -0.015804    -0.043333    0.0062513      0.99426 PC.Endothelial_Stalk_Flt1_Car4.12_1
PC.Endothelial_Stalk_Flt1_Vw...      COVAR   14974    -0.009736    -0.026874     0.005867      0.95148 PC.Endothelial_Stalk_Flt1_Vwf.12_2
PC.Endothelial_Stalk_Flt1_Gm...      COVAR   14974     -0.01305    -0.035304    0.0063842      0.97952 PC.Endothelial_Stalk_Flt1_Gm9946.12_3
PC.Endothelial_Stalk_Flt1_Gk...      COVAR   14974   -0.0093128    -0.025974     0.005621      0.95121 PC.Endothelial_Stalk_Flt1_Gkn3.12_4
PC.Mural_Acta2Rgs5_Acta2.13_1        COVAR   14974   -0.0074114     -0.02037    0.0058574      0.89711 PC.Mural_Acta2Rgs5_Acta2.13_1
PC.Mural_Acta2Rgs5_Fos.13_2          COVAR   14974   -0.0077315     -0.02387    0.0036032      0.98404 PC.Mural_Acta2Rgs5_Fos.13_2
PC.Mural_Acta2Rgs5Rgs5.13_3          COVAR   14974   -0.0098595    -0.027639    0.0056096      0.96058 PC.Mural_Acta2Rgs5Rgs5.13_3
PC.Mural_Acta2Rgs5_Kcnj8-Abc...      COVAR   14974    -0.010739    -0.032785    0.0044017      0.99265 PC.Mural_Acta2Rgs5_Kcnj8-Abcc9.13_4
PC.Mural_Acta2Rgs5_Abcc9.13_5        COVAR   14974   -0.0077634    -0.024456    0.0038019      0.97942 PC.Mural_Acta2Rgs5_Abcc9.13_5
PC.Endothelial_Tip_Dcn_Mgp-P...      COVAR   14974   -0.0082365    -0.022454     0.006363      0.90223 PC.Endothelial_Tip_Dcn_Mgp-Penk.14_1
PC.Endothelial_Tip_Dcn_Mgp-C...      COVAR   14974   -0.0085975     -0.02422    0.0054607       0.9423 PC.Endothelial_Tip_Dcn_Mgp-Clu.14_2
PC.Endothelial_Tip_Dcn_Nnat....      COVAR   14974   -0.0079201    -0.022187    0.0049059      0.94677 PC.Endothelial_Tip_Dcn_Nnat.14_3
PC.Endothelial_Tip_Dcn_Coch....      COVAR   14974   -0.0059771      -0.0166    0.0055105      0.86096 PC.Endothelial_Tip_Dcn_Coch.14_4
PC.Endothelial_Tip_Dcn_Inmt....      COVAR   14974   -0.0073022    -0.022013    0.0042297      0.95785 PC.Endothelial_Tip_Dcn_Inmt.14_5
PC.Neuron_Sc17a7_Calb1-Ddit4...      COVAR   14974     0.024183     0.066248    0.0095646    0.0057349 PC.Neuron_Sc17a7_Calb1-Ddit4l.2_1
PC.Neuron_Slc17a7-Slc17a6_Ro...      COVAR   14974     0.022104     0.061047    0.0097196     0.011485 PC.Neuron_Slc17a7-Slc17a6_Rorb-Pcdh20.2_10
PC.Neuron_Sc17a7_Rorb-Gpr83....      COVAR   14974     0.021025     0.057886    0.0099966     0.017733 PC.Neuron_Sc17a7_Rorb-Gpr83.2_11
PC.Neuron_Sc17a7_Fermt1.2_12         COVAR   14974     0.010718     0.029531    0.0096687      0.13382 PC.Neuron_Sc17a7_Fermt1.2_12
PC.Neuron_Slc17a7-Slc17a6_Ca...      COVAR   14974     0.024737     0.068124     0.010276     0.008042 PC.Neuron_Slc17a7-Slc17a6_Calb1-Rorb-Il1rapl2.2_13
PC.Neuron_Slc17a7-Slc17a6_Ts...7     COVAR   14974     0.019979     0.055066     0.010229     0.025416 PC.Neuron_Slc17a7-Slc17a6_Tshz2.2_14
PC.Neuron_Sc17a7_Oprk1.2_15          COVAR   14974     0.019579     0.054626    0.0084829     0.010504 PC.Neuron_Sc17a7_Oprk1.2_15
PC.Neuron_Sc17a7_Crym.2_16           COVAR   14974     0.015529     0.042494     0.009763     0.055865 PC.Neuron_Sc17a7_Crym.2_16
PC.Neuron_Sc17a7_Sema3e-Nnat...      COVAR   14974     0.020898     0.057587     0.010163     0.019884 PC.Neuron_Sc17a7_Sema3e-Nnat.2_17
PC.Neuron_Sc17a7_Sema3e-Onec...      COVAR   14974     0.019437     0.053694    0.0096078     0.021542 PC.Neuron_Sc17a7_Sema3e-Onecut2.2_18
PC.Neuron_Sc17a7_Calb1-Tshz2...      COVAR   14974     0.016714       0.0462    0.0099272      0.04613 PC.Neuron_Sc17a7_Calb1-Tshz2.2_2
PC.Neuron_Sc17a7_Tshz2-Smoc1...      COVAR   14974      0.02113       0.0592    0.0088976     0.008786 PC.Neuron_Sc17a7_Tshz2-Smoc1.2_3
PC.Neuron_Sc17a7_Calb1-Fos.2...      COVAR   14974      0.01621     0.044737    0.0090388     0.036463 PC.Neuron_Sc17a7_Calb1-Fos.2_4
PC.Neuron_Sc17a7_Calb1-Lpl.2...      COVAR   14974     0.024075     0.065872    0.0097131    0.0066004 PC.Neuron_Sc17a7_Calb1-Lpl.2_5
PC.Neuron_Sc17a7_Calb1-Otof....      COVAR   14974      0.02366     0.064707     0.009653     0.007127 PC.Neuron_Sc17a7_Calb1-Otof.2_6
PC.Neuron_Sc17a7_Calb1-Lpl-P...      COVAR   14974     0.019644     0.054065    0.0091123     0.015558 PC.Neuron_Sc17a7_Calb1-Lpl-Penk.2_7
PC.Neuron_Sc17a7_Calb1-Lpl-C...      COVAR   14974     0.015282     0.043637    0.0065731     0.010043 PC.Neuron_Sc17a7_Calb1-Lpl-Cadm2.2_8
PC.Neuron_Sc17a7_Rorb-BC0069...      COVAR   14974     0.025654     0.070861    0.0097703    0.0043284 PC.Neuron_Sc17a7_Rorb-BC006965.2_9
PC.Neuron_Slc17a7_Bcl6-Cbln1...      COVAR   14974     0.024402      0.06787    0.0090613    0.0035452 PC.Neuron_Slc17a7_Bcl6-Cbln1.3_1
PC.Neuron_Slc17a7_Bcl6-Npnt....      COVAR   14974     0.026545      0.07415    0.0090729    0.0017207 PC.Neuron_Slc17a7_Bcl6-Npnt.3_10
PC.Neuron_Slc17a7_Bcl6-Dditl...      COVAR   14974     0.018559      0.05205    0.0090894     0.020594 PC.Neuron_Slc17a7_Bcl6-Dditl.3_2
PC.Neuron_Slc17a7_Bcl6-C1ql2...      COVAR   14974     0.027446     0.076241    0.0093235    0.0016237 PC.Neuron_Slc17a7_Bcl6-C1ql2.3_3
PC.Neuron_Slc17a7_Bcl6-Tcerg...      COVAR   14974     0.023579     0.065282     0.009884    0.0085335 PC.Neuron_Slc17a7_Bcl6-Tcerg1l.3_4
PC.Neuron_Slc17a7_Bcl6-Fos.3...      COVAR   14974     0.025907     0.072042    0.0090588    0.0021223 PC.Neuron_Slc17a7_Bcl6-Fos.3_5
PC.Neuron_Slc17a7_Bcl6-Ndst4...      COVAR   14974    0.0063585     0.019387    0.0052194      0.11158 PC.Neuron_Slc17a7_Bcl6-Ndst4.3_6
PC.Neuron_Slc17a7_Bcl6-Ptgfr...      COVAR   14974    0.0032155     0.010173    0.0043352      0.22914 PC.Neuron_Slc17a7_Bcl6-Ptgfr.3_7
PC.Neuron_Slc17a7_Bcl6-Tshz2...      COVAR   14974     0.021029     0.058556    0.0085966    0.0072254 PC.Neuron_Slc17a7_Bcl6-Tshz2-Syt2.3_8
PC.Neuron_Slc17a7_Bcl6-Pvalb...      COVAR   14974     0.013046     0.036159    0.0089152     0.071704 PC.Neuron_Slc17a7_Bcl6-Pvalb.3_9
PC.Neuron_Gad1Gad2_Cplx3-Rel...      COVAR   14974     0.028546     0.079448    0.0096448    0.0015419 PC.Neuron_Gad1Gad2_Cplx3-Reln.4_1
PC.Neuron_Gad1Gad2_Cplx3-Npy...      COVAR   14974     0.021172      0.05954    0.0086537     0.007216 PC.Neuron_Gad1Gad2_Cplx3-Npy.4_2
PC.Neuron_Gad1Gad2_Cplx3-Egl...      COVAR   14974     0.013219     0.037731    0.0083673     0.057086 PC.Neuron_Gad1Gad2_Cplx3-Egln3.4_3
PC.Neuron_Gad1Gad2-Slc17a8_S...      COVAR   14974    0.0054658     0.015662     0.007397      0.22998 PC.Neuron_Gad1Gad2-Slc17a8_Synpr-Sncg-Yjefn3.4_4
PC.Neuron_Gad1Gad2_Synpr-Snc...      COVAR   14974       0.0208     0.060262    0.0072637    0.0020972 PC.Neuron_Gad1Gad2_Synpr-Sncg.4_5
PC.Neuron_Gad1Gad2_Synpr-Nna...      COVAR   14974    0.0045566     0.013765    0.0060465      0.22555 PC.Neuron_Gad1Gad2_Synpr-Nnat.4_6
PC.Neuron_Gad1Gad2_Synpr-Cri...      COVAR   14974    0.0068542     0.019549    0.0077606      0.18857 PC.Neuron_Gad1Gad2_Synpr-Crispld2.4_7
PC.Neuron_Gad1Gad2-Chat_Synp...      COVAR   14974     0.010566     0.029478     0.009336      0.12888 PC.Neuron_Gad1Gad2-Chat_Synpr-Slc5a7.4_8
PC.Neuron_Gad1Gad2_Synpr-Pcd...      COVAR   14974    0.0046292     0.012952    0.0091166      0.30581 PC.Neuron_Gad1Gad2_Synpr-Pcdh11x.4_9
PC.Neuron_Gad1Gad2_Pvalb-Unc...      COVAR   14974    0.0068114     0.020919     0.004976     0.085533 PC.Neuron_Gad1Gad2_Pvalb-Unc5b.5_1
PC.Neuron_Gad1Gad2_Pvalb-Nef...      COVAR   14974     0.024129     0.065878    0.0091203    0.0040816 PC.Neuron_Gad1Gad2_Pvalb-Nefm.5_2
PC.Neuron_Gad1Gad2_Pvalb-Car...      COVAR   14974      0.02716     0.074704    0.0092432    0.0016521 PC.Neuron_Gad1Gad2_Pvalb-Cartpt.5_3
PC.Neuron_Gad1Gad2-Th_Nr4a2....      COVAR   14974    0.0066971     0.020322    0.0053429      0.10503 PC.Neuron_Gad1Gad2-Th_Nr4a2.5_4
PC.Neuron_Gad1Gad2_Sst-Crh.5...      COVAR   14974      0.01402     0.039465    0.0081354     0.042427 PC.Neuron_Gad1Gad2_Sst-Crh.5_5
PC.Neuron_Gad1Gad2_Sst-Pdyn....      COVAR   14974     0.017736     0.048634    0.0090736      0.02532 PC.Neuron_Gad1Gad2_Sst-Pdyn.5_6
PC.Neuron_Gad1Gad2_Sst-Nr2f2...      COVAR   14974    0.0085432     0.025223     0.006216     0.084672 PC.Neuron_Gad1Gad2_Sst-Nr2f2.5_7
PC.Neuron_Slc17a7-Slc17a6_Sh...      COVAR   14974     0.013598     0.037522     0.010475     0.097125 PC.Neuron_Slc17a7-Slc17a6_Shisa8.6_1
PC.Neuron_Slc17a7-Slc17a6_Ts...2     COVAR   14974    0.0044673     0.013546    0.0057933      0.22033 PC.Neuron_Slc17a7-Slc17a6_Tshz2-Fos.6_2
PC.Neuron_Slc17a7-Slc17a6_Ts...6     COVAR   14974    0.0099845     0.028452    0.0084708      0.11927 PC.Neuron_Slc17a7-Slc17a6_Tshz2-Rasd1.6_3
PC.Neuron_Slc17a7-Slc17a6_Ts...3     COVAR   14974     0.011585     0.033827     0.007134     0.052207 PC.Neuron_Slc17a7-Slc17a6_Tshz2-Nnat.6_4
PC.Neuron_Slc17a7-Slc17a6_Ts...1     COVAR   14974    0.0095241     0.026282    0.0097386      0.16405 PC.Neuron_Slc17a7-Slc17a6_Tshz2-Cabp7.6_5
PC.Neuron_Slc17a7-Slc17a6_Ts...4     COVAR   14974     0.017895     0.049453      0.01007     0.037784 PC.Neuron_Slc17a7-Slc17a6_Tshz2-Npnt.6_6
PC.Neuron_Slc17a7-Slc17a6_Ts...5     COVAR   14974   -0.0067022    -0.018915    0.0088214       0.7763 PC.Neuron_Slc17a7-Slc17a6_Tshz2-Prlr.6_7
PC.Neuron_Slc17a7-Slc17a8_Fe...      COVAR   14974     0.012139     0.034166    0.0091026     0.091186 PC.Neuron_Slc17a7-Slc17a8_Fezf2-Slc17a8.7_1
PC.Neuron_Slc17a7-Slc17a6_Fe...2     COVAR   14974    0.0056578     0.015739    0.0094838       0.2754 PC.Neuron_Slc17a7-Slc17a6_Fezf2-Htr2c.7_2
PC.Neuron_Slc17a7-Slc17a6_Fe...1     COVAR   14974     0.012376     0.035464    0.0081023     0.063333 PC.Neuron_Slc17a7-Slc17a6_Fezf2-3110035E14Rik.7_3
PC.Astrocyte_Gja1_Igfbp2.8_1         COVAR   14974   4.2191e-05    0.0001104     0.007597      0.49778 PC.Astrocyte_Gja1_Igfbp2.8_1
PC.Astrocyte_Gja1_Myoc.8_2           COVAR   14974   0.00049846    0.0012989    0.0076243      0.47394 PC.Astrocyte_Gja1_Myoc.8_2
PC.Astrocyte_Gja1_Sparc.8_3          COVAR   14974   0.00094862    0.0025115    0.0073478      0.44864 PC.Astrocyte_Gja1_Sparc.8_3
PC.Oligodendrocyte_Tfr_Ctps....      COVAR   14974    0.0033895    0.0090655    0.0076357      0.32856 PC.Oligodendrocyte_Tfr_Ctps.9_1
PC.Oligodendrocyte_Tfr_Tmem2...      COVAR   14974   -0.0035401     -0.01065    0.0047958      0.76979 PC.Oligodendrocyte_Tfr_Tmem2.9_2
PC.Oligodendrocyte_Tfr_Klk6....      COVAR   14974    0.0012392    0.0033798    0.0070916      0.43064 PC.Oligodendrocyte_Tfr_Klk6.9_3
PC.Oligodendrocyte_Tfr_Il33....      COVAR   14974    0.0022635    0.0060192    0.0082141      0.39144 PC.Oligodendrocyte_Tfr_Il33.9_4
PC.Oligodendrocyte_Tfr_Sez6....      COVAR   14974   -0.0031209   -0.0085778    0.0068652       0.6753 PC.Oligodendrocyte_Tfr_Sez6.9_5
ENT.Oligodendrocyte_Trf_Serp...      COVAR   14974    0.0015853    0.0042653     0.006484      0.40343 ENT.Oligodendrocyte_Trf_Serpinb1a.1_1
ENT.Oligodendrocyte_Trf_Klk6...      COVAR   14974  -0.00023731  -0.00063967    0.0063112        0.515 ENT.Oligodendrocyte_Trf_Klk6.1_2
ENT.Oligodendrocyte_Trf_Ndrg...1     COVAR   14974  -3.8438e-05  -0.00010329    0.0066863      0.50229 ENT.Oligodendrocyte_Trf_Ndrg2.1_3
ENT.Oligodendrocyte_Trf_Il33...      COVAR   14974  -0.00022355  -0.00059998    0.0065853      0.51354 ENT.Oligodendrocyte_Trf_Il33.1_4
ENT.Oligodendrocyte_Trf_Ctps...      COVAR   14974    0.0021154    0.0058024    0.0060532      0.36337 ENT.Oligodendrocyte_Trf_Ctps.1_5
ENT.Endothelial_Stalk_Flt1_C...      COVAR   14974    -0.013773     -0.03871    0.0052973      0.99533 ENT.Endothelial_Stalk_Flt1_Car4.2_1
ENT.Endothelial_Stalk_Flt1_V...      COVAR   14974   -0.0080864     -0.02351    0.0046658      0.95845 ENT.Endothelial_Stalk_Flt1_Vwf.2_2
ENT.Endothelial_Stalk_Flt1_T...      COVAR   14974    -0.011573      -0.0328    0.0051823      0.98723 ENT.Endothelial_Stalk_Flt1_Tgfb2.2_3
ENT.Endothelial_Stalk_Flt1_G...      COVAR   14974   -0.0088541    -0.024981     0.005124      0.95799 ENT.Endothelial_Stalk_Flt1_Gkn3.2_4
ENT.Mural_Rgs5Acta2_Kcnj8.3_1        COVAR   14974   -0.0049757    -0.015175    0.0040596      0.88983 ENT.Mural_Rgs5Acta2_Kcnj8.3_1
ENT.Endothelial_Tip_Dcn.3_2          COVAR   14974   -0.0085873    -0.026088    0.0038785      0.98658 ENT.Endothelial_Tip_Dcn.3_2
ENT.Mural_Rgs5Acta2_Pdgfa.3_3        COVAR   14974   -0.0069008    -0.021419     0.003673      0.96986 ENT.Mural_Rgs5Acta2_Pdgfa.3_3
ENT.Mural_Rgs5Acta2_Ccnd1.3_4        COVAR   14974    -0.012492    -0.036276      0.00464      0.99645 ENT.Mural_Rgs5Acta2_Ccnd1.3_4
ENT.Mural_Rgs5Acta2_Cnn1.3_5         COVAR   14974   -0.0053409    -0.015728    0.0043426      0.89062 ENT.Mural_Rgs5Acta2_Cnn1.3_5
ENT.Mural_Rgs5Acta2_Junb.3_6         COVAR   14974   -0.0042649    -0.013015    0.0032641      0.90432 ENT.Mural_Rgs5Acta2_Junb.3_6
ENT.Neuron_Slc17a7_Zbtb20.4_1        COVAR   14974   -0.0057416    -0.017849    0.0048426      0.88211 ENT.Neuron_Slc17a7_Zbtb20.4_1
ENT.Neuron_Gad1Gad2_Pmch.4_10        COVAR   14974    0.0047689      0.01512    0.0037914      0.10424 ENT.Neuron_Gad1Gad2_Pmch.4_10
ENT.Neuron_Gad1Gad2_Otx2.4_11        COVAR   14974   -0.0080093    -0.026099    0.0037357      0.98398 ENT.Neuron_Gad1Gad2_Otx2.4_11
ENT.Neuron_Gad1Gad2-Chat.4_12        COVAR   14974    0.0053259     0.016863    0.0038361     0.082523 ENT.Neuron_Gad1Gad2-Chat.4_12
ENT.Neuron_Gad1Gad2_Six3-Pva...      COVAR   14974    0.0067422     0.019298    0.0076717      0.18975 ENT.Neuron_Gad1Gad2_Six3-Pvalb.4_2
ENT.Neuron_Gad1Gad2-Slc17a6_...      COVAR   14974     0.014265     0.041184    0.0069076     0.019463 ENT.Neuron_Gad1Gad2-Slc17a6_Cbln1.4_3
ENT.Neuron_Gad1Gad2_Dlk1.4_4         COVAR   14974     0.022328     0.060804    0.0097264     0.010857 ENT.Neuron_Gad1Gad2_Dlk1.4_4
ENT.Neuron_Gad1Gad2_Tcf7l2.4...      COVAR   14974    0.0070353     0.020869    0.0063436      0.13372 ENT.Neuron_Gad1Gad2_Tcf7l2.4_5
ENT.Neuron_Slc17a6_Pitx2.4_6         COVAR   14974     0.015116     0.041356    0.0086625     0.040499 ENT.Neuron_Slc17a6_Pitx2.4_6
ENT.Neuron_Gad1Gad2_Pvalb-Gf...      COVAR   14974     0.022372     0.061419    0.0092705    0.0079107 ENT.Neuron_Gad1Gad2_Pvalb-Gfra2.4_7
ENT.Neuron_Gad1Gad2_Pvalb-Nt...      COVAR   14974     0.017999     0.051427    0.0068572    0.0043391 ENT.Neuron_Gad1Gad2_Pvalb-Ntng1.4_8
ENT.Neuron_Gad1Gad2_Pvalb-Sp...      COVAR   14974    0.0093538     0.027255    0.0057901     0.053114 ENT.Neuron_Gad1Gad2_Pvalb-Spp1.4_9
ENT.Polydendrocyte_Tnr_Bmp4....      COVAR   14974   -0.0089467    -0.026074     0.005764      0.93968 ENT.Polydendrocyte_Tnr_Bmp4.5_1
ENT.Polydendrocyte_Tnr_Pdgfa...      COVAR   14974   -0.0025688   -0.0073138    0.0056903      0.67416 ENT.Polydendrocyte_Tnr_Pdgfa.5_2
ENT.Polydendrocyte_Tnr_Ctps....      COVAR   14974  -0.00098343   -0.0027786    0.0054891      0.57109 ENT.Polydendrocyte_Tnr_Ctps.5_3
ENT.Polydendrocyte_Tnr_Cspg5...      COVAR   14974    0.0058517     0.016811    0.0063009      0.17652 ENT.Polydendrocyte_Tnr_Cspg5.6_1
ENT.Astrocyte_Gja1_Myoc.7_1          COVAR   14974   -0.0059471    -0.017574    0.0046065      0.90164 ENT.Astrocyte_Gja1_Myoc.7_1
ENT.Astrocyte_Gja1_Htra1.7_2         COVAR   14974   -0.0025726   -0.0069928    0.0060712      0.66412 ENT.Astrocyte_Gja1_Htra1.7_2
ENT.Oligodendrocyte_Trf_Cldn...      COVAR   14974   -0.0060915    -0.017371    0.0048381      0.89599 ENT.Oligodendrocyte_Trf_Cldn11.8_1
ENT.Oligodendrocyte_Trf_Ndrg...2     COVAR   14974   -0.0033703   -0.0090272    0.0050496      0.74775 ENT.Oligodendrocyte_Trf_Ndrg2.8_2
GP.Neuron_Chat-Gad1Gad2-Slc1...2     COVAR   14974     0.022463     0.061499    0.0082653      0.00329 GP.Neuron_Chat-Gad1Gad2-Slc17a8_Ngfr.1_1
GP.Neuron_Chat-Gad1Gad2-Slc1...1     COVAR   14974     0.010187     0.028782    0.0073184     0.081983 GP.Neuron_Chat-Gad1Gad2-Slc17a8_Nefm.1_2
GP.Oligodendrocyte_Trf_Mbp.1...      COVAR   14974    0.0051491     0.013596    0.0075936      0.24886 GP.Oligodendrocyte_Trf_Mbp.10_1
GP.Oligodendrocyte_Trf_Klk6....      COVAR   14974   0.00081417    0.0021724    0.0069348      0.45327 GP.Oligodendrocyte_Trf_Klk6.10_2
GP.Oligodendrocyte_Trf_Ttyh1...      COVAR   14974    0.0066066     0.017633    0.0070666      0.17492 GP.Oligodendrocyte_Trf_Ttyh1.10_3
GP.Oligodendrocyte_Trf_Ctps....      COVAR   14974   0.00059652    0.0016309     0.006158      0.46142 GP.Oligodendrocyte_Trf_Ctps.10_4
GP.Oligodendrocyte_Trf_Il33....      COVAR   14974    0.0046418     0.012339    0.0073599      0.26413 GP.Oligodendrocyte_Trf_Il33.10_5
GP.Oligodendrocyte_Trf_Kif5b...      COVAR   14974    0.0011901    0.0031445    0.0073719      0.43587 GP.Oligodendrocyte_Trf_Kif5b.10_6
GP.Microglia_C1qb_Tmem119.11...      COVAR   14974   -0.0022663   -0.0063397    0.0049903      0.67513 GP.Microglia_C1qb_Tmem119.11_1
GP.Macrophage_C1qb_Mrc1.11_2         COVAR   14974   0.00047654    0.0013445    0.0047757      0.46026 GP.Macrophage_C1qb_Mrc1.11_2
GP.Neuron_Gad1Gad2_Tac1.2_1          COVAR   14974    0.0010571    0.0030167    0.0073241      0.44262 GP.Neuron_Gad1Gad2_Tac1.2_1
GP.Neuron_Gad1Gad2_Cadm2.2_10        COVAR   14974     0.010917     0.031514    0.0054224     0.022051 GP.Neuron_Gad1Gad2_Cadm2.2_10
GP.Neuron_Slc17a7_Neurod2-Ro...      COVAR   14974      0.01759     0.049299    0.0073709    0.0085132 GP.Neuron_Slc17a7_Neurod2-Rorb.2_11
GP.Neuron_Slc17a7_Neurod2-C1...      COVAR   14974     0.015605     0.044432    0.0064446    0.0077379 GP.Neuron_Slc17a7_Neurod2-C1ql3.2_12
GP.Neuron_Gad1Gad2_Grem.2_13         COVAR   14974      0.02722     0.074308    0.0092732    0.0016685 GP.Neuron_Gad1Gad2_Grem.2_13
GP.Neuron_Gad1Gad2_Scn4b.2_14        COVAR   14974     0.027388     0.073113    0.0083478    0.0005188 GP.Neuron_Gad1Gad2_Scn4b.2_14
GP.Neuron_Gad1Gad2_Fibcd1.2_...      COVAR   14974     0.035348     0.094001    0.0094207   8.7995e-05 GP.Neuron_Gad1Gad2_Fibcd1.2_15
GP.Neuron_Gad1Gad2_Trdn.2_16         COVAR   14974     0.017247     0.046753    0.0084722     0.020895 GP.Neuron_Gad1Gad2_Trdn.2_16
GP.Neuron_Gad1Gad2_Elfn1-Gri...      COVAR   14974     0.025225     0.069219     0.008611    0.0017007 GP.Neuron_Gad1Gad2_Elfn1-Grik3.2_17
GP.Neuron_Gad1Gad2_Pappa.2_18        COVAR   14974     0.026059     0.072145    0.0082391   0.00078289 GP.Neuron_Gad1Gad2_Pappa.2_18
GP.Neuron_Gad1Gad2_Cyp26b1.2...      COVAR   14974     0.035673     0.097317     0.010034   0.00018941 GP.Neuron_Gad1Gad2_Cyp26b1.2_19
GP.Neuron_Slc17a6_Cck.2_2            COVAR   14974     0.017256     0.047288    0.0080535     0.016077 GP.Neuron_Slc17a6_Cck.2_2
GP.Neuron_Gad1Gad2_Six3-Pval...      COVAR   14974     0.019049     0.053091    0.0079819    0.0085116 GP.Neuron_Gad1Gad2_Six3-Pvalb.2_20
GP.Neuron_Gad1Gad2_Vip.2_21          COVAR   14974     0.017712     0.049942    0.0076472     0.010284 GP.Neuron_Gad1Gad2_Vip.2_21
GP.Neuron_Gad1Gad2_Lamp5-Cpl...      COVAR   14974    0.0055774     0.017424    0.0045438      0.10983 GP.Neuron_Gad1Gad2_Lamp5-Cplx3.2_22
GP.Neuron_Gad1Gad2_Trh.2_23          COVAR   14974     0.021988     0.064464    0.0061407   0.00017191 GP.Neuron_Gad1Gad2_Trh.2_23
GP.Neuron_Gad1Gad2_Igfbp4_Rg...      COVAR   14974    0.0033227     0.009307    0.0077883      0.33483 GP.Neuron_Gad1Gad2_Igfbp4_Rgs4.2_24
GP.Neuron_Gad1Gad2_Igfbp4_Ad...      COVAR   14974     0.017893     0.051107    0.0072937    0.0070853 GP.Neuron_Gad1Gad2_Igfbp4_Adora1.2_25
GP.Neuron_Gad1Gad2_Tac2.2_3          COVAR   14974      0.02901     0.077533    0.0094864     0.001116 GP.Neuron_Gad1Gad2_Tac2.2_3
GP.Neuron_Gad1Gad2_Hpcal4.2_4        COVAR   14974     0.022665     0.060671    0.0092911    0.0073619 GP.Neuron_Gad1Gad2_Hpcal4.2_4
GP.Neuron_Gad1Gad2_Sst.2_5           COVAR   14974      0.01616     0.044419    0.0089635     0.035711 GP.Neuron_Gad1Gad2_Sst.2_5
GP.Neuron_Gad1Gad2_Satb1.2_6         COVAR   14974     0.033803     0.092621    0.0086961   5.0956e-05 GP.Neuron_Gad1Gad2_Satb1.2_6
GP.Neuron_Gad1Gad2-Slc17a6_C...      COVAR   14974     0.020224     0.055692    0.0086072    0.0094017 GP.Neuron_Gad1Gad2-Slc17a6_Cbln1.2_7
GP.Neuron_Slc17a6_Tcf7l2.2_8         COVAR   14974     0.017807     0.048366     0.008772      0.02119 GP.Neuron_Slc17a6_Tcf7l2.2_8
GP.Neuron_Slc17a6_Rspo3.2_9          COVAR   14974     0.024312     0.066447     0.008969    0.0033611 GP.Neuron_Slc17a6_Rspo3.2_9
GP.Neuron_Gad1Gad2_Drd1-Nefm...      COVAR   14974     0.022256     0.060138    0.0088797    0.0061047 GP.Neuron_Gad1Gad2_Drd1-Nefm.3_1
GP.Neuron_Gad1Gad2_Vipr2.3_10        COVAR   14974    0.0077705     0.023213    0.0054381     0.076527 GP.Neuron_Gad1Gad2_Vipr2.3_10
GP.Neuron_Gad1Gad2_Drd1-Pdyn...      COVAR   14974     0.012116     0.033436    0.0084308     0.075353 GP.Neuron_Gad1Gad2_Drd1-Pdyn.3_2
GP.Neuron_Gad1Gad2_Adora2a.3...      COVAR   14974     0.017167     0.046592    0.0086066     0.023051 GP.Neuron_Gad1Gad2_Adora2a.3_3
GP.Neuron_Gad1Gad2_Cadm2.3_4         COVAR   14974     0.016932     0.046541    0.0072597    0.0098499 GP.Neuron_Gad1Gad2_Cadm2.3_4
GP.Neuron_Gad1Gad2_Drd1-Pde1...      COVAR   14974     0.017685     0.048757     0.008525     0.019027 GP.Neuron_Gad1Gad2_Drd1-Pde1c.3_5
GP.Neuron_Gad1Gad2_Adora2a-P...      COVAR   14974     0.019546     0.053689    0.0085835     0.011394 GP.Neuron_Gad1Gad2_Adora2a-Pde1c.3_6
GP.Neuron_Gad1Gad2_Sphkap-Tm...      COVAR   14974     0.014486     0.039639    0.0096021     0.065701 GP.Neuron_Gad1Gad2_Sphkap-Tmem255a.3_7
GP.Neuron_Gad1Gad2_Sphkap-Cp...      COVAR   14974     0.019733     0.055354    0.0076577    0.0049898 GP.Neuron_Gad1Gad2_Sphkap-Cpne4.3_8
GP.Neuron_Gad1Gad2-Th_Adora2...      COVAR   14974     0.017296     0.047189    0.0091848     0.029851 GP.Neuron_Gad1Gad2-Th_Adora2a-Th.3_9
GP.Polydendrocyte_Tnr_Pdgfa-...1     COVAR   14974    0.0021767    0.0060822    0.0065758      0.37032 GP.Polydendrocyte_Tnr_Pdgfa-Pik3r3.4_1
GP.Polydendrocyte_Tnr_Pdgfa-...2     COVAR   14974   -0.0022547   -0.0062871    0.0060827      0.64456 GP.Polydendrocyte_Tnr_Pdgfa-Tmem2.4_2
GP.Polydendrocyte_Tnr_Opalin...      COVAR   14974  -0.00045757   -0.0012915     0.005434      0.53355 GP.Polydendrocyte_Tnr_Opalin.4_3
GP.Polydendrocyte_Tnr_Bmp4.4...      COVAR   14974  -0.00095556   -0.0026656     0.007134      0.55328 GP.Polydendrocyte_Tnr_Bmp4.4_4
GP.Polydendrocyte_Tnr_Cspg5....      COVAR   14974     0.012719     0.034928    0.0077596     0.050606 GP.Polydendrocyte_Tnr_Cspg5.4_5
GP.Mitotic_MkI67.4_6                 COVAR   14974  -0.00057711   -0.0018789    0.0035221      0.56508 GP.Mitotic_MkI67.4_6
GP.Polydendrocyte_Tnr_Cyth3....      COVAR   14974    0.0011178    0.0033847    0.0032372      0.36494 GP.Polydendrocyte_Tnr_Cyth3.4_7
GP.Astrocyte_Gja1_Gfap.5_1           COVAR   14974    0.0028031     0.007315    0.0070882      0.34625 GP.Astrocyte_Gja1_Gfap.5_1
GP.Astrocyte_Gja1_Crym.5_2           COVAR   14974  -0.00087607   -0.0023088    0.0068032      0.55123 GP.Astrocyte_Gja1_Crym.5_2
GP.Ependymal_Ccdc153.6_1             COVAR   14974   -0.0058029    -0.017007     0.004164      0.91827 GP.Ependymal_Ccdc153.6_1
GP.Endothelial_Stalk_Flt1_Ap...      COVAR   14974    -0.011262    -0.031374    0.0054906      0.97987 GP.Endothelial_Stalk_Flt1_Apold1.7_1
GP.Endothelial_Stalk_Flt1_Cd...      COVAR   14974    -0.010204    -0.027905    0.0057394      0.96228 GP.Endothelial_Stalk_Flt1_Cdkn1c.7_2
GP.Endothelial_Stalk_Flt1_Mg...      COVAR   14974   -0.0056807    -0.015918    0.0052163      0.86192 GP.Endothelial_Stalk_Flt1_Mgp.7_3
GP.Endothelial_Stalk_Flt1_Lc...      COVAR   14974   -0.0086506    -0.024215    0.0053026      0.94858 GP.Endothelial_Stalk_Flt1_Lcn2.7_4
GP.Endothelial_Stalk_Flt1_Ca...      COVAR   14974   -0.0087823    -0.024146    0.0057556      0.93647 GP.Endothelial_Stalk_Flt1_Car4.7_5
GP.Endothelial_Stalk_Flt1_An...      COVAR   14974    -0.012622    -0.034771    0.0057135      0.98641 GP.Endothelial_Stalk_Flt1_Angpt2.7_6
GP.Mural_Rgs5Acta2_Acta2.8_1         COVAR   14974    -0.011826    -0.032092    0.0057002      0.98098 GP.Mural_Rgs5Acta2_Acta2.8_1
GP.Mural_Rgs5Acta2_Kcnj8.8_2         COVAR   14974   -0.0098935    -0.029065    0.0048186      0.97996 GP.Mural_Rgs5Acta2_Kcnj8.8_2
GP.Mural_Rgs5Acta2_Lmcd1.8_3         COVAR   14974   -0.0086926    -0.026727    0.0039426      0.98626 GP.Mural_Rgs5Acta2_Lmcd1.8_3
GP.Mural_Rgs5Acta2_Rgs5.8_4          COVAR   14974   -0.0091235    -0.024943     0.005794      0.94232 GP.Mural_Rgs5Acta2_Rgs5.8_4
GP.Mural_Rgs5Acta2_Pappa2.8_5        COVAR   14974   -0.0096035    -0.030187     0.003317       0.9981 GP.Mural_Rgs5Acta2_Pappa2.8_5
GP.Endothelial_Tip_Dcn_Mgp.9...      COVAR   14974    -0.012759    -0.036468    0.0049612      0.99494 GP.Endothelial_Tip_Dcn_Mgp.9_1
GP.Endothelial_Tip_Dcn_Col15...      COVAR   14974    -0.011449    -0.032967    0.0047681      0.99182 GP.Endothelial_Tip_Dcn_Col15a1.9_2
GP.Endothelial_Tip_Dcn_Ifitm...      COVAR   14974    -0.016379    -0.046487    0.0047947      0.99968 GP.Endothelial_Tip_Dcn_Ifitm1.9_3
HC.Neuron_Gad1Gad2_Pvalb_C1q...      COVAR   14974     0.014031     0.039932    0.0082566      0.04463 HC.Neuron_Gad1Gad2_Pvalb_C1ql1.1_1
HC.Neuron_Gad1Gad2_Sst_Pcdh1...      COVAR   14974    0.0048383     0.013966    0.0076431      0.26336 HC.Neuron_Gad1Gad2_Sst_Pcdh11x.1_10
HC.Gad1Gad2_Cplx3_Rxfp1.1_11         COVAR   14974     0.010417     0.029698    0.0087759      0.11762 HC.Gad1Gad2_Cplx3_Rxfp1.1_11
HC.Gad1Gad2_Cplx3_Tox.1_12           COVAR   14974  -7.7759e-05  -0.00022469    0.0081042      0.50383 HC.Gad1Gad2_Cplx3_Tox.1_12
HC.Gad1Gad2_Id2_Tac1.1_13            COVAR   14974    0.0087897     0.025265    0.0079598      0.13475 HC.Gad1Gad2_Id2_Tac1.1_13
HC.Gad1Gad2_Id2_Bcl11b.1_14          COVAR   14974     0.015678     0.044116    0.0094727     0.048971 HC.Gad1Gad2_Id2_Bcl11b.1_14
HC.Gad1Gad2_Id2_Prlr.1_15            COVAR   14974    0.0026533    0.0075082     0.009003      0.38411 HC.Gad1Gad2_Id2_Prlr.1_15
HC.Gad1Gad2_Htr3a_Nnat.1_16          COVAR   14974    0.0054077      0.01595    0.0070588      0.22182 HC.Gad1Gad2_Htr3a_Nnat.1_16
HC.Gad1Gad2Chat_Htr3a_Chat.1...      COVAR   14974    0.0016954    0.0047749    0.0091722      0.42668 HC.Gad1Gad2Chat_Htr3a_Chat.1_17
HC.Gad1Gad2_Htr3a_Phlda1.1_18        COVAR   14974    0.0044279     0.012697    0.0080525      0.29121 HC.Gad1Gad2_Htr3a_Phlda1.1_18
HC.Gad1Gad2_Htr3a_Efba5.1_19         COVAR   14974   0.00022847   0.00066719    0.0071701      0.48729 HC.Gad1Gad2_Htr3a_Efba5.1_19
HC.Neuron_Gad1Gad2_Id2_Sfrp2...      COVAR   14974  -0.00083392   -0.0024682    0.0067149      0.54942 HC.Neuron_Gad1Gad2_Id2_Sfrp2.1_2
HC.Gad1Gad2_Htr3a_Cpne5.1_20         COVAR   14974     0.003771     0.010684    0.0086051      0.33061 HC.Gad1Gad2_Htr3a_Cpne5.1_20
HC.Gad1Gad2_Htr3a_Ecel1.1_21         COVAR   14974   -0.0022716   -0.0065022    0.0080836      0.61065 HC.Gad1Gad2_Htr3a_Ecel1.1_21
HC.Gad1Gad2_Htr3a_Ibsp.1_22          COVAR   14974    0.0079554     0.022824    0.0080685      0.16208 HC.Gad1Gad2_Htr3a_Ibsp.1_22
HC.Gad1Gad2_Htr3a_Krt73.1_23         COVAR   14974    0.0087895     0.024689     0.009232      0.17054 HC.Gad1Gad2_Htr3a_Krt73.1_23
HC.Gad1Gad2Slc17a8_Htr3a_Ktc...      COVAR   14974    0.0049235     0.013884    0.0090074      0.29233 HC.Gad1Gad2Slc17a8_Htr3a_Ktcd12.1_24
HC.Gad1Gad2_Htr3a_Chrm2.1_25         COVAR   14974     0.012823     0.037404    0.0072946     0.039394 HC.Gad1Gad2_Htr3a_Chrm2.1_25
HC.Gad1Gad2_Htr3a_Htr1b.1_26         COVAR   14974   -0.0020797   -0.0059172    0.0086224       0.5953 HC.Gad1Gad2_Htr3a_Htr1b.1_26
HC.Gad1Gad2_Htr3a_Sema3c.1_27        COVAR   14974    0.0042407     0.012404    0.0073258      0.28134 HC.Gad1Gad2_Htr3a_Sema3c.1_27
HC.Neuron_Gad1Gad2_Sst_Atp2b...      COVAR   14974    0.0065169     0.019643    0.0056472      0.12426 HC.Neuron_Gad1Gad2_Sst_Atp2b4.1_3
HC.Neuron_Gad1Gad2Slc17a8_Ss...      COVAR   14974     0.011603     0.032463    0.0088858     0.095821 HC.Neuron_Gad1Gad2Slc17a8_Sst_Ncam2.1_4
HC.Neuron_Gad1Gad2_Sst_Spon1...      COVAR   14974     0.014648     0.041246    0.0081316     0.035828 HC.Neuron_Gad1Gad2_Sst_Spon1.1_5
HC.Neuron_Gad1Gad2_Pvalb_Tac...      COVAR   14974     0.018371      0.05103    0.0090608     0.021315 HC.Neuron_Gad1Gad2_Pvalb_Tac1.1_6
HC.Neuron_Gad1Gad2_Pvalb_Gfr...      COVAR   14974     0.011319     0.031956    0.0079173     0.076414 HC.Neuron_Gad1Gad2_Pvalb_Gfra1.1_7
HC.Neuron_Gad1Gad2_Sst_Rbp4....      COVAR   14974    0.0024236    0.0068654    0.0084198      0.38674 HC.Neuron_Gad1Gad2_Sst_Rbp4.1_8
HC.Neuron_Gad1Gad2_Sst_Grm1....      COVAR   14974     0.021052     0.059417    0.0082505    0.0053664 HC.Neuron_Gad1Gad2_Sst_Grm1.1_9
HC.Microglia_C1qb_Tmem119.10...      COVAR   14974   -0.0028069   -0.0075622    0.0059017      0.68282 HC.Microglia_C1qb_Tmem119.10_1
HC.Macrophage_C1qb_Mrc1.10_2         COVAR   14974   -0.0051118    -0.015031    0.0043538      0.87981 HC.Macrophage_C1qb_Mrc1.10_2
HC.Ependymal_Ccdc153.11_1            COVAR   14974    -0.010382    -0.027322    0.0054493      0.97161 HC.Ependymal_Ccdc153.11_1
HC.Choroid_Plexus_Ttr.12_1           COVAR   14974   -0.0073003    -0.019619    0.0052125      0.91931 HC.Choroid_Plexus_Ttr.12_1
HC.Neurogenesis_Sox4_Efhd2.1...      COVAR   14974    -0.018353    -0.053587    0.0053414       0.9997 HC.Neurogenesis_Sox4_Efhd2.13_1
HC.Neurogenesis_Sox4_Hist1h2...      COVAR   14974     -0.01426    -0.041036    0.0054232      0.99572 HC.Neurogenesis_Sox4_Hist1h2al.13_2
HC.Neurogenesis_Sox4_Cdc20.1...      COVAR   14974   -0.0053159    -0.015774    0.0046871      0.87163 HC.Neurogenesis_Sox4_Cdc20.13_3
HC.Neurogenesis_Sox4_Gad2.13...      COVAR   14974    -0.010046     -0.03187    0.0039546      0.99446 HC.Neurogenesis_Sox4_Gad2.13_4
HC.Neurogenesis_Sox4_Gabra5....      COVAR   14974    -0.010056    -0.028792    0.0069418      0.92628 HC.Neurogenesis_Sox4_Gabra5.13_5
HC.Neurogenesis_Sox4_Ppp2r2b...      COVAR   14974     -0.01125    -0.033254    0.0056848      0.97608 HC.Neurogenesis_Sox4_Ppp2r2b.13_6
HC.Neuron_Slc17a6_Lhx1.14_1          COVAR   14974    -0.002872   -0.0080151    0.0083907      0.63393 HC.Neuron_Slc17a6_Lhx1.14_1
HC.Endothelial_Stalk_Flt1_Cd...      COVAR   14974    -0.011694    -0.031596    0.0060434       0.9735 HC.Endothelial_Stalk_Flt1_Cdkn2b.15_1
HC.Endothelial_Stalk_Flt1_Lc...      COVAR   14974    -0.010115    -0.028624     0.005149      0.97526 HC.Endothelial_Stalk_Flt1_Lcn2.15_2
HC.Mural_Rgs5Acta2_Cnn1.16_1         COVAR   14974    -0.016165     -0.04359    0.0059261      0.99681 HC.Mural_Rgs5Acta2_Cnn1.16_1
HC.Mural_Rgs5Acta2_Ccnd1.16_2        COVAR   14974    -0.015593    -0.043346    0.0055201      0.99763 HC.Mural_Rgs5Acta2_Ccnd1.16_2
HC.Mural_Rgs5Acta2_Kcnj8.16_3        COVAR   14974    -0.016395    -0.047824    0.0049787       0.9995 HC.Mural_Rgs5Acta2_Kcnj8.16_3
HC.Mural_Rgs5Acta2_Col3a1.16...      COVAR   14974   -0.0094789    -0.029556    0.0037699      0.99403 HC.Mural_Rgs5Acta2_Col3a1.16_4
HC.Endothelial_Tip_Dcn_Rbp4....      COVAR   14974    -0.013361    -0.036563     0.005499      0.99244 HC.Endothelial_Tip_Dcn_Rbp4.17_1
HC.Endothelial_Tip_Dcn_Agt.1...      COVAR   14974    -0.010814    -0.032185    0.0038711      0.99739 HC.Endothelial_Tip_Dcn_Agt.17_2
HC.Endothelial_Tip_Dcn_Mgp.1...      COVAR   14974    -0.012248    -0.035331    0.0047686      0.99489 HC.Endothelial_Tip_Dcn_Mgp.17_3
HC.Endothelial_Tip_Dcn_Il33....      COVAR   14974    -0.011573    -0.033964    0.0045057      0.99489 HC.Endothelial_Tip_Dcn_Il33.17_4
HC.Neuron_Slc17a7_Cbln4.2_1          COVAR   14974    0.0063318     0.017986    0.0086659       0.2325 HC.Neuron_Slc17a7_Cbln4.2_1
HC.Neuron_Slc17a6_Htr1a.2_2          COVAR   14974   -0.0028201   -0.0080293    0.0083808      0.63175 HC.Neuron_Slc17a6_Htr1a.2_2
HC.Neuron_Slc17a6_Nts.2_3            COVAR   14974     0.015632     0.044999    0.0079297     0.024353 HC.Neuron_Slc17a6_Nts.2_3
HC.Neuron_Slc17a6_Nnat.2_4           COVAR   14974    0.0067021     0.019231    0.0081562      0.20563 HC.Neuron_Slc17a6_Nnat.2_4
HC.Neuron_Slc17a6_Nell1.2_5          COVAR   14974    0.0075276     0.020908    0.0097449      0.21993 HC.Neuron_Slc17a6_Nell1.2_5
HC.Neuron_Slc17a6_Nefm.2_6           COVAR   14974    0.0049801     0.013829    0.0097243      0.30428 HC.Neuron_Slc17a6_Nefm.2_6
HC.Neuron_Slc17a6_Grp.2_7            COVAR   14974    0.0018059    0.0050266    0.0094756      0.42443 HC.Neuron_Slc17a6_Grp.2_7
HC.Neuron_Slc17a7-Slc17a6_Nx...3     COVAR   14974    0.0056964     0.016411    0.0080186      0.23873 HC.Neuron_Slc17a7-Slc17a6_Nxph3-Nts.3_1
HC.Neuron_Slc17a7_Nxph3-Sema...      COVAR   14974    0.0085895     0.024131    0.0094761      0.18236 HC.Neuron_Slc17a7_Nxph3-Sema3c.3_10
HC.Neuron_Slc17a7_Nxph3-Ajap...      COVAR   14974    0.0078706     0.022562    0.0079926      0.16238 HC.Neuron_Slc17a7_Nxph3-Ajap1.3_11
HC.Neuron_Slc17a7-Slc17a6_Nx...1     COVAR   14974     0.014253     0.039733    0.0092227     0.061135 HC.Neuron_Slc17a7-Slc17a6_Nxph3-Cbln2-Htr2c.3_2
HC.Neuron_Slc17a7-Slc17a6_Nx...2     COVAR   14974     0.012363     0.034573    0.0090802     0.086682 HC.Neuron_Slc17a7-Slc17a6_Nxph3-Cbln2-Kcnh8.3_3
HC.Neuron_Slc17a7_Nxph3-Hpca...4     COVAR   14974    0.0051382     0.016076    0.0047304      0.13871 HC.Neuron_Slc17a7_Nxph3-Hpcal1-Tpbg.3_4
HC.Neuron_Slc17a7_Nxph3-Hpca...3     COVAR   14974   -0.0011082   -0.0033833    0.0056568      0.57766 HC.Neuron_Slc17a7_Nxph3-Hpcal1-Fos.3_5
HC.Neuron_Slc17a7_Nxph3-Hpca...1     COVAR   14974    0.0020898    0.0058222    0.0099772      0.41705 HC.Neuron_Slc17a7_Nxph3-Hpcal-Igfbp4.3_6
HC.Neuron_Slc17a7_Nxph3-Hpca...2     COVAR   14974    0.0012354     0.003448    0.0095613       0.4486 HC.Neuron_Slc17a7_Nxph3-Hpcal-Krt12.3_7
HC.Neuron_Slc17a7_Nxph3-Cplx...1     COVAR   14974    0.0096447     0.027297    0.0085454      0.12953 HC.Neuron_Slc17a7_Nxph3-Cplx3-Hs6st2.3_8
HC.Neuron_Slc17a7_Nxph3-Cplx...2     COVAR   14974     0.020918     0.060825    0.0068974    0.0012141 HC.Neuron_Slc17a7_Nxph3-Cplx3-Pappa2.3_9
HC.Neuron_Slc17a7_C1ql2-Cck....      COVAR   14974    -0.015811    -0.043914    0.0090918      0.95897 HC.Neuron_Slc17a7_C1ql2-Cck.4_1
HC.Neuron_Slc17a7_C1ql2-Penk...      COVAR   14974    -0.016125    -0.044788    0.0093245      0.95811 HC.Neuron_Slc17a7_C1ql2-Penk.4_2
HC.Neuron_Slc17a7_Fibcd1-Lyp...      COVAR   14974    0.0076802     0.021379    0.0097221      0.21478 HC.Neuron_Slc17a7_Fibcd1-Lypd1.5_1
HC.Neuron_Slc17a7_Reln.5_10          COVAR   14974     0.013583     0.039275    0.0070421      0.02689 HC.Neuron_Slc17a7_Reln.5_10
HC.Neuron_Slc17a7_Cbln1-Gpr8...      COVAR   14974     0.013458     0.037243    0.0096651     0.081912 HC.Neuron_Slc17a7_Cbln1-Gpr88.5_11
HC.Neuron_Slc17a7_Cbln1-Trps...      COVAR   14974    0.0044624      0.01276    0.0078834      0.28568 HC.Neuron_Slc17a7_Cbln1-Trps1.5_12
HC.Neuron_Slc17a7_Ptgfr.5_13         COVAR   14974     0.016438      0.04902    0.0064001    0.0051126 HC.Neuron_Slc17a7_Ptgfr.5_13
HC.Neuron_Slc17a7_Fezf2-Efna...      COVAR   14974     0.024961     0.068975    0.0093896    0.0039307 HC.Neuron_Slc17a7_Fezf2-Efna5.5_14
HC.Neuron_Slc17a7_Fezf2-Rxfp...      COVAR   14974     0.023557     0.065868    0.0087759    0.0036384 HC.Neuron_Slc17a7_Fezf2-Rxfp1.5_15
HC.Neuron_Slc17a7_Fibcd1-Nri...      COVAR   14974    0.0063451     0.017775    0.0090364      0.24129 HC.Neuron_Slc17a7_Fibcd1-Nrip3.5_2
HC.Neuron_Slc17a7_Fibcd1-Npt...      COVAR   14974    0.0073295     0.020386    0.0093868      0.21746 HC.Neuron_Slc17a7_Fibcd1-Nptx2.5_3
HC.Neuron_Slc17a7_Fibcd1-Kit...      COVAR   14974     0.012856       0.0358    0.0092107     0.081408 HC.Neuron_Slc17a7_Fibcd1-Kitl.5_4
HC.Neuron_Slc17a7_Fibcd1-Grm...      COVAR   14974    0.0073126     0.020813    0.0064828      0.12967 HC.Neuron_Slc17a7_Fibcd1-Grm5.5_5
HC.Neuron_Slc17a7_Dcn-Pou3f1...      COVAR   14974      0.01064     0.029439    0.0098206      0.13932 HC.Neuron_Slc17a7_Dcn-Pou3f1.5_6
HC.Neuron_Slc17a7_FIbcd1-Inh...      COVAR   14974     0.011855     0.033025    0.0093567      0.10259 HC.Neuron_Slc17a7_FIbcd1-Inhba.5_7
HC.Neuron_Slc17a7_Fibcd1-Fos...      COVAR   14974     0.007654     0.021692    0.0087186      0.19001 HC.Neuron_Slc17a7_Fibcd1-Fos.5_8
HC.Neuron_Slc17a7_Dcn-Camk2d...      COVAR   14974     0.011017     0.030794    0.0084608     0.096451 HC.Neuron_Slc17a7_Dcn-Camk2d.5_9
HC.Neuron_Slc17a7_Pvrl3-Nos1...      COVAR   14974   0.00059639    0.0016477    0.0093377      0.47454 HC.Neuron_Slc17a7_Pvrl3-Nos1.6_1
HC.Neuron_Slc17a7_Pvrl3-Grm5...      COVAR   14974     0.015963     0.043887    0.0077046     0.019146 HC.Neuron_Slc17a7_Pvrl3-Grm5.6_2
HC.Neuron_Slc17a7_Pvrl3-St18...      COVAR   14974    0.0015734    0.0043282    0.0090049      0.43065 HC.Neuron_Slc17a7_Pvrl3-St18.6_3
HC.Neuron_Slc17a7_Rgs14.6_4          COVAR   14974   0.00048257    0.0013402     0.008338      0.47692 HC.Neuron_Slc17a7_Rgs14.6_4
HC.Neuron_Slc17a7_Calb2-Vgll...      COVAR   14974    0.0072427     0.020259    0.0079685      0.18171 HC.Neuron_Slc17a7_Calb2-Vgll3.6_5
HC.Neuron_Slc17a7_Calb2-Adcy...      COVAR   14974     0.013588     0.037266     0.008997     0.065495 HC.Neuron_Slc17a7_Calb2-Adcyap1.6_6
HC.Neuron_Slc17a7_Pvrl3-Inhb...      COVAR   14974    0.0063094     0.017524    0.0089453      0.24031 HC.Neuron_Slc17a7_Pvrl3-Inhba.6_7
HC.Neuron_Slc17a7_Pvrl3-Fos....      COVAR   14974   -0.0029392   -0.0082771    0.0083836      0.63705 HC.Neuron_Slc17a7_Pvrl3-Fos.6_8
HC.Astrocyte_Gja1_Nnat.7_1           COVAR   14974   -0.0069322    -0.017962    0.0073092      0.82854 HC.Astrocyte_Gja1_Nnat.7_1
HC.Astrocyte_Gja1_Myoc.7_2           COVAR   14974   -0.0047711    -0.012536    0.0069289      0.75445 HC.Astrocyte_Gja1_Myoc.7_2
HC.Astrocyte_Gja1_Fabp7.7_3          COVAR   14974   -0.0064525    -0.017488    0.0064998      0.83957 HC.Astrocyte_Gja1_Fabp7.7_3
HC.Oligodendrocyte_Trf_Plin3...      COVAR   14974   -0.0027188   -0.0073034    0.0069915      0.65131 HC.Oligodendrocyte_Trf_Plin3.8_1
HC.Oligodendrocyte_Trf_Ndrg2...      COVAR   14974    -0.002332   -0.0062953    0.0070608       0.6294 HC.Oligodendrocyte_Trf_Ndrg2.8_2
HC.Oligodendrocyte_Trf_Il33....      COVAR   14974   -0.0011927   -0.0031586    0.0076744      0.56175 HC.Oligodendrocyte_Trf_Il33.8_3
HC.Oligodendrocyte_Trf_Man1a...      COVAR   14974   8.0516e-05   0.00021687    0.0070297      0.49543 HC.Oligodendrocyte_Trf_Man1a.8_4
HC.Oligodendrocyte_Trf_Ctps....      COVAR   14974   -0.0051436    -0.015219     0.004428      0.87729 HC.Oligodendrocyte_Trf_Ctps.8_5
HC.Polydendrocyte_Tnr_Pdgfa....      COVAR   14974   -0.0056851    -0.015776    0.0068382      0.79711 HC.Polydendrocyte_Tnr_Pdgfa.9_1
HC.Polydendrocyte_Tnr_Bmp4.9...      COVAR   14974    -0.011288    -0.032322    0.0066141      0.95604 HC.Polydendrocyte_Tnr_Bmp4.9_2
HC.Polydendrocyte_Tnr_Cspg5....      COVAR   14974   -0.0066947    -0.018625    0.0075529      0.81228 HC.Polydendrocyte_Tnr_Cspg5.9_3
HC.Polydendrocyte_Tnr_Ptprz1...      COVAR   14974    0.0024605    0.0069042    0.0072822      0.36773 HC.Polydendrocyte_Tnr_Ptprz1.9_4
STR.Ependyma_Ccdc153_Ccdc153...      COVAR   14974   -0.0096677    -0.025354    0.0055632      0.95887 STR.Ependyma_Ccdc153_Ccdc153.1_1
STR.Neuron_Gad1Gad2_Drd1-Fos...      COVAR   14974   -0.0056513    -0.015839    0.0082871      0.75236 STR.Neuron_Gad1Gad2_Drd1-Fos.10_1
STR.Neuron_Gad1Gad2_Drd1-Lyp...      COVAR   14974    -0.010087    -0.028103    0.0084586      0.88346 STR.Neuron_Gad1Gad2_Drd1-Lypd1.10_2
STR.Neuron_Gad1Gad2_Drd1-Pde...      COVAR   14974   -0.0042425    -0.011882    0.0086738      0.68762 STR.Neuron_Gad1Gad2_Drd1-Pde1a.10_3
STR.Neuron_Gad1Gad2_Drd1-Nef...      COVAR   14974   -0.0056319    -0.015675    0.0085413      0.74517 STR.Neuron_Gad1Gad2_Drd1-Nefm.10_4
STR.Neuron_Gad1Gad2_Drd1-Cxc...      COVAR   14974   -0.0067493    -0.018989    0.0078008      0.80653 STR.Neuron_Gad1Gad2_Drd1-Cxcl14.10_5
STR.Neuron_Gad1Gad2_Adora2a-...2     COVAR   14974   -0.0065677    -0.018243    0.0084491      0.78151 STR.Neuron_Gad1Gad2_Adora2a-Nefm.11_1
STR.Neuron_Gad1Gad2_Adora2a-...3     COVAR   14974   -0.0087536    -0.024319    0.0086378      0.84456 STR.Neuron_Gad1Gad2_Adora2a-Nnat.11_2
STR.Neuron_Gad1Gad2_Adora2a-...1     COVAR   14974   -0.0086085    -0.024175    0.0081068      0.85585 STR.Neuron_Gad1Gad2_Adora2a-Fos.11_3
STR.Neuron_Gad1Gad2-Chat-Slc...      COVAR   14974     0.016918     0.047147    0.0090645     0.031005 STR.Neuron_Gad1Gad2-Chat-Slc17a8_Chat.12_1
STR.Neuron_Gad1Gad2_Drd1-Tpb...      COVAR   14974    -0.004593    -0.012934    0.0084956      0.70562 STR.Neuron_Gad1Gad2_Drd1-Tpbg.13_1
STR.Neuron_Gad1Gad2_Drd1-Nfi...      COVAR   14974   -0.0069092    -0.020865    0.0058113      0.88276 STR.Neuron_Gad1Gad2_Drd1-Nfib.13_10
STR.Neuron_Gad1Gad2_Sgol2a.1...      COVAR   14974   -0.0053577    -0.016694    0.0033922      0.94287 STR.Neuron_Gad1Gad2_Sgol2a.13_11
STR.Neuron_Gad1Gad2_Drd1-Oto...2     COVAR   14974  -0.00085183   -0.0023958    0.0081079      0.54184 STR.Neuron_Gad1Gad2_Drd1-Otof-Sorcs1.13_2
STR.Neuron_Gad1Gad2_Drd1-Oto...1     COVAR   14974   -0.0041753    -0.011876    0.0076464      0.70748 STR.Neuron_Gad1Gad2_Drd1-Otof-Lmo2.13_3
STR.Neuron_Gad1Gad2_Adora2a-...4     COVAR   14974    0.0011539    0.0032657    0.0078202      0.44135 STR.Neuron_Gad1Gad2_Adora2a-Otof.13_4
STR.Neuron_Gad1Gad2_Adora2a-...5     COVAR   14974   -0.0042091    -0.012334    0.0067501      0.73354 STR.Neuron_Gad1Gad2_Adora2a-Th.13_5
STR.Neuron_Slc17a6_Oprk1.13_6        COVAR   14974   -0.0072763     -0.02351    0.0039863      0.96601 STR.Neuron_Slc17a6_Oprk1.13_6
STR.Neuron_Slc17a7_Cplx3.13_7        COVAR   14974    -0.011048    -0.033046     0.006042      0.96625 STR.Neuron_Slc17a7_Cplx3.13_7
STR.Neuron_Slc17a7_Dkk3.13_8         COVAR   14974   -0.0019202   -0.0059756    0.0049563      0.65078 STR.Neuron_Slc17a7_Dkk3.13_8
STR.Neuron_Gad1Gad2_Resp18.1...      COVAR   14974    -0.002256   -0.0063901    0.0082715      0.60747 STR.Neuron_Gad1Gad2_Resp18.13_9
STR.Neuron_Gad1Gad2_Pvalb_Pv...      COVAR   14974   -0.0036267     -0.01008    0.0093933      0.65028 STR.Neuron_Gad1Gad2_Pvalb_Pvalb-Megf11.14_1
STR.Neuron_Gad1Gad2_Pnoc.14_2        COVAR   14974   -0.0025577    -0.007897    0.0052041      0.68845 STR.Neuron_Gad1Gad2_Pnoc.14_2
STR.Neuron_Gad1Gad2_Pvalb-Rg...      COVAR   14974    0.0049004     0.013983    0.0081563      0.27399 STR.Neuron_Gad1Gad2_Pvalb-Rgs12.14_3
STR.Neuron_Gad1Gad2-Th_Trh.1...      COVAR   14974   -0.0020512    -0.005852    0.0080162      0.60098 STR.Neuron_Gad1Gad2-Th_Trh.14_4
STR.Neuron_Gad1Gad2_Chodl.15...      COVAR   14974    -0.004977    -0.013614    0.0090854      0.70808 STR.Neuron_Gad1Gad2_Chodl.15_1
STR.Neurogenesis_Sox4_Ung.2_1        COVAR   14974    -0.017795    -0.050979    0.0054881      0.99941 STR.Neurogenesis_Sox4_Ung.2_1
STR.Neurogenesis_Sox4_Stmn2....      COVAR   14974    -0.013066    -0.038864    0.0050398      0.99523 STR.Neurogenesis_Sox4_Stmn2.2_2
STR.Neurogenesis_Sox4_Tuba1c...      COVAR   14974   -0.0055067    -0.015733    0.0052617      0.85234 STR.Neurogenesis_Sox4_Tuba1c.2_3
STR.Neurogenesis_Sox4_Stmn2-...      COVAR   14974    -0.011898    -0.035478    0.0046333      0.99488 STR.Neurogenesis_Sox4_Stmn2-Csrp2.2_4
STR.Neurogenesis_Sox4_Hist1h...      COVAR   14974    -0.012718    -0.035878    0.0054555      0.99012 STR.Neurogenesis_Sox4_Hist1h2al.2_5
STR.Neurogenesis_Sox4_Notum....      COVAR   14974     -0.01453    -0.043852    0.0045024      0.99937 STR.Neurogenesis_Sox4_Notum.2_6
STR.Oligodendrocyte_Trf_Klk6...      COVAR   14974  -0.00069235   -0.0018674    0.0065408      0.54215 STR.Oligodendrocyte_Trf_Klk6.3_1
STR.Oligodendrocyte_Trf_Il33...      COVAR   14974   -0.0039463    -0.010429    0.0075007       0.7006 STR.Oligodendrocyte_Trf_Il33.3_2
STR.Oligodendrocyte_Trf_Ctps...      COVAR   14974   -0.0011013   -0.0029839    0.0064235      0.56806 STR.Oligodendrocyte_Trf_Ctps.3_3
STR.Astrocyte_Gja1_Htra1.4_1         COVAR   14974   -0.0088983    -0.023226    0.0067411      0.90657 STR.Astrocyte_Gja1_Htra1.4_1
STR.Astrocyte_Gja1_Sparc-Car...      COVAR   14974    -0.012023    -0.031547    0.0066518      0.96464 STR.Astrocyte_Gja1_Sparc-Car2.4_2
STR.Astrocyte_Gja1_Notum.4_3         COVAR   14974    -0.013197    -0.036241    0.0059072      0.98725 STR.Astrocyte_Gja1_Notum.4_3
STR.Polydendrocye_Tnr_Cspg5....      COVAR   14974   0.00047661    0.0013239    0.0073104      0.47401 STR.Polydendrocye_Tnr_Cspg5.5_1
STR.Polydendrocye_Tnr_Bmp4.5...      COVAR   14974    -0.010281    -0.029989    0.0056634      0.96526 STR.Polydendrocye_Tnr_Bmp4.5_2
STR.Polydendrocye_Tnr_Pdgfa....      COVAR   14974     -0.01021    -0.029677    0.0053961      0.97075 STR.Polydendrocye_Tnr_Pdgfa.5_3
STR.Polydendrocye_Tnr_Ctps.5...      COVAR   14974   -0.0038412    -0.011501    0.0040134      0.83073 STR.Polydendrocye_Tnr_Ctps.5_4
STR.Macrophage_C1qb_Mrc1.6_1         COVAR   14974   -0.0031817   -0.0096966    0.0037119      0.80431 STR.Macrophage_C1qb_Mrc1.6_1
STR.Microglia_C1qb_Tmem119.6...      COVAR   14974   -0.0031266   -0.0083916    0.0058962      0.70203 STR.Microglia_C1qb_Tmem119.6_2
STR.Endothelial_Stalk_Flt1_C...      COVAR   14974    -0.018732    -0.051139    0.0059918      0.99911 STR.Endothelial_Stalk_Flt1_Car4.7_1
STR.Endothelial_Stalk_Flt1_G...      COVAR   14974    -0.010919    -0.030294    0.0055179      0.97607 STR.Endothelial_Stalk_Flt1_Gkn3.7_2
STR.Mural_Rgs5Acta2_Olfr558....      COVAR   14974   -0.0071681    -0.020808    0.0047193      0.93559 STR.Mural_Rgs5Acta2_Olfr558.8_1
STR.Mural_Rgs5Acta2_Cnn1.8_2         COVAR   14974    -0.013465    -0.039739    0.0043184      0.99909 STR.Mural_Rgs5Acta2_Cnn1.8_2
STR.Mural_Rgs5Acta2_Ccnd1.8_3        COVAR   14974    -0.017224    -0.049767    0.0049326      0.99976 STR.Mural_Rgs5Acta2_Ccnd1.8_3
STR.Mural_Rgs5Acta2_Kcnj8.8_4        COVAR   14974    -0.013268    -0.039874    0.0043597      0.99883 STR.Mural_Rgs5Acta2_Kcnj8.8_4
STR.Mural_Rgs5Acta2_Col3a1.8...      COVAR   14974    -0.011986    -0.037665    0.0036221      0.99953 STR.Mural_Rgs5Acta2_Col3a1.8_5
STR.Endothelial_Tip_Dcn.9_1          COVAR   14974    -0.018223    -0.051049    0.0056983      0.99931 STR.Endothelial_Tip_Dcn.9_1
SN.Neuron_Slc17a7_C1ql3.1_1          COVAR   14974    0.0048119     0.014619    0.0055218      0.19177 SN.Neuron_Slc17a7_C1ql3.1_1
SN.Oligodendrocyte_Tfr_Slco3...      COVAR   14974    0.0033983     0.008899    0.0071593      0.31752 SN.Oligodendrocyte_Tfr_Slco3a1.10_1
SN.Oligodendrocyte_Tfr_Plin3...      COVAR   14974      0.00101    0.0026787    0.0066306      0.43947 SN.Oligodendrocyte_Tfr_Plin3.10_2
SN.Oligodendrocyte_Tfr_Ndrg2...      COVAR   14974     0.002934    0.0076994    0.0069452      0.33635 SN.Oligodendrocyte_Tfr_Ndrg2.10_3
SN.Oligodendrocyte_Tfr_Il33....      COVAR   14974    0.0028527    0.0074489     0.007273      0.34745 SN.Oligodendrocyte_Tfr_Il33.10_4
SN.Oligodendrocyte_Tfr_Ctps....      COVAR   14974    0.0065762     0.017439    0.0068748       0.1694 SN.Oligodendrocyte_Tfr_Ctps.10_5
SN.Oligodendrocyte_Tnr_Rps24...      COVAR   14974   -0.0092635    -0.023729    0.0057329      0.94693 SN.Oligodendrocyte_Tnr_Rps24.11_1
SN.Endothelial_Stalk_Flt1_Cd...      COVAR   14974    -0.012065    -0.032857    0.0056526      0.98359 SN.Endothelial_Stalk_Flt1_Cdkn1c.12_1
SN.Endothelial_Stalk_Flt1_Gk...      COVAR   14974    -0.002276   -0.0067265    0.0045714      0.69071 SN.Endothelial_Stalk_Flt1_Gkn3.12_2
SN.Endothelial_Stalk_Flt1_Ca...      COVAR   14974    -0.011974    -0.032658    0.0057416      0.98148 SN.Endothelial_Stalk_Flt1_Car4.12_3
SN.Endothelial_Stalk_Flt1_Vw...      COVAR   14974   -0.0098325    -0.027189    0.0054461      0.96448 SN.Endothelial_Stalk_Flt1_Vwf.12_4
SN.Mural_Rgs5Acta2_Rgs5.13_1         COVAR   14974    -0.011877    -0.032746    0.0054381      0.98551 SN.Mural_Rgs5Acta2_Rgs5.13_1
SN.Mural_Rgs5Acta2_Kcnj8.13_2        COVAR   14974    -0.012566    -0.038891    0.0036861      0.99967 SN.Mural_Rgs5Acta2_Kcnj8.13_2
SN.Mural_Rgs5Acta2_Cd9.13_3          COVAR   14974    -0.011241    -0.030338    0.0055802      0.97801 SN.Mural_Rgs5Acta2_Cd9.13_3
SN.Mural_Rgs5Acta2_Cbr2.13_4         COVAR   14974    -0.013749    -0.038533    0.0048576      0.99767 SN.Mural_Rgs5Acta2_Cbr2.13_4
SN.Mural_Rgs5Acta2_Fos.13_5          COVAR   14974   -0.0088596     -0.02559    0.0044288      0.97727 SN.Mural_Rgs5Acta2_Fos.13_5
SN.Endothelial_Tip_Dcn_Mgp.1...      COVAR   14974    -0.014802    -0.041883    0.0047578      0.99907 SN.Endothelial_Tip_Dcn_Mgp.14_1
SN.Endothelial_Tip_Dcn_Ifitm...      COVAR   14974    -0.012673    -0.035571    0.0046234      0.99693 SN.Endothelial_Tip_Dcn_Ifitm1.14_2
SN.Endothelial_Tip_Dcn_Alcam...      COVAR   14974   -0.0012893   -0.0038301    0.0032948      0.65221 SN.Endothelial_Tip_Dcn_Alcam.14_3
SN.Neuron_Slc17a6.2_1                COVAR   14974     0.022536     0.062931    0.0079693    0.0023463 SN.Neuron_Slc17a6.2_1
SN.Neuron_Gad1Gad2_Nfib-Satb...      COVAR   14974     0.021266     0.059534     0.007833     0.003319 SN.Neuron_Gad1Gad2_Nfib-Satb1.3_1
SN.Neuron_Slc17a6_Cacna2d1.3...      COVAR   14974     0.027344     0.071978     0.010192    0.0036543 SN.Neuron_Slc17a6_Cacna2d1.3_10
SN.Neuron_Slc17a6_Shox2.3_11         COVAR   14974     0.020597     0.056588    0.0082786      0.00643 SN.Neuron_Slc17a6_Shox2.3_11
SN.Neuron_Slc17a6_Nkx6-1.3_12        COVAR   14974     0.019454     0.053096    0.0089684     0.015044 SN.Neuron_Slc17a6_Nkx6-1.3_12
SN.Neuron_Gad1Gad2_Sema3e.3_...      COVAR   14974     0.028219     0.075933    0.0093115    0.0012226 SN.Neuron_Gad1Gad2_Sema3e.3_13
SN.Neuron_Gad1Gad2_Ttn.3_14          COVAR   14974     0.025932      0.07083    0.0094287    0.0029809 SN.Neuron_Gad1Gad2_Ttn.3_14
SN.Neuron_Slc17a6_C1ql2.3_15         COVAR   14974     0.025953       0.0695    0.0090671    0.0021058 SN.Neuron_Slc17a6_C1ql2.3_15
SN.Neuron_Gad1Gad2_Gad2-Kcnc...      COVAR   14974     0.025049     0.069048    0.0074446   0.00038404 SN.Neuron_Gad1Gad2_Gad2-Kcnc3.3_16
SN.Neuron_Gad1Gad2_Sema3e-Kc...      COVAR   14974     0.013774     0.038748     0.006373     0.015346 SN.Neuron_Gad1Gad2_Sema3e-Kcng4.3_17
SN.Neuron_Gad1Gad2_Pax5.3_18         COVAR   14974     0.031629     0.084538    0.0091226   0.00026385 SN.Neuron_Gad1Gad2_Pax5.3_18
SN.Neuron_Gad1Gad2_Tmem132c....      COVAR   14974     0.018624     0.052485    0.0069901    0.0038609 SN.Neuron_Gad1Gad2_Tmem132c.3_19
SN.Neuron_Gad1Gad2_Otx2-Chrn...      COVAR   14974    0.0016063    0.0047122    0.0069433      0.40853 SN.Neuron_Gad1Gad2_Otx2-Chrna3.3_2
SN.Neuron_Gad1Gad2_Gad2.3_3          COVAR   14974     0.034114     0.090712     0.010549   0.00061225 SN.Neuron_Gad1Gad2_Gad2.3_3
SN.Neuron_Gad1Gad2_Ndnf.3_4          COVAR   14974     0.016894      0.04989    0.0062055    0.0032447 SN.Neuron_Gad1Gad2_Ndnf.3_4
SN.Neuron_Gad1Gad2_Rln3.3_5          COVAR   14974   -0.0035727    -0.010837    0.0053516       0.7478 SN.Neuron_Gad1Gad2_Rln3.3_5
SN.Neuron_Slc17a6_Tcf4.3_6           COVAR   14974     0.019456      0.05374    0.0081962    0.0088083 SN.Neuron_Slc17a6_Tcf4.3_6
SN.Neuron_Slc17a6-Gad2-Th_Cr...      COVAR   14974     0.015254      0.04258    0.0080585     0.029193 SN.Neuron_Slc17a6-Gad2-Th_Crhbp.3_7
SN.Neuron_Gad1Gad2_Gad2-Fos....      COVAR   14974     0.013996     0.041032    0.0061499     0.011435 SN.Neuron_Gad1Gad2_Gad2-Fos.3_8
SN.Neuron_Slc17a6_Nts.3_9            COVAR   14974     0.021122     0.059207    0.0079699    0.0040262 SN.Neuron_Slc17a6_Nts.3_9
SN.Neuron_Th-Slc17a6-Lpl.4_1         COVAR   14974     0.028863     0.080261     0.007696   8.8641e-05 SN.Neuron_Th-Slc17a6-Lpl.4_1
SN.Neuron_Th_Cbln1.4_2               COVAR   14974     0.020746     0.060429    0.0062127   0.00042095 SN.Neuron_Th_Cbln1.4_2
SN.Neuron_Th_Cyp26b1.4_3             COVAR   14974      0.03742      0.10493    0.0074952   3.0139e-07 SN.Neuron_Th_Cyp26b1.4_3
SN.Neuron_Th_C1ql3.4_4               COVAR   14974     0.023483     0.067335    0.0065941   0.00018513 SN.Neuron_Th_C1ql3.4_4
SN.Neuron_Th_Vcan.4_5                COVAR   14974     0.036897      0.10268    0.0075256   4.7749e-07 SN.Neuron_Th_Vcan.4_5
SN.Neuron_Th_Cadm2.4_6               COVAR   14974    0.0068272     0.020855     0.003861     0.038519 SN.Neuron_Th_Cadm2.4_6
SN.Neuron_Th_Nefl.4_7                COVAR   14974     0.035831     0.099313    0.0074576   7.8307e-07 SN.Neuron_Th_Nefl.4_7
SN.Neuron_Th_Aldh1a1.4_8             COVAR   14974     0.041304      0.11376    0.0079183   9.2536e-08 SN.Neuron_Th_Aldh1a1.4_8
SN.Neuron_Th_Grin2c.4_9              COVAR   14974     0.048517      0.13306    0.0079496   5.3368e-10 SN.Neuron_Th_Grin2c.4_9
SN.Polydendrocyte_Tnr_Bmp4.5...      COVAR   14974   8.2485e-05   0.00023792    0.0058052      0.49433 SN.Polydendrocyte_Tnr_Bmp4.5_1
SN.Polydendrocyte_Tnr_Tmem2....      COVAR   14974    -0.002737   -0.0076945    0.0059973      0.67593 SN.Polydendrocyte_Tnr_Tmem2.5_2
SN.Polydendrocyte_Tnr_Opalin...      COVAR   14974    0.0019767    0.0054956     0.005838      0.36746 SN.Polydendrocyte_Tnr_Opalin.5_3
SN.Polydendrocyte_Tnr_Cspg5....      COVAR   14974     0.005687     0.017731    0.0041223     0.083871 SN.Polydendrocyte_Tnr_Cspg5.6_1
SN.Polydendrocyte_Tnr_Cspg5-...      COVAR   14974    0.0018802    0.0054832    0.0059921      0.37685 SN.Polydendrocyte_Tnr_Cspg5-Dad1.6_2
SN.Astrocyte_Gja1_Myoc.7_1           COVAR   14974   0.00025271   0.00070065     0.005636      0.48212 SN.Astrocyte_Gja1_Myoc.7_1
SN.Astrocyte_Gja1_Cst3.7_2           COVAR   14974    0.0030178    0.0078209    0.0069601       0.3323 SN.Astrocyte_Gja1_Cst3.7_2
SN.Astrocyte_Gja1_Igfbp2.7_3         COVAR   14974   0.00066449    0.0019855    0.0036449      0.42767 SN.Astrocyte_Gja1_Igfbp2.7_3
SN.Ependyma_Ccdc153.8_1              COVAR   14974   -0.0052118     -0.01618    0.0035713      0.92775 SN.Ependyma_Ccdc153.8_1
SN.Macrophage_C1qb_Mrc1.9_1          COVAR   14974   -0.0028538   -0.0082137    0.0046971      0.72826 SN.Macrophage_C1qb_Mrc1.9_1
SN.Microglia_C1qb_Tmem119.9_2        COVAR   14974   -0.0003302   -0.0010176    0.0033414      0.53936 SN.Microglia_C1qb_Tmem119.9_2
TH.Neuron_Slc17a7_Tac2_Chat....      COVAR   14974      0.01145     0.033005    0.0068903     0.048294 TH.Neuron_Slc17a7_Tac2_Chat.1_1
TH.Neuron_Slc17a7_Tac2_Syt15...      COVAR   14974    0.0016502    0.0046916    0.0072906      0.41047 TH.Neuron_Slc17a7_Tac2_Syt15.1_2
TH.Neuron_Slc17a7_Tac2_Wif1....      COVAR   14974   -0.0005714   -0.0016068      0.00774      0.52942 TH.Neuron_Slc17a7_Tac2_Wif1.1_3
TH.Neuron_Slc17a7_Tac2_Htr2c...      COVAR   14974    0.0024219    0.0075771    0.0048091      0.30727 TH.Neuron_Slc17a7_Tac2_Htr2c.1_4
TH.Ependymal_Ccdc153.10_1            COVAR   14974   -0.0072194    -0.019077    0.0053944      0.90959 TH.Ependymal_Ccdc153.10_1
TH.Astrocyte_Gja1_Myoc.11_1          COVAR   14974   -0.0020126    -0.005773    0.0050649      0.65445 TH.Astrocyte_Gja1_Myoc.11_1
TH.Astrocyte_Gja1_Vegfa.11_2         COVAR   14974    0.0061314     0.015317     0.007124      0.19472 TH.Astrocyte_Gja1_Vegfa.11_2
TH.Polydendrocyte_Tnr_Pdgfa....      COVAR   14974   -0.0051799    -0.014712    0.0058761      0.81098 TH.Polydendrocyte_Tnr_Pdgfa.12_1
TH.Polydendrocyte_Tnr_Ctps.1...      COVAR   14974   -0.0030209   -0.0083917    0.0059561      0.69399 TH.Polydendrocyte_Tnr_Ctps.12_2
TH.Polydendrocyte_Tnr_Bmp4.1...      COVAR   14974    0.0062268     0.017489    0.0066368      0.17407 TH.Polydendrocyte_Tnr_Bmp4.12_3
TH.Polydendrocyte_Tnr_Cspg5....      COVAR   14974    0.0025401    0.0076177    0.0053038        0.316 TH.Polydendrocyte_Tnr_Cspg5.12_4
TH.Neuron_Slc17a6_Rora_Atp2b...      COVAR   14974     0.030179     0.080931    0.0088886   0.00034371 TH.Neuron_Slc17a6_Rora_Atp2b4.2_1
TH.Neuron_Slc17a6_Rora_Cacng...      COVAR   14974      0.02643     0.070585    0.0085307   0.00097533 TH.Neuron_Slc17a6_Rora_Cacng4.2_10
TH.Neuron_Slc17a6_Rora_Pvalb...      COVAR   14974     0.024323     0.065493    0.0083336    0.0017606 TH.Neuron_Slc17a6_Rora_Pvalb.2_11
TH.Neuron_Slc17a6_Rora_Nptxr...      COVAR   14974     0.030158     0.080387    0.0091139   0.00046927 TH.Neuron_Slc17a6_Rora_Nptxr.2_2
TH.Neuron_Slc17a6_Rora_Calca...      COVAR   14974     0.024914     0.067123    0.0088185     0.002366 TH.Neuron_Slc17a6_Rora_Calca.2_3
TH.Neuron_Slc17a6_Rora_Nrp2....      COVAR   14974     0.029327     0.079206    0.0088382   0.00045412 TH.Neuron_Slc17a6_Rora_Nrp2.2_4
TH.Neuron_Slc17a6_Rora_C1ql2...      COVAR   14974     0.016576      0.04515    0.0078235     0.017064 TH.Neuron_Slc17a6_Rora_C1ql2.2_5
TH.Neuron_Slc17a6_Rora_Fgf10...      COVAR   14974     0.027602     0.073657    0.0083784   0.00049438 TH.Neuron_Slc17a6_Rora_Fgf10.2_6
TH.Neuron_Slc17a6_Rora_Lypd6...      COVAR   14974     0.018874     0.050537    0.0084929      0.01314 TH.Neuron_Slc17a6_Rora_Lypd6.2_7
TH.Neuron_Slc17a6_Rora_Cbln2...      COVAR   14974     0.026551     0.071123    0.0084953   0.00088959 TH.Neuron_Slc17a6_Rora_Cbln2.2_8
TH.Neuron_Slc17a6_Rora_Lrrtm...      COVAR   14974     0.020938     0.055993    0.0074323     0.002426 TH.Neuron_Slc17a6_Rora_Lrrtm2.2_9
TH.Neuron_Gad1Gad2_Six3-Adcy...      COVAR   14974     0.017919     0.047016    0.0085325     0.017871 TH.Neuron_Gad1Gad2_Six3-Adcy1.3_1
TH.Neuron_Slc17a6_Ebf1.3_10          COVAR   14974      0.02324     0.062708     0.008717    0.0038419 TH.Neuron_Slc17a6_Ebf1.3_10
TH.Neuron_Gad1Gad2_Ttn.3_11          COVAR   14974     0.025514     0.072015     0.006913   0.00011224 TH.Neuron_Gad1Gad2_Ttn.3_11
TH.Neuron_Gad1Gad2_Six3-Sst....      COVAR   14974    0.0080713     0.022312    0.0092151      0.19056 TH.Neuron_Gad1Gad2_Six3-Sst.3_2
TH.Neuron_Gad1Gad2_Pou6f2-Pa...      COVAR   14974     0.023841     0.063683    0.0099703    0.0084025 TH.Neuron_Gad1Gad2_Pou6f2-Pax6.3_3
TH.Neuron_Slc17a6_Pitx2.3_4          COVAR   14974     0.013462     0.037557    0.0084845     0.056301 TH.Neuron_Slc17a6_Pitx2.3_4
TH.Neuron_Gad1Gad2_Chrnb3.3_5        COVAR   14974    0.0094718      0.02678      0.00848      0.13201 TH.Neuron_Gad1Gad2_Chrnb3.3_5
TH.Neuron_Gad1Gad2_Gata3.3_6         COVAR   14974      0.02588     0.070342    0.0091907    0.0024357 TH.Neuron_Gad1Gad2_Gata3.3_6
TH.Neuron_Slc17a6-Gad1Gad2_A...      COVAR   14974    0.0048321     0.013319    0.0091635      0.29899 TH.Neuron_Slc17a6-Gad1Gad2_Asb4.3_7
TH.Neuron_Gad1Gad2_Col25a1.3...      COVAR   14974     0.025208     0.065911     0.010113    0.0063439 TH.Neuron_Gad1Gad2_Col25a1.3_8
TH.Neuron_Slc17a6_Nrgn.3_9           COVAR   14974     0.021494     0.057065    0.0086138    0.0062977 TH.Neuron_Slc17a6_Nrgn.3_9
TH.Endothelial_Stalk_Flt1_Gk...      COVAR   14974    -0.010602    -0.028818    0.0057659      0.96702 TH.Endothelial_Stalk_Flt1_Gkn3.4_1
TH.Endothelial_Stalk_Flt1_Pi...      COVAR   14974   -0.0080085    -0.025187    0.0035494      0.98797 TH.Endothelial_Stalk_Flt1_Pi16.4_2
TH.Endothelial_Stalk_Flt1_Ca...      COVAR   14974    -0.011466    -0.031106    0.0058714      0.97457 TH.Endothelial_Stalk_Flt1_Car4.4_3
TH.Endothelial_Stalk_Flt1_Vw...      COVAR   14974   -0.0087536    -0.024362     0.005371      0.94842 TH.Endothelial_Stalk_Flt1_Vwf.4_4
TH.Mural_Rgs5Acta2_Cnn1.5_1          COVAR   14974    -0.010387    -0.027804    0.0058578      0.96189 TH.Mural_Rgs5Acta2_Cnn1.5_1
TH.Mural_Rgs5Acta2_Car4.5_2          COVAR   14974    -0.016211    -0.043251    0.0061188      0.99596 TH.Mural_Rgs5Acta2_Car4.5_2
TH.Endothelial_Tip_Dcn.6_1           COVAR   14974   -0.0062891    -0.017563    0.0050748      0.89237 TH.Endothelial_Tip_Dcn.6_1
TH.Endothelial_Tip_Dcn_Nenf....      COVAR   14974    -0.014759    -0.041974    0.0047678      0.99902 TH.Endothelial_Tip_Dcn_Nenf.6_2
TH.Macrophage_C1qb_Mrc1.7_1          COVAR   14974   -0.0023016   -0.0066251    0.0045862      0.69211 TH.Macrophage_C1qb_Mrc1.7_1
TH.Microglia_C1qb_Tmem119.7_2        COVAR   14974   0.00041765    0.0011732     0.005434      0.46937 TH.Microglia_C1qb_Tmem119.7_2
TH.Oligodendrocyte_Trf_Klk6....      COVAR   14974  -0.00054146   -0.0014451    0.0066603       0.5324 TH.Oligodendrocyte_Trf_Klk6.8_1
TH.Oligodendrocyte_Trf_Il33....      COVAR   14974    0.0020714    0.0054419     0.007457      0.39059 TH.Oligodendrocyte_Trf_Il33.8_2
TH.Oligodendrocyte_Trf_Ctps....      COVAR   14974    0.0033798     0.009008    0.0069841      0.31422 TH.Oligodendrocyte_Trf_Ctps.8_3
TH.Oligodendrocyte_Trf_Ndrg2...1     COVAR   14974    0.0054644     0.014449     0.007108      0.22103 TH.Oligodendrocyte_Trf_Ndrg2.8_4
TH.Oligodendrocyte_Trf_Ndrg2...2     COVAR   14974   -0.0050659    -0.012944    0.0060295      0.79959 TH.Oligodendrocyte_Trf_Ndrg2.9_1
