# MEAN_SAMPLE_SIZE = 39955
# TOTAL_GENES = 14974
# TEST_DIRECTION = one-sided, positive (set), one-sided, positive (covar)
# CONDITIONED_INTERNAL = gene size, gene density, inverse mac, log(gene size), log(gene density), log(inverse mac)
# CONDITIONED_HIDDEN = Average (covar)
VARIABLE                   TYPE  NGENES         BETA     BETA_STD           SE            P
CB.Neuron                 COVAR   14974     0.025633     0.069245     0.006751   7.3562e-05
CB.Endothelial_stalk      COVAR   14974    -0.013787    -0.039047     0.006246      0.98635
CB.Endothelial_tip        COVAR   14974    -0.014787    -0.040061    0.0054607      0.99661
CB.Mural                  COVAR   14974    -0.016994    -0.045919    0.0052963      0.99933
CB.Microglia              COVAR   14974   -0.0028677   -0.0088349    0.0040335      0.76144
CB.Oligodendrocyte        COVAR   14974    0.0021381    0.0058315    0.0066428      0.37378
CB.Polydendrocyte         COVAR   14974  -0.00097367   -0.0029991    0.0040587      0.59479
CB.Astrocyte              COVAR   14974   0.00064256    0.0017195    0.0070068      0.46347
CB.Choroid_plexus         COVAR   14974   -0.0072635    -0.020114    0.0051439      0.92102
FC.Neuron                 COVAR   14974     0.032027     0.084858    0.0068288   1.3787e-06
FC.Polydendrocyte         COVAR   14974     0.021968     0.057562      0.01039     0.017249
FC.Microglia              COVAR   14974   -0.0042361    -0.011183    0.0058229      0.76653
FC.Macrophage             COVAR   14974     0.000896    0.0025072     0.006031      0.44095
FC.Endothelial_stalk      COVAR   14974   -0.0086143    -0.023047    0.0079809      0.85978
FC.Mural                  COVAR   14974    -0.019211    -0.050607    0.0084642      0.98838
FC.Endothelial_tip        COVAR   14974    -0.016946    -0.044154    0.0083158      0.97921
FC.Astrocyte              COVAR   14974     0.015166     0.038936    0.0092926      0.05135
FC.Oligodendrocyte        COVAR   14974     0.022759     0.059343    0.0092949     0.007178
PC.Neuron                 COVAR   14974     0.032139     0.086433    0.0066499    6.793e-07
PC.Polydendrocyte         COVAR   14974     0.014313     0.038577    0.0088354     0.052627
PC.Microglia              COVAR   14974     0.001686    0.0038252    0.0058351      0.38631
PC.Macrophage             COVAR   14974    0.0019703    0.0056639     0.005595      0.36236
PC.Endothelial_stalk      COVAR   14974    -0.010204    -0.027542    0.0080174      0.89844
PC.Mural                  COVAR   14974    -0.014486    -0.038143    0.0073194      0.97609
PC.Endothelial_tip        COVAR   14974    -0.006603    -0.017067    0.0083918      0.78431
PC.Astrocyte              COVAR   14974     0.019802     0.051439    0.0090934     0.014724
PC.Oligodendrocyte        COVAR   14974     0.019576      0.05179    0.0090328     0.015117
ENT.Oligodendrocyte       COVAR   14974     0.010827     0.028062    0.0085205      0.10192
ENT.Endothelial_stalk     COVAR   14974    -0.015712    -0.043441    0.0070802      0.98675
ENT.Mural                 COVAR   14974    -0.013702    -0.035755    0.0064965      0.98253
ENT.Endothelial_tip       COVAR   14974    -0.009856    -0.029943    0.0043806      0.98776
ENT.Neuron                COVAR   14974     0.028282     0.074017    0.0066635   1.1032e-05
ENT.Polydendrocyte        COVAR   14974     0.013717     0.036783    0.0086998     0.057444
ENT.Astrocyte             COVAR   14974   0.00041114    0.0011159    0.0069211      0.47632
GP.Neuron                 COVAR   14974     0.036066     0.094756    0.0067771   5.2163e-08
GP.Oligodendrocyte        COVAR   14974     0.021684     0.057074     0.008766    0.0066922
GP.Microglia              COVAR   14974   0.00084441    0.0023622    0.0058297      0.44242
GP.Macrophage             COVAR   14974    0.0036244     0.010226    0.0056786      0.26166
GP.Polydendrocyte         COVAR   14974     0.024748     0.061503    0.0093446     0.004049
GP.Mitotic                COVAR   14974     0.002388    0.0077746    0.0035736        0.252
GP.Astrocyte              COVAR   14974     0.015049     0.039273    0.0084019      0.03665
GP.Ependymal              COVAR   14974   -0.0047227    -0.013841    0.0045818      0.84866
GP.Endothelial_stalk      COVAR   14974    -0.011104    -0.030162    0.0076142      0.92762
GP.Mural                  COVAR   14974    -0.020901    -0.054906    0.0073813      0.99768
GP.Endothelial_tip        COVAR   14974    -0.023948    -0.064877     0.007151      0.99959
HC.Neuron                 COVAR   14974     0.029025     0.078043    0.0068428   1.1159e-05
HC.Microglia              COVAR   14974     0.004515     0.012164    0.0067589      0.25207
HC.Macrophage             COVAR   14974   -0.0038222    -0.011239     0.004927      0.78105
HC.Ependymal              COVAR   14974   -0.0075241    -0.019801    0.0061128      0.89081
HC.Choroid_plexus         COVAR   14974   -0.0036129   -0.0097094    0.0057678      0.73447
HC.Neurogenesis           COVAR   14974   -0.0073251    -0.019721    0.0073763      0.83965
HC.Endothelial_stalk      COVAR   14974    -0.011485    -0.031331    0.0072409      0.94363
HC.Mural                  COVAR   14974    -0.023597    -0.063039     0.007465      0.99921
HC.Endothelial_tip        COVAR   14974    -0.024785    -0.064742    0.0074826      0.99954
HC.Astrocyte              COVAR   14974    0.0058776     0.015297    0.0089839      0.25649
HC.Oligodendrocyte        COVAR   14974      0.01123     0.029562    0.0084401      0.09167
HC.Polydendrocyte         COVAR   14974      0.01538     0.041418    0.0091159     0.045797
STR.Ependymal             COVAR   14974   -0.0056939    -0.014933    0.0061819      0.82148
STR.Neuron                COVAR   14974     0.017865     0.047664    0.0068631    0.0046244
STR.Neurogenesis          COVAR   14974    -0.010681    -0.029228    0.0065539      0.94841
STR.Oligodendrocyte       COVAR   14974     0.013301     0.035102    0.0083039     0.054612
STR.Astrocyte             COVAR   14974   -0.0059764    -0.015548    0.0083936      0.76177
STR.Polydendrocyte        COVAR   14974    0.0011464    0.0030296    0.0082511      0.44475
STR.Macrophage            COVAR   14974   -0.0026332   -0.0080251    0.0040732      0.74101
STR.Microglia             COVAR   14974    0.0043021     0.011547    0.0066702      0.25948
STR.Endothelial_stalk     COVAR   14974    -0.017231    -0.046821    0.0075841      0.98845
STR.Mural                 COVAR   14974    -0.026639    -0.071074    0.0070825      0.99992
STR.Endothelial_tip       COVAR   14974    -0.013427    -0.037615     0.006263      0.98397
SN.Neuron                 COVAR   14974     0.041048      0.10771     0.006881   1.2489e-09
SN.Oligodendrocyte        COVAR   14974     0.017962     0.045717    0.0091431     0.024741
SN.Endothelial_stalk      COVAR   14974    -0.010282    -0.027769    0.0075768      0.91261
SN.Mural                  COVAR   14974    -0.023798    -0.062204    0.0074265      0.99932
SN.Endothelial_tip        COVAR   14974    -0.014752    -0.036847    0.0063209      0.99019
SN.Polydendrocyte         COVAR   14974     0.026644     0.069982    0.0089874    0.0015178
SN.Astrocyte              COVAR   14974     0.011593     0.029321    0.0074298     0.059343
SN.Ependymal              COVAR   14974   -0.0045699    -0.014187    0.0038135       0.8846
SN.Macrophage             COVAR   14974  -0.00041541   -0.0011956     0.005475      0.53024
SN.Microglia              COVAR   14974  -0.00020474  -0.00063093    0.0036075      0.52263
TH.Neuron                 COVAR   14974     0.036718     0.095369    0.0070546   9.8434e-08
TH.Ependymal              COVAR   14974   -0.0033533   -0.0088608    0.0059816      0.71246
TH.Astrocyte              COVAR   14974      0.01254     0.032447    0.0077208     0.052182
TH.Polydendrocyte         COVAR   14974     0.019759     0.052776    0.0088687     0.012951
TH.Endothelial_stalk      COVAR   14974     -0.01497    -0.040164    0.0071268      0.98215
TH.Mural                  COVAR   14974    -0.013793    -0.036332     0.007909       0.9594
TH.Endothelial_tip        COVAR   14974    -0.014348    -0.038852    0.0066918      0.98398
TH.Macrophage             COVAR   14974   0.00033037   0.00095097    0.0052163      0.47475
TH.Microglia              COVAR   14974       0.0077     0.021629    0.0059807     0.098976
TH.Oligodendrocyte        COVAR   14974     0.019934     0.050775    0.0093342     0.016365
