# MEAN_SAMPLE_SIZE = 2613
# TOTAL_GENES = 14594
# TEST_DIRECTION = one-sided, positive (set), one-sided, positive (covar)
# CONDITIONED_INTERNAL = gene size, gene density, inverse mac, log(gene size), log(gene density), log(inverse mac)
# CONDITIONED_HIDDEN = Average (covar)
VARIABLE                              TYPE  NGENES         BETA     BETA_STD           SE            P FULL_NAME
Embryonic_Mesenchyme.Dendrit...      COVAR   14594      0.11388     0.015166      0.16554      0.24576 Embryonic_Mesenchyme.Dendritic_Cell
Embryonic_Mesenchyme.Endothe...      COVAR   14594    -0.063622   -0.0084894      0.10107      0.73548 Embryonic_Mesenchyme.Endothelial_Cell
Embryonic_Mesenchyme.Erythro...1     COVAR   14594     0.085204      0.01257      0.11926      0.23749 Embryonic_Mesenchyme.Erythroblast_Hbb.bs_high
Embryonic_Mesenchyme.Erythro...2     COVAR   14594    -0.096162    -0.020269     0.083229      0.87603 Embryonic_Mesenchyme.Erythroblast_Mt2_high
Embryonic_Mesenchyme.Erythro...3     COVAR   14594     -0.14259     -0.01731      0.12371      0.87546 Embryonic_Mesenchyme.Erythroid_Cell
Embryonic_Mesenchyme.Ganglio...1     COVAR   14594      0.12478     0.014641      0.14519      0.19507 Embryonic_Mesenchyme.Ganglion_cell_Cartpt_high
Embryonic_Mesenchyme.Ganglio...2     COVAR   14594      0.19355     0.024499      0.11746     0.049707 Embryonic_Mesenchyme.Ganglion_cell_Gal_high
Embryonic_Mesenchyme.Ganglio...3     COVAR   14594     0.076719    0.0073942      0.16384       0.3198 Embryonic_Mesenchyme.Ganglion_cell_Mapt_high
Embryonic_Mesenchyme.Lymphoi...      COVAR   14594     -0.22016    -0.031768      0.13676      0.94627 Embryonic_Mesenchyme.Lymphoid_progenitor_cell
Embryonic_Mesenchyme.Macroph...      COVAR   14594      0.35503     0.042915      0.16996     0.018367 Embryonic_Mesenchyme.Macrophage
Embryonic_Mesenchyme.Muscle          COVAR   14594     -0.25409    -0.032213      0.18727      0.91257 Embryonic_Mesenchyme.Muscle
Embryonic_Mesenchyme.Neuron_...1     COVAR   14594    -0.019407   -0.0016996      0.20176      0.53831 Embryonic_Mesenchyme.Neuron_Igfbpl1_high
Embryonic_Mesenchyme.Neuron_...2     COVAR   14594       0.1118     0.012388      0.15169      0.23057 Embryonic_Mesenchyme.Neuron_Isl1_high
Embryonic_Mesenchyme.Neuron_...3     COVAR   14594    0.0077416   0.00080535      0.15448      0.48002 Embryonic_Mesenchyme.Neuron_Npy_high
Embryonic_Mesenchyme.Neurona...      COVAR   14594    -0.039686   -0.0040271       0.1236      0.62593 Embryonic_Mesenchyme.Neuronal_Progenitors
Embryonic_Mesenchyme.Neutrop...      COVAR   14594    0.0051965    0.0010742     0.056096       0.4631 Embryonic_Mesenchyme.Neutrophil
Embryonic_Mesenchyme.Progeni...      COVAR   14594    -0.014104   -0.0021228      0.10595      0.55295 Embryonic_Mesenchyme.Progenitor_cell_Ptprcap_high
Embryonic_Mesenchyme.Reprodu...      COVAR   14594    0.0031358   0.00034927      0.14366      0.49129 Embryonic_Mesenchyme.Reproductive_tissues
Embryonic_Mesenchyme.Skeleta...      COVAR   14594      0.14527     0.017095      0.13394      0.13906 Embryonic_Mesenchyme.Skeletal_Muscle
Embryonic_Mesenchyme.Stromal...1     COVAR   14594     -0.34036     -0.03263      0.21543      0.94293 Embryonic_Mesenchyme.Stromal_Cell_Agtr2_high
Embryonic_Mesenchyme.Stromal...2     COVAR   14594     -0.18673    -0.019817      0.12501      0.93237 Embryonic_Mesenchyme.Stromal_Cell_Cldn11_high
Embryonic_Mesenchyme.Stromal...3     COVAR   14594     -0.37023    -0.041705      0.17379      0.98342 Embryonic_Mesenchyme.Stromal_Cell_Cnmd_high
Embryonic_Mesenchyme.Stromal...6     COVAR   14594     -0.24308    -0.022024      0.27139      0.81479 Embryonic_Mesenchyme.Stromal_cell_Cxcl12_high
Embryonic_Mesenchyme.Stromal...4     COVAR   14594     -0.28643    -0.031398       0.2032      0.92065 Embryonic_Mesenchyme.Stromal_Cell_Cxcl14_high
Embryonic_Mesenchyme.Stromal...5     COVAR   14594     -0.23854    -0.027029      0.19214      0.89277 Embryonic_Mesenchyme.Stromal_Cell_fabp7_high
Fetal_Brain.Dopaminergic_neu...      COVAR   14594      0.10913     0.010975      0.14536      0.22641 Fetal_Brain.Dopaminergic_neurons_
Fetal_Brain.Ependymal_cell           COVAR   14594       -0.229     -0.02456      0.14664       0.9408 Fetal_Brain.Ependymal_cell
Fetal_Brain.Erythroblast_Hbb...      COVAR   14594    -0.020819   -0.0024525      0.12415      0.56658 Fetal_Brain.Erythroblast_Hbb.bh1_high
Fetal_Brain.Erythrocyte_Hbb....      COVAR   14594     0.053122    0.0067403      0.10075      0.29901 Fetal_Brain.Erythrocyte_Hbb.bt_high
Fetal_Brain.Granule_neurons          COVAR   14594     0.035409    0.0034155      0.17678      0.42063 Fetal_Brain.Granule_neurons
Fetal_Brain.Hippocampus_neur...      COVAR   14594     0.056295    0.0052417      0.17507       0.3739 Fetal_Brain.Hippocampus_neurons_Asic4_high
Fetal_Brain.Macrophage               COVAR   14594      0.20281     0.026643      0.13435     0.065586 Fetal_Brain.Macrophage
Fetal_Brain.Microglia                COVAR   14594      0.23026     0.029395       0.1527     0.065803 Fetal_Brain.Microglia
Fetal_Brain.Neural_progenito...      COVAR   14594       0.0685    0.0063189      0.17885      0.35086 Fetal_Brain.Neural_progenitor_cell
Fetal_Brain.Neuron_Kpna2_high        COVAR   14594    0.0070014   0.00071355      0.15746      0.48227 Fetal_Brain.Neuron_Kpna2_high
Fetal_Brain.Neuron_tuba1c_hi...      COVAR   14594     0.039456    0.0040676      0.19229      0.41871 Fetal_Brain.Neuron_tuba1c_high
Fetal_Brain.Postmitotic_neur...      COVAR   14594   -0.0076758   -0.0007445      0.17136      0.51786 Fetal_Brain.Postmitotic_neurons_Lhx9_high
Fetal_Brain.Purkinje_cell            COVAR   14594     0.096552     0.011406      0.11642      0.20347 Fetal_Brain.Purkinje_cell
Fetal_Brain.Pyramidal_neuron...      COVAR   14594    -0.036695   -0.0036255      0.17648      0.58236 Fetal_Brain.Pyramidal_neuron_cell
Fetal_Brain.Radial_glia_Fabp...      COVAR   14594    0.0014653   0.00014754      0.17895      0.49673 Fetal_Brain.Radial_glia_Fabp7_high
Fetal_Brain.Radial_glia_Vim_...      COVAR   14594    -0.041892   -0.0039653      0.21783      0.57625 Fetal_Brain.Radial_glia_Vim_high
Fetal_Brain.Schwann_cell             COVAR   14594     0.089952    0.0085989      0.15813      0.28473 Fetal_Brain.Schwann_cell
Fetal_Brain.Stromal_cell             COVAR   14594    -0.087721   -0.0096363      0.17931      0.68765 Fetal_Brain.Stromal_cell
Fetal_Intestine.Acinar_cell          COVAR   14594    -0.080689    -0.013274      0.11972      0.74984 Fetal_Intestine.Acinar_cell
Fetal_Intestine.Endothelial_...      COVAR   14594     -0.27117     -0.03206      0.13294      0.97931 Fetal_Intestine.Endothelial_cell
Fetal_Intestine.Enteric_musc...      COVAR   14594     -0.39588    -0.041339      0.21694      0.96598 Fetal_Intestine.Enteric_muscle_cell
Fetal_Intestine.Enterocyte_p...1     COVAR   14594     -0.38618    -0.038955      0.27078      0.92308 Fetal_Intestine.Enterocyte_progenitor
Fetal_Intestine.Enterocyte_p...2     COVAR   14594     -0.11447    -0.012465      0.18368      0.73343 Fetal_Intestine.Enterocyte_progenitor_late_Ccnb1_high
Fetal_Intestine.Enterocyte_p...3     COVAR   14594     -0.36896    -0.042987      0.20768      0.96217 Fetal_Intestine.Enterocyte_progenitor_late_Ube2c_high
Fetal_Intestine.Enteroendocr...      COVAR   14594      0.10575     0.012935       0.1141      0.17702 Fetal_Intestine.Enteroendocrine
Fetal_Intestine.Epithelial_c...1     COVAR   14594     0.082572     0.010066      0.19206      0.33362 Fetal_Intestine.Epithelial_cell_Bex1_high
Fetal_Intestine.Epithelial_c...2     COVAR   14594    0.0074564   0.00095578       0.1826      0.48371 Fetal_Intestine.Epithelial_cell_Lgals2_high
Fetal_Intestine.Erythroblast...1     COVAR   14594    -0.049746   -0.0077107     0.088081      0.71388 Fetal_Intestine.Erythroblast_Car2_high
Fetal_Intestine.Erythroblast...2     COVAR   14594     -0.26469    -0.030775        0.203      0.90386 Fetal_Intestine.Erythroblast_Hbb.bs_high
Fetal_Intestine.Erythroblast...3     COVAR   14594     -0.31205    -0.038642      0.15847      0.97552 Fetal_Intestine.Erythroblast_Hbb.y_high
Fetal_Intestine.Macrophage_L...      COVAR   14594     0.083352     0.010381      0.17964      0.32133 Fetal_Intestine.Macrophage_Lyz2_high
Fetal_Intestine.Macrophage_P...      COVAR   14594      0.33788     0.038426      0.18027     0.030459 Fetal_Intestine.Macrophage_Pf4_high
Fetal_Intestine.Neuronal_cel...      COVAR   14594     -0.22533    -0.025504      0.21955      0.84762 Fetal_Intestine.Neuronal_cell_Fabp7_high
Fetal_Intestine.Neuronal_Cel...      COVAR   14594    -0.012562   -0.0014825      0.16578       0.5302 Fetal_Intestine.Neuronal_Cells_Rtn1_high
Fetal_Intestine.Stromal_cell...1     COVAR   14594     -0.57362    -0.059203      0.26712      0.98411 Fetal_Intestine.Stromal_cell_Adamdec1_high
Fetal_Intestine.Stromal_cell...2     COVAR   14594     -0.22127    -0.024102      0.21602      0.84714 Fetal_Intestine.Stromal_cell_Stmn2_high_
Fetal_Intestine.Stromal_cell...3     COVAR   14594     -0.26901     -0.02661      0.20841      0.90159 Fetal_Intestine.Stromal_cell_Upk3b_high
Fetal_Intestine.T_cell               COVAR   14594     -0.14463     -0.01881       0.1613      0.81504 Fetal_Intestine.T_cell
Fetal_Kidney.Stromal_cell_Mg...      COVAR   14594     -0.01346   -0.0030771     0.040811      0.62923 Fetal_Kidney.Stromal_cell_Mgp_high
Fetal_Liver.B_cell                   COVAR   14594      0.11845     0.019868     0.091024     0.096587 Fetal_Liver.B_cell
Fetal_Liver.Dendritic_cell           COVAR   14594      0.05714    0.0079494      0.14723      0.34897 Fetal_Liver.Dendritic_cell
Fetal_Liver.Erythroblast_Hba...      COVAR   14594     0.072745    0.0092654      0.10455      0.24328 Fetal_Liver.Erythroblast_Hba.a2_high
Fetal_Liver.Erythroblast_Klf...      COVAR   14594     0.035235    0.0054002      0.11746       0.3821 Fetal_Liver.Erythroblast_Klf1_high
Fetal_Liver.Hepatocyte_Afp_h...      COVAR   14594     -0.10526    -0.014863       0.1006      0.85229 Fetal_Liver.Hepatocyte_Afp_high
Fetal_Liver.Macrophage               COVAR   14594      0.25385     0.035193      0.11877     0.016294 Fetal_Liver.Macrophage
Fetal_Liver.Mast_cell_Mcpt8_...      COVAR   14594    -0.048418   -0.0067025      0.12153      0.65483 Fetal_Liver.Mast_cell_Mcpt8_high
Fetal_Liver.Megakaryocyte            COVAR   14594     0.063835    0.0097004      0.10663       0.2747 Fetal_Liver.Megakaryocyte
Fetal_Liver.Neutrophil_Elane...      COVAR   14594    -0.075734    -0.010777      0.13779       0.7087 Fetal_Liver.Neutrophil_Elane_high
Fetal_Liver.Neutrophil_Ngp_h...      COVAR   14594    -0.010849   -0.0017803     0.088453      0.54881 Fetal_Liver.Neutrophil_Ngp_high
Fetal_Liver.Stem_and_progeni...      COVAR   14594     -0.13591    -0.019295      0.14999      0.81756 Fetal_Liver.Stem_and_progenitor_cell
Fetal_Lung.Epithelial_cell_A...      COVAR   14594     -0.24834    -0.030242      0.17601      0.92085 Fetal_Lung.Epithelial_cell_Aldh1a2_high
Fetal_Lung.Epithelial_cell_S...      COVAR   14594      -0.4636    -0.056229       0.2078      0.98715 Fetal_Lung.Epithelial_cell_Sftpc_high
Fetal_Lung.Erythroblast_Hba....      COVAR   14594     -0.42356    -0.050345      0.18948      0.98729 Fetal_Lung.Erythroblast_Hba.x_high
Fetal_Lung.Erythroblast_Hbb....      COVAR   14594     -0.24075    -0.029277        0.191      0.89625 Fetal_Lung.Erythroblast_Hbb.bs_high
Fetal_Lung.Erythroblast_Mt2_...      COVAR   14594     0.066423     0.009094      0.13094      0.30598 Fetal_Lung.Erythroblast_Mt2_high
Fetal_Lung.Erythroblast_Mt2....      COVAR   14594    -0.024766   -0.0038058       0.1221      0.58037 Fetal_Lung.Erythroblast_Mt2.Mt1_high
Fetal_Lung.Macrophage_Lyz2_h...      COVAR   14594      0.16385     0.021373       0.1593      0.15186 Fetal_Lung.Macrophage_Lyz2_high
Fetal_Lung.Macrophage_Pf4high        COVAR   14594      0.25744     0.031173       0.1607     0.054593 Fetal_Lung.Macrophage_Pf4high
Fetal_Lung.Neutrophil_Gm5483...      COVAR   14594     -0.34411     -0.03709       0.1794      0.97244 Fetal_Lung.Neutrophil_Gm5483_high
Fetal_Lung.Neutrophil_S100a8...      COVAR   14594     -0.34642    -0.050398      0.15548      0.98706 Fetal_Lung.Neutrophil_S100a8_high
Fetal_Lung.Smooth_muscle_cell        COVAR   14594     -0.39569    -0.045551      0.20159      0.97516 Fetal_Lung.Smooth_muscle_cell
Fetal_Lung.Stromal_cell_Ankf...      COVAR   14594     -0.59827    -0.065881      0.24208      0.99326 Fetal_Lung.Stromal_cell_Ankfy1_high
Fetal_Lung.Stromal_cell_Ptn_...      COVAR   14594     -0.42348    -0.046325      0.23516      0.96412 Fetal_Lung.Stromal_cell_Ptn_high
Fetal_Stomache.Acinar_cell_C...      COVAR   14594     -0.12182    -0.015057      0.16968      0.76359 Fetal_Stomache.Acinar_cell_Ctrb1_high
Fetal_Stomache.Acinar_cell_S...      COVAR   14594     -0.22596     -0.02678      0.19861      0.87236 Fetal_Stomache.Acinar_cell_Spp1_high
Fetal_Stomache.Endocrine_cell        COVAR   14594    -0.091196   -0.0089625      0.21129      0.66699 Fetal_Stomache.Endocrine_cell
Fetal_Stomache.Endocrine_pro...      COVAR   14594    -0.077592   -0.0083165      0.14941      0.69822 Fetal_Stomache.Endocrine_progenitor_cell
Fetal_Stomache.Epithelial_ce...      COVAR   14594     -0.25934    -0.027436      0.25128      0.84897 Fetal_Stomache.Epithelial_cell
Fetal_Stomache.Erythroblast_...1     COVAR   14594    -0.058441   -0.0070725      0.15077      0.65085 Fetal_Stomache.Erythroblast_Car2_high
Fetal_Stomache.Erythroblast_...2     COVAR   14594     -0.11318    -0.012107       0.1796      0.73572 Fetal_Stomache.Erythroblast_Hba.x_HIGH
Fetal_Stomache.Erythroblast_...3     COVAR   14594     -0.22621     -0.02142      0.29965      0.77484 Fetal_Stomache.Erythroblast_Hbb.bs_high
Fetal_Stomache.Erythroblast_...4     COVAR   14594    -0.045021    -0.006094      0.14633      0.62083 Fetal_Stomache.Erythroblast_Klf1_high
Fetal_Stomache.Erythroblast_...5     COVAR   14594    -0.053941      -0.0061      0.13472      0.65557 Fetal_Stomache.Erythroblast_Snca_high
Fetal_Stomache.Hepatocyte.Li...      COVAR   14594     0.015378    0.0026408     0.068145      0.41073 Fetal_Stomache.Hepatocyte.Like_Cell_
Fetal_Stomache.Immunocyte_Ly...      COVAR   14594     0.097703     0.011151      0.20578      0.31747 Fetal_Stomache.Immunocyte_Lyz2_high
Fetal_Stomache.Macrophage            COVAR   14594      0.30532     0.032011      0.23002     0.092204 Fetal_Stomache.Macrophage
Fetal_Stomache.Mast_cell             COVAR   14594     -0.50493    -0.057128      0.21522      0.99051 Fetal_Stomache.Mast_cell
Fetal_Stomache.Muscle_cell           COVAR   14594     -0.31679    -0.030737       0.2297      0.91607 Fetal_Stomache.Muscle_cell
Fetal_Stomache.Neuron                COVAR   14594     -0.17008    -0.017423      0.18101      0.82629 Fetal_Stomache.Neuron
Fetal_Stomache.Neutrophil            COVAR   14594     -0.10666     -0.01286      0.13114      0.79196 Fetal_Stomache.Neutrophil
Fetal_Stomache.Progenitor_ce...      COVAR   14594     -0.75463    -0.071391      0.26569      0.99774 Fetal_Stomache.Progenitor_cell
Fetal_Stomache.Stomach_cell_...      COVAR   14594     -0.47292    -0.045047      0.25026      0.97059 Fetal_Stomache.Stomach_cell_Kazald1_high
Fetal_Stomache.Stromal_cell_...1     COVAR   14594     -0.63154    -0.058664      0.28033      0.98786 Fetal_Stomache.Stromal_cell_Cdkn1c_high
Fetal_Stomache.Stromal_cell_...2     COVAR   14594     -0.44929    -0.044086      0.27471      0.94902 Fetal_Stomache.Stromal_cell_Dcn_high
Placenta.B_cell                      COVAR   14594    -0.014047   -0.0023844     0.052025      0.60642 Placenta.B_cell
Placenta.Basophil                    COVAR   14594     -0.10759    -0.011774      0.10911      0.83794 Placenta.Basophil
Placenta.Decidual_stromal_ce...      COVAR   14594    -0.048152   -0.0076665     0.083316      0.71835 Placenta.Decidual_stromal_cell
Placenta.Dendritic_cell              COVAR   14594      0.20301     0.020102       0.1436     0.078734 Placenta.Dendritic_cell
Placenta.Endodermal_cell_Afp...      COVAR   14594     0.039998    0.0067664     0.081836      0.31251 Placenta.Endodermal_cell_Afp_high
Placenta.Endothelial_cell_Ma...      COVAR   14594     -0.13715    -0.016161      0.14982      0.82002 Placenta.Endothelial_cell_Maged2_high
Placenta.Erythroblast_Hbb.y_...      COVAR   14594    -0.071583    -0.009817      0.09212      0.78143 Placenta.Erythroblast_Hbb.y_high
Placenta.Granulocyte_monocyt...      COVAR   14594     0.080984     0.012225      0.10222      0.21411 Placenta.Granulocyte_monocyte_progenitors
Placenta.Granulocyte_Neat1_h...      COVAR   14594     0.025827    0.0044796     0.051995       0.3097 Placenta.Granulocyte_Neat1_high
Placenta.Granulocyte_S100a9_...      COVAR   14594       0.0169    0.0021428     0.081766      0.41813 Placenta.Granulocyte_S100a9_high
Placenta.HSPC_Lmo2_high              COVAR   14594   -0.0085341    -0.001373       0.1203      0.52828 Placenta.HSPC_Lmo2_high
Placenta.Invasive_spongiotro...      COVAR   14594     0.074734    0.0091182      0.11889       0.2648 Placenta.Invasive_spongiotrophoblast
Placenta.Labyrinthine_tropho...      COVAR   14594     0.052971    0.0093239     0.073752      0.23631 Placenta.Labyrinthine_trophoblast
Placenta.Macrophage_Apoe_high        COVAR   14594      0.26932     0.032345      0.13167     0.020417 Placenta.Macrophage_Apoe_high
Placenta.Macrophage_Spp1_high        COVAR   14594     0.083067     0.012341      0.10314       0.2103 Placenta.Macrophage_Spp1_high
Placenta.Megakaryocyte_proge...      COVAR   14594      0.14509     0.019901     0.074555     0.025836 Placenta.Megakaryocyte_progenitor_cell
Placenta.Monocyte                    COVAR   14594      0.19209     0.019902      0.12739     0.065801 Placenta.Monocyte
Placenta.NK_cell                     COVAR   14594    -0.047721   -0.0081526     0.089801      0.70243 Placenta.NK_cell
Placenta.NKT_cell                    COVAR   14594    -0.060771   -0.0085867     0.099758       0.7288 Placenta.NKT_cell
Placenta.PE_lineage_cell_Gkn...      COVAR   14594     -0.05229    -0.006207      0.11514      0.67513 Placenta.PE_lineage_cell_Gkn2_high
Placenta.PE_lineage_cell_S10...      COVAR   14594    -0.084449   -0.0088105      0.15972      0.70151 Placenta.PE_lineage_cell_S100g_high
Placenta.Progenitor_trophobl...      COVAR   14594     0.031582    0.0050133      0.13022      0.40419 Placenta.Progenitor_trophoblast_Gjb3_high
Placenta.Spiral_artery_troph...      COVAR   14594     -0.18073    -0.027309      0.12644      0.92354 Placenta.Spiral_artery_trophoblast_giant_cells
Placenta.Spongiotrophoblast_...1     COVAR   14594      0.17414       0.0329       0.0813     0.016108 Placenta.Spongiotrophoblast_Hsd11b2_high
Placenta.Spongiotrophoblast_...2     COVAR   14594      0.13101     0.020066      0.11737      0.13218 Placenta.Spongiotrophoblast_Phlda2_high
Placenta.Stromal_cell                COVAR   14594    -0.019803   -0.0022631      0.16695      0.54721 Placenta.Stromal_cell
Placenta.Stromal_cell_Acta2_...      COVAR   14594     -0.18262    -0.022698        0.139      0.90553 Placenta.Stromal_cell_Acta2_high
Placenta.Trophoblast_progeni...      COVAR   14594     -0.11805    -0.012323       0.1181      0.84122 Placenta.Trophoblast_progenitor_Taf7l_high
