# MEAN_SAMPLE_SIZE = 2613
# TOTAL_GENES = 14594
# TEST_DIRECTION = one-sided, positive (set), one-sided, positive (covar)
# CONDITIONED_INTERNAL = gene size, gene density, inverse mac, log(gene size), log(gene density), log(inverse mac)
# CONDITIONED_HIDDEN = Average (covar)
VARIABLE                               TYPE  NGENES         BETA     BETA_STD           SE            P FULL_NAME
Bladder.Basal_epithelial_cell         COVAR   14594     0.064266     0.013752     0.074045      0.19272 Bladder.Basal_epithelial_cell
Bladder.Dendritic_cell_Cd74_...       COVAR   14594      0.15168     0.018847      0.11871      0.10069 Bladder.Dendritic_cell_Cd74_high
Bladder.Dendritic_cell_Lyz2_...       COVAR   14594      0.22213     0.032868      0.11176     0.023444 Bladder.Dendritic_cell_Lyz2_high
Bladder.Endothelial_cell_Ly6...       COVAR   14594     0.026743    0.0038901     0.092355      0.38608 Bladder.Endothelial_cell_Ly6c1_high
Bladder.Epithelial_cell_Gm23...       COVAR   14594      0.25745     0.031783       0.1066    0.0078735 Bladder.Epithelial_cell_Gm23935_high
Bladder.Epithelial_cell_Upk3...       COVAR   14594     0.057169    0.0086741     0.097549      0.27892 Bladder.Epithelial_cell_Upk3a_high
Bladder.Macrophage_Pf4_high           COVAR   14594      0.15114     0.020109     0.094844     0.055526 Bladder.Macrophage_Pf4_high
Bladder.Mesenchymal_stromal_...       COVAR   14594     -0.14273    -0.019386      0.10687      0.90915 Bladder.Mesenchymal_stromal_cell
Bladder.NK_cell                       COVAR   14594     -0.10412    -0.014028      0.11475      0.81787 Bladder.NK_cell
Bladder.Smooth_muscle_cell            COVAR   14594    -0.034932   -0.0044199      0.10697        0.628 Bladder.Smooth_muscle_cell
Bladder.Stromal_cell_Car3_hi...       COVAR   14594     -0.12591    -0.019737     0.091328      0.91598 Bladder.Stromal_cell_Car3_high
Bladder.Stromal_cell_Dpt_high         COVAR   14594     -0.13263    -0.020509     0.088937      0.93205 Bladder.Stromal_cell_Dpt_high
Bladder.Umbrella_cell                 COVAR   14594     0.042285      0.02039     0.031501     0.089752 Bladder.Umbrella_cell
Bladder.Urothelium                    COVAR   14594       0.0579     0.018079     0.049509      0.12112 Bladder.Urothelium
Bladder.Vascular_endothelial...       COVAR   14594    -0.045278   -0.0062189       0.1068      0.66419 Bladder.Vascular_endothelial_cell
Bladder.Vascular_smooth_musc...       COVAR   14594    -0.064194   -0.0094353     0.075132      0.80356 Bladder.Vascular_smooth_muscle_progenitor_cell
Bone_Marrow.B_cell                    COVAR   14594    -0.049388    -0.006458      0.13587      0.64188 Bone_Marrow.B_cell
Bone_Marrow.B_cell_Igkc_high          COVAR   14594   -0.0092564   -0.0012697     0.081752      0.54507 Bone_Marrow.B_cell_Igkc_high
Bone_Marrow.Basophil                  COVAR   14594     -0.10156     -0.01519      0.11821      0.80487 Bone_Marrow.Basophil
Bone_Marrow.Basophils                 COVAR   14594     -0.22114    -0.031061      0.13809      0.94534 Bone_Marrow.Basophils
Bone_Marrow.CXCL12.abundant_...       COVAR   14594     0.036622    0.0058173     0.090978      0.34365 Bone_Marrow.CXCL12.abundant_reticular_cell
Bone_Marrow.Dendritic_cell_S...       COVAR   14594      0.08592     0.013585     0.069907      0.10953 Bone_Marrow.Dendritic_cell_Siglech_high
Bone_Marrow.Endothelial_cells         COVAR   14594    -0.084778    -0.013173      0.10709      0.78572 Bone_Marrow.Endothelial_cells
Bone_Marrow.Endothelial_cell...       COVAR   14594     -0.12173    -0.014167      0.15273      0.78727 Bone_Marrow.Endothelial_cells_Ly6c1_high
Bone_Marrow.Eosinophil_proge...       COVAR   14594    -0.078325     -0.01051      0.10499      0.77217 Bone_Marrow.Eosinophil_progenitor_cell
Bone_Marrow.Eosinophils               COVAR   14594     -0.29235    -0.038309      0.11183      0.99552 Bone_Marrow.Eosinophils
Bone_Marrow.Erythroblast              COVAR   14594     0.016453    0.0023275      0.10539      0.43797 Bone_Marrow.Erythroblast
Bone_Marrow.Erythrocyte_prog...1      COVAR   14594    -0.028727    -0.005692     0.080566      0.63929 Bone_Marrow.Erythrocyte_progenitor_Car1_high
Bone_Marrow.Erythrocyte_prog...2      COVAR   14594     0.028399    0.0060465     0.065451      0.33218 Bone_Marrow.Erythrocyte_progenitor_Hba.a1_high
Bone_Marrow.Erythrocytes              COVAR   14594   -0.0076138   -0.0012859     0.087315      0.53474 Bone_Marrow.Erythrocytes
Bone_Marrow.Fibroblasts               COVAR   14594    -0.048959   -0.0069887      0.10548      0.67872 Bone_Marrow.Fibroblasts
Bone_Marrow.Granulocyte_mono...       COVAR   14594     -0.11585    -0.019455     0.082747      0.91923 Bone_Marrow.Granulocyte_monocyte_progenitors
Bone_Marrow.Hematopoietic_st...       COVAR   14594    -0.036998    -0.007554     0.065006      0.71536 Bone_Marrow.Hematopoietic_stem_progenitor_cell
Bone_Marrow.Macrophage_C1qc_...       COVAR   14594    -0.039212   -0.0049059      0.11173      0.63719 Bone_Marrow.Macrophage_C1qc_high
Bone_Marrow.Macrophage_Cd74_...       COVAR   14594    -0.023178   -0.0032969      0.10859      0.58451 Bone_Marrow.Macrophage_Cd74_high
Bone_Marrow.Macrophage_Ms4a6...       COVAR   14594      0.06269       0.0145      0.06165      0.15461 Bone_Marrow.Macrophage_Ms4a6c_high
Bone_Marrow.Macrophage_S100a...       COVAR   14594     0.097199     0.014154     0.095107       0.1534 Bone_Marrow.Macrophage_S100a4_high
Bone_Marrow.Megakaryocyte             COVAR   14594    -0.018581   -0.0038742     0.065409      0.61182 Bone_Marrow.Megakaryocyte
Bone_Marrow.Megakaryocyte_pr...       COVAR   14594    -0.039305   -0.0061373      0.10477      0.64622 Bone_Marrow.Megakaryocyte_progenitor_cell
Bone_Marrow.Monocyte_progeni...1      COVAR   14594    -0.044747   -0.0078573      0.11013      0.65775 Bone_Marrow.Monocyte_progenitor
Bone_Marrow.Monocyte_progeni...2      COVAR   14594    -0.047963    -0.010269     0.084351      0.71519 Bone_Marrow.Monocyte_progenitor_cell_Ctsg_high
Bone_Marrow.Monocyte_progeni...3      COVAR   14594      -0.1504     -0.02234      0.12062      0.89377 Bone_Marrow.Monocyte_progenitor_cell_Prtn3_high
Bone_Marrow.Monocyte_Prtn3_h...       COVAR   14594     0.023176      0.00911     0.032485      0.23779 Bone_Marrow.Monocyte_Prtn3_high
Bone_Marrow.MSC                       COVAR   14594     -0.07048   -0.0091771      0.11661      0.72721 Bone_Marrow.MSC
Bone_Marrow.Multipotent_prog...       COVAR   14594     -0.13565    -0.020885       0.1246      0.86183 Bone_Marrow.Multipotent_progenitor_Ctla2a_high
Bone_Marrow.Myoblast                  COVAR   14594     -0.11981    -0.017608     0.095335      0.89556 Bone_Marrow.Myoblast
Bone_Marrow.Neutrophil_               COVAR   14594     -0.13822    -0.020036      0.13015      0.85587 Bone_Marrow.Neutrophil_
Bone_Marrow.Neutrophil_Cebpe...       COVAR   14594    0.0089321    0.0018027     0.055892      0.43652 Bone_Marrow.Neutrophil_Cebpe_high
Bone_Marrow.Neutrophil_Fcnb_...       COVAR   14594    0.0043845   0.00059181      0.11398      0.48466 Bone_Marrow.Neutrophil_Fcnb_high
Bone_Marrow.Neutrophil_Ighg1...       COVAR   14594      0.03173    0.0033761      0.14275      0.41205 Bone_Marrow.Neutrophil_Ighg1_high
Bone_Marrow.Neutrophil_Lcn2_...       COVAR   14594    -0.059093   -0.0060382      0.15801      0.64579 Bone_Marrow.Neutrophil_Lcn2_high
Bone_Marrow.Neutrophil_Ltf_h...       COVAR   14594     0.033676    0.0042463      0.10537      0.37464 Bone_Marrow.Neutrophil_Ltf_high
Bone_Marrow.Neutrophil_Mmp8_...       COVAR   14594     0.058872      0.00757      0.08691      0.24908 Bone_Marrow.Neutrophil_Mmp8_high
Bone_Marrow.Neutrophil_Ngp_h...       COVAR   14594     0.012966    0.0014047       0.1154      0.45527 Bone_Marrow.Neutrophil_Ngp_high
Bone_Marrow.Neutrophil_proge...       COVAR   14594    -0.015446   -0.0016741      0.10037      0.56115 Bone_Marrow.Neutrophil_progenitor
Bone_Marrow.Neutrophil_Retnl...       COVAR   14594     0.031295    0.0036772      0.10095      0.37828 Bone_Marrow.Neutrophil_Retnlg_high
Bone_Marrow.Osteoblasts               COVAR   14594     -0.07573    -0.010238      0.10875      0.75689 Bone_Marrow.Osteoblasts
Bone_Marrow.Pre.pro_B_cell            COVAR   14594    0.0040279   0.00052588      0.10392      0.48454 Bone_Marrow.Pre.pro_B_cell
Bone_Marrow.Proerythrocytes           COVAR   14594    -0.036203   -0.0070289     0.081264      0.67202 Bone_Marrow.Proerythrocytes
Bone_Marrow.Stromal_cell_Cnm...       COVAR   14594    -0.089015    -0.014867      0.08976      0.83932 Bone_Marrow.Stromal_cell_Cnmd_high
Bone_Marrow.Stromal_cell_Col...1      COVAR   14594    -0.073182    -0.012642     0.083439      0.80977 Bone_Marrow.Stromal_cell_Col10a1_high
Bone_Marrow.Stromal_cell_Col...2      COVAR   14594    -0.083861    -0.011966      0.10847      0.78027 Bone_Marrow.Stromal_cell_Col1a2_high
Bone_Marrow.T_cell_Ms4a4b_hi...       COVAR   14594     0.027278    0.0027365      0.12915      0.41636 Bone_Marrow.T_cell_Ms4a4b_high
Brain.Astrocyte_Atp1b2_high           COVAR   14594      0.26714     0.024175      0.11434    0.0097442 Brain.Astrocyte_Atp1b2_high
Brain.Astrocyte_Mfe8_high             COVAR   14594      0.22732     0.022244      0.11121     0.020481 Brain.Astrocyte_Mfe8_high
Brain.Astrocyte_Pla2g7_high           COVAR   14594     0.020927    0.0024348     0.080757      0.39777 Brain.Astrocyte_Pla2g7_high
Brain.Astroglial_cell                 COVAR   14594      0.16354     0.022553     0.076586     0.016374 Brain.Astroglial_cell
Brain.Granulocyte_Il33_high           COVAR   14594      0.10464     0.013796     0.073475     0.077209 Brain.Granulocyte_Il33_high
Brain.Granulocyte_Ngp_high            COVAR   14594   -0.0044146  -0.00096849     0.041577      0.54228 Brain.Granulocyte_Ngp_high
Brain.Hypothalamic_ependymal...       COVAR   14594    0.0083554    0.0016363     0.053375       0.4378 Brain.Hypothalamic_ependymal_cell
Brain.Macrophage_Klf2_high            COVAR   14594      0.15796     0.016856      0.11394     0.082835 Brain.Macrophage_Klf2_high
Brain.Macrophage_Lyz2_high            COVAR   14594      0.24052     0.031147      0.11382       0.0173 Brain.Macrophage_Lyz2_high
Brain.Microglia                       COVAR   14594     0.056524    0.0053598       0.1298      0.33162 Brain.Microglia
Brain.Myelinating_oligodendr...       COVAR   14594      0.31338     0.036318     0.098981   0.00077425 Brain.Myelinating_oligodendrocyte
Brain.Neuron                          COVAR   14594      0.30809     0.023018      0.12635    0.0073801 Brain.Neuron
Brain.Oligodendrocyte_precur...       COVAR   14594      0.37855     0.044431      0.10064   8.4769e-05 Brain.Oligodendrocyte_precursor_cell
Brain.Pan.GABAergic                   COVAR   14594      0.17129     0.021113     0.097657     0.039724 Brain.Pan.GABAergic
Brain.Schwann_cell                    COVAR   14594     0.068872     0.014416     0.057395      0.11509 Brain.Schwann_cell
Kidney.B_cell                         COVAR   14594    -0.030269    -0.004849     0.067828      0.67229 Kidney.B_cell
Kidney.Dendritic_cell_Ccr7_h...       COVAR   14594     0.027736    0.0034908      0.10046      0.39124 Kidney.Dendritic_cell_Ccr7_high
Kidney.Dendritic_cell_Cst3_h...       COVAR   14594      0.04035    0.0044541       0.1197      0.36803 Kidney.Dendritic_cell_Cst3_high
Kidney.Distal_collecting_duc...1      COVAR   14594      0.11418     0.013942      0.10949      0.14852 Kidney.Distal_collecting_duct_principal_cell_Cldn4_high
Kidney.Distal_collecting_duc...2      COVAR   14594    0.0031867   0.00034617      0.12748      0.49003 Kidney.Distal_collecting_duct_principal_cell_Hsd11b2_high
Kidney.Distal_convoluted_tub...1      COVAR   14594       0.1192     0.013655      0.12306      0.16636 Kidney.Distal_convoluted_tubule_Pvalb_high
Kidney.Distal_convoluted_tub...2      COVAR   14594    -0.028791   -0.0031528      0.12801      0.58897 Kidney.Distal_convoluted_tubule_S100g_high
Kidney.Endothelial_cell               COVAR   14594    -0.029863   -0.0044542     0.095596      0.62262 Kidney.Endothelial_cell
Kidney.Epithelial_cell_Cryab...       COVAR   14594     0.027266    0.0033565      0.11135      0.40328 Kidney.Epithelial_cell_Cryab_high
Kidney.Fenestrated_endotheli...1      COVAR   14594     0.025704    0.0029888      0.11339      0.41033 Kidney.Fenestrated_endothelial_cell_Plvap_high
Kidney.Fenestrated_endotheli...2      COVAR   14594     -0.23739    -0.023487      0.13402      0.96174 Kidney.Fenestrated_endothelial_cell_Tm4sf1_high
Kidney.Intercalated_cells_of...1      COVAR   14594    -0.070279   -0.0082614      0.12343      0.71545 Kidney.Intercalated_cells_of_collecting_duct_Aqp6_high
Kidney.Intercalated_cells_of...2      COVAR   14594    -0.067709   -0.0078828      0.12392      0.70759 Kidney.Intercalated_cells_of_collecting_duct_Slc26a4_high
Kidney.Macrophage_Ccl4_high_          COVAR   14594      0.09538     0.011848      0.13086      0.23305 Kidney.Macrophage_Ccl4_high_
Kidney.Macrophage_Lyz2_high           COVAR   14594     0.041507    0.0074969      0.06823      0.27149 Kidney.Macrophage_Lyz2_high
Kidney.Neutrophil_progenitor...       COVAR   14594     0.017432    0.0031856      0.05325       0.3717 Kidney.Neutrophil_progenitor_S100a8_high
Kidney.Proximal_tubule_brush...       COVAR   14594    -0.016592   -0.0022953     0.089292       0.5737 Kidney.Proximal_tubule_brush_border_cell
Kidney.Proximal_tubule_cell_...1      COVAR   14594    0.0079696    0.0009887      0.09954      0.46809 Kidney.Proximal_tubule_cell_Cyp4a14_high
Kidney.Proximal_tubule_cell_...2      COVAR   14594    -0.084834    -0.011221     0.098337      0.80584 Kidney.Proximal_tubule_cell_Osgin1_high
Kidney.S1_proximal_tubule_ce...       COVAR   14594     0.033061    0.0043885     0.096542      0.36601 Kidney.S1_proximal_tubule_cells
Kidney.S3_proximal_tubule_ce...       COVAR   14594     0.019159    0.0030192     0.080825      0.40632 Kidney.S3_proximal_tubule_cells
Kidney.Stromal_cell_Ankrd1_h...       COVAR   14594     0.030803    0.0032089      0.10919      0.38893 Kidney.Stromal_cell_Ankrd1_high
Kidney.Stromal_cell_Cxcl10_h...       COVAR   14594     0.040147    0.0054181     0.089749      0.32733 Kidney.Stromal_cell_Cxcl10_high
Kidney.Stromal_cell_Dcn_high          COVAR   14594     -0.16337    -0.022672      0.10029      0.94832 Kidney.Stromal_cell_Dcn_high
Kidney.Stromal_cell_Mgp_high          COVAR   14594    -0.051229   -0.0073825     0.079421      0.74054 Kidney.Stromal_cell_Mgp_high
Kidney.Stromal_cell_Ptgds_hi...       COVAR   14594     0.033089    0.0038542       0.1312      0.40045 Kidney.Stromal_cell_Ptgds_high
Kidney.T_cell                         COVAR   14594      -0.0853   -0.0095018      0.13754      0.73242 Kidney.T_cell
Kidney.Thick_ascending_limb_...       COVAR   14594     0.017633    0.0018607      0.13553      0.44824 Kidney.Thick_ascending_limb_of_the_loop_of_Henle
Kidney.Ureteric_epithelium            COVAR   14594     0.017792    0.0026319     0.094397      0.42525 Kidney.Ureteric_epithelium
Liver.B_cell_Fcmr_high                COVAR   14594      0.16512     0.016383      0.13564      0.11175 Liver.B_cell_Fcmr_high
Liver.B_cell_Jchain_high              COVAR   14594     0.021406    0.0026249      0.10369      0.41822 Liver.B_cell_Jchain_high
Liver.Dendritic_cell_Cst3_hi...       COVAR   14594      0.26319      0.02714      0.14913     0.038805 Liver.Dendritic_cell_Cst3_high
Liver.Dendritic_cell_Siglech...       COVAR   14594      0.20516     0.021499      0.12623      0.05206 Liver.Dendritic_cell_Siglech_high
Liver.Endothelial_cell                COVAR   14594      0.23137     0.021003       0.1447     0.054919 Liver.Endothelial_cell
Liver.Epithelia_cell_Spp1_hi...       COVAR   14594     -0.08338    -0.008246      0.14646      0.71542 Liver.Epithelia_cell_Spp1_high
Liver.Epithelial_cell                 COVAR   14594    0.0048308   0.00082501     0.072078      0.47328 Liver.Epithelial_cell
Liver.Erythroblast_Hbb.bs_hi...       COVAR   14594      0.23542      0.02085      0.15438     0.063652 Liver.Erythroblast_Hbb.bs_high
Liver.Erythroblast_Hbb.bt_hi...       COVAR   14594    -0.021624   -0.0026389     0.088188      0.59685 Liver.Erythroblast_Hbb.bt_high
Liver.Granulocyte                     COVAR   14594     0.048546    0.0048968      0.12834      0.35263 Liver.Granulocyte
Liver.Hepatocyte_Fabp1_high           COVAR   14594    -0.086152    -0.011292     0.090931      0.82829 Liver.Hepatocyte_Fabp1_high
Liver.Hepatocyte_mt.Nd4_high          COVAR   14594      0.03127    0.0063196     0.046675      0.25145 Liver.Hepatocyte_mt.Nd4_high
Liver.Kuppfer_cell                    COVAR   14594      0.22791     0.024234      0.12183     0.030705 Liver.Kuppfer_cell
Liver.Macrophage_Chil3_high           COVAR   14594      0.22855     0.022949      0.14541      0.05802 Liver.Macrophage_Chil3_high
Liver.Neutrophil_Ngp_high             COVAR   14594     0.048019    0.0058722     0.088431      0.29356 Liver.Neutrophil_Ngp_high
Liver.Pericentral_                    COVAR   14594    -0.058539   -0.0074545     0.094013      0.73324 Liver.Pericentral_
Liver.Periportal_                     COVAR   14594    -0.015529   -0.0029306     0.056249      0.60875 Liver.Periportal_
Liver.Stromal_cell                    COVAR   14594      0.19306     0.024643     0.090731     0.016682 Liver.Stromal_cell
Liver.T_cell_Gzma_high                COVAR   14594     0.087933    0.0089863      0.12673      0.24389 Liver.T_cell_Gzma_high
Liver.T_cell_Trbc2_high               COVAR   14594      0.11722     0.011447      0.15277      0.22145 Liver.T_cell_Trbc2_high
Lung.Alveolar_bipotent_proge...       COVAR   14594     0.044091    0.0065727     0.090576      0.31321 Lung.Alveolar_bipotent_progenitor
Lung.Alveolar_macrophage_Ear...       COVAR   14594      0.20698       0.0222       0.1492     0.082692 Lung.Alveolar_macrophage_Ear2_high
Lung.Alveolar_macrophage_Pcl...       COVAR   14594     0.058043    0.0075151      0.10751      0.29465 Lung.Alveolar_macrophage_Pclaf_high
Lung.AT1_Cell                         COVAR   14594      0.03652    0.0040265      0.11878      0.37925 Lung.AT1_Cell
Lung.AT2_Cell                         COVAR   14594       0.3173      0.03619      0.13728     0.010415 Lung.AT2_Cell
Lung.B_Cell                           COVAR   14594     0.012961    0.0013377      0.14881       0.4653 Lung.B_Cell
Lung.Ciliated_cell                    COVAR   14594    -0.010959   -0.0014105      0.10077       0.5433 Lung.Ciliated_cell
Lung.Clara_Cell                       COVAR   14594     -0.13084     -0.01552      0.12706      0.84842 Lung.Clara_Cell
Lung.Conventional_dendritic_...1      COVAR   14594      0.21671     0.020265      0.15151     0.076328 Lung.Conventional_dendritic_cell_Gngt2_high
Lung.Conventional_dendritic_...2      COVAR   14594     0.015161    0.0021657     0.081626      0.42633 Lung.Conventional_dendritic_cell_H2.M2_high
Lung.Conventional_dendritic_...3      COVAR   14594       0.1233     0.014573      0.12114      0.15439 Lung.Conventional_dendritic_cell_Mgl2_high
Lung.Conventional_dendritic_...4      COVAR   14594      0.19187     0.026186     0.098141     0.025299 Lung.Conventional_dendritic_cell_Tubb5_high
Lung.Dendritic_cell_Naaa_high         COVAR   14594       0.1515     0.017027      0.13833      0.13671 Lung.Dendritic_cell_Naaa_high
Lung.Dividing_cells                   COVAR   14594      0.21389     0.032556      0.09849     0.014947 Lung.Dividing_cells
Lung.Dividing_dendritic_cells         COVAR   14594     0.037651    0.0055665     0.094902      0.34579 Lung.Dividing_dendritic_cells
Lung.Dividing_T_cells                 COVAR   14594    -0.058595   -0.0085333      0.10399      0.71345 Lung.Dividing_T_cells
Lung.Endothelial_cell_Kdr_hi...       COVAR   14594     0.062087    0.0062849      0.11539      0.29527 Lung.Endothelial_cell_Kdr_high
Lung.Endothelial_cell_Tmem10...       COVAR   14594     0.010753    0.0010971      0.12851      0.46666 Lung.Endothelial_cell_Tmem100_high
Lung.Endothelial_cells_Vwf_h...       COVAR   14594     -0.03285   -0.0045606     0.094134      0.63644 Lung.Endothelial_cells_Vwf_high
Lung.Eosinophil_granulocyte           COVAR   14594    -0.059665   -0.0066844     0.095247      0.73448 Lung.Eosinophil_granulocyte
Lung.Ig.producing_B_cell              COVAR   14594     0.035601     0.007293     0.046706      0.22297 Lung.Ig.producing_B_cell
Lung.Interstitial_macrophage          COVAR   14594      0.36692     0.037926      0.14963     0.007105 Lung.Interstitial_macrophage
Lung.Monocyte_progenitor_cell         COVAR   14594     0.014155    0.0028344     0.069897      0.41976 Lung.Monocyte_progenitor_cell
Lung.Neutrophil_granulocyte           COVAR   14594     -0.12306    -0.015815     0.098726      0.89369 Lung.Neutrophil_granulocyte
Lung.NK_Cell                          COVAR   14594      0.10434    0.0091189      0.17169      0.27169 Lung.NK_Cell
Lung.Nuocyte                          COVAR   14594     -0.10143    -0.009983      0.13557      0.77282 Lung.Nuocyte
Lung.Plasmacytoid_dendritic_...       COVAR   14594      0.21344     0.020809      0.16625     0.099609 Lung.Plasmacytoid_dendritic_cell
Lung.Stromal_cell_Acta2_high          COVAR   14594     -0.11309    -0.012191      0.11587      0.83546 Lung.Stromal_cell_Acta2_high
Lung.Stromal_cell_Dcn_high            COVAR   14594     -0.18992    -0.024647      0.10833       0.9602 Lung.Stromal_cell_Dcn_high
Lung.Stromal_cell_Inmt_high           COVAR   14594     -0.10834    -0.012861      0.11638      0.82403 Lung.Stromal_cell_Inmt_high
Lung.T_Cell_Cd8b1_high                COVAR   14594    -0.097482   -0.0086612      0.15566      0.73442 Lung.T_Cell_Cd8b1_high
Mammary_Gland.Adiocyte_cell           COVAR   14594     0.091615    0.0048394      0.24308      0.35313 Mammary_Gland.Adiocyte_cell
Mammary_Gland.B_cell_Cd79a_h...       COVAR   14594     0.033719    0.0033986      0.12608      0.39456 Mammary_Gland.B_cell_Cd79a_high
Mammary_Gland.B_cell_Cd79a.F...       COVAR   14594     -0.15825    -0.016155      0.14088      0.86934 Mammary_Gland.B_cell_Cd79a.Fcer2a_high
Mammary_Gland.B_cell_Cd79a.I...       COVAR   14594      0.12069     0.011253      0.15945      0.22456 Mammary_Gland.B_cell_Cd79a.Iglc2_high
Mammary_Gland.B_cell_Igkv6.1...       COVAR   14594      0.13508    0.0088694      0.17763       0.2235 Mammary_Gland.B_cell_Igkv6.15_high
Mammary_Gland.B_cell_Igkv6.2...       COVAR   14594    -0.047012   -0.0035385      0.14061      0.63093 Mammary_Gland.B_cell_Igkv6.23_high
Mammary_Gland.B_cell_Jchain_...       COVAR   14594      -0.3258    -0.019772      0.25417      0.90004 Mammary_Gland.B_cell_Jchain_high
Mammary_Gland.B_cell_Ly6d_hi...       COVAR   14594     -0.11894    -0.012608      0.17101      0.75664 Mammary_Gland.B_cell_Ly6d_high
Mammary_Gland.Dendritic_cell          COVAR   14594      0.13062    0.0081591      0.18751      0.24303 Mammary_Gland.Dendritic_cell
Mammary_Gland.Dendritic_cell...1      COVAR   14594      0.17579     0.021027      0.10653     0.049459 Mammary_Gland.Dendritic_cell_Ccl22_high
Mammary_Gland.Dendritic_cell...2      COVAR   14594     0.071876     0.011836     0.093889      0.22198 Mammary_Gland.Dendritic_cell_Cd209a_high
Mammary_Gland.Dendritic_cell...3      COVAR   14594      0.18491     0.023863      0.13436     0.084388 Mammary_Gland.Dendritic_cell_Cst3_high
Mammary_Gland.Dendritic_cell...4      COVAR   14594     0.094848     0.012619      0.11416      0.20305 Mammary_Gland.Dendritic_cell_Fscn1_high
Mammary_Gland.Dendritic_cell...5      COVAR   14594      0.10854     0.013656     0.095972      0.12905 Mammary_Gland.Dendritic_cell_Il1b_high
Mammary_Gland.Dendritic_cell...6      COVAR   14594     -0.10752     -0.01083      0.13812      0.78185 Mammary_Gland.Dendritic_cell_Siglech_high
Mammary_Gland.Dividing_cell           COVAR   14594   -0.0052522  -0.00082577      0.11184      0.51873 Mammary_Gland.Dividing_cell
Mammary_Gland.Ductal_luminal...       COVAR   14594     -0.20657    -0.017613      0.24406      0.80133 Mammary_Gland.Ductal_luminal_cell
Mammary_Gland.Endothelial_ce...1      COVAR   14594     -0.14276    -0.019748     0.092087      0.93945 Mammary_Gland.Endothelial_cell
Mammary_Gland.Endothelial_ce...2      COVAR   14594    -0.027873   -0.0033633       0.1089        0.601 Mammary_Gland.Endothelial_cell_Aqp1_high
Mammary_Gland.Endothelial_ce...4      COVAR   14594     0.084635    0.0087137      0.13351      0.26307 Mammary_Gland.Endothelial_cell_Fabp4_high
Mammary_Gland.Endothelial_ce...3      COVAR   14594    -0.095494    -0.013331     0.086134       0.8662 Mammary_Gland.Endothelial_cell_Fabp4.Aqp1_high
Mammary_Gland.Endothelial_ce...5      COVAR   14594     -0.17509    -0.019763      0.10927      0.94546 Mammary_Gland.Endothelial_cell_Glycam1_high
Mammary_Gland.Luminal_cell            COVAR   14594    -0.023105   -0.0030021      0.13521      0.56784 Mammary_Gland.Luminal_cell
Mammary_Gland.Luminal_cell_K...       COVAR   14594      0.08647     0.013902      0.11409      0.22426 Mammary_Gland.Luminal_cell_Krt19_high_
Mammary_Gland.Luminal_progen...       COVAR   14594     0.052334    0.0080587      0.10775       0.3136 Mammary_Gland.Luminal_progenitor
Mammary_Gland.Macrophage              COVAR   14594      0.16469     0.036214     0.082911     0.023504 Mammary_Gland.Macrophage
Mammary_Gland.Macrophage_Apo...       COVAR   14594      0.21192     0.024259      0.11957     0.038179 Mammary_Gland.Macrophage_Apoe_high
Mammary_Gland.Macrophage_C1q...1      COVAR   14594      0.18137     0.012154      0.16381      0.13411 Mammary_Gland.Macrophage_C1qb_high
Mammary_Gland.Macrophage_C1q...2      COVAR   14594      0.19773     0.023613      0.13276     0.068204 Mammary_Gland.Macrophage_C1qc_high
Mammary_Gland.Macrophage_Cd7...       COVAR   14594      0.19032    0.0092363      0.31685      0.27404 Mammary_Gland.Macrophage_Cd74_high
Mammary_Gland.Macrophage_Lyz...       COVAR   14594      0.14095     0.017442      0.14747       0.1696 Mammary_Gland.Macrophage_Lyz1_high
Mammary_Gland.Macrophage_Pf4...       COVAR   14594      0.18101     0.018158      0.14237       0.1018 Mammary_Gland.Macrophage_Pf4_high
Mammary_Gland.Macrophage_Plb...       COVAR   14594      0.22384     0.027662      0.12516      0.03686 Mammary_Gland.Macrophage_Plbd1_high
Mammary_Gland.Macrophage_Ret...       COVAR   14594      0.28358     0.033011      0.14166      0.02266 Mammary_Gland.Macrophage_Retnla_high
Mammary_Gland.Mast_cell               COVAR   14594   -0.0061563  -0.00069954       0.0973      0.52522 Mammary_Gland.Mast_cell
Mammary_Gland.Muscel_cell             COVAR   14594      0.25517     0.017541      0.15621     0.051197 Mammary_Gland.Muscel_cell
Mammary_Gland.Muscle__cell            COVAR   14594      0.14452    0.0096356      0.18109      0.21243 Mammary_Gland.Muscle__cell
Mammary_Gland.Muscle_cell             COVAR   14594      0.14986    0.0083672      0.21408      0.24197 Mammary_Gland.Muscle_cell
Mammary_Gland.Muscle_cell_In...       COVAR   14594     -0.19011    -0.020309      0.11891      0.94506 Mammary_Gland.Muscle_cell_Inmt_high
Mammary_Gland.Muscle_cell_Pi...       COVAR   14594     -0.20606    -0.023236       0.1232      0.95279 Mammary_Gland.Muscle_cell_Pi16_high
Mammary_Gland.Myeloid_leukoc...       COVAR   14594      0.04855    0.0080138     0.098594      0.31122 Mammary_Gland.Myeloid_leukocyte
Mammary_Gland.Myoepithelial_...       COVAR   14594     -0.10299    -0.021199     0.080169      0.90053 Mammary_Gland.Myoepithelial_cell
Mammary_Gland.Natural_kill_c...       COVAR   14594     0.041832    0.0025058      0.21247      0.42196 Mammary_Gland.Natural_kill_cell
Mammary_Gland.NK_cell                 COVAR   14594    -0.027806   -0.0029747        0.147      0.57501 Mammary_Gland.NK_cell
Mammary_Gland.NK_cell_Cd8b1_...       COVAR   14594     -0.22778    -0.022966      0.12978      0.96037 Mammary_Gland.NK_cell_Cd8b1_high
Mammary_Gland.NK_cell_Gzma_h...       COVAR   14594     -0.14522    -0.017252      0.15253      0.82946 Mammary_Gland.NK_cell_Gzma_high
Mammary_Gland.NK_cells_Gzmb_...       COVAR   14594    -0.016942   -0.0044644     0.068474       0.5977 Mammary_Gland.NK_cells_Gzmb_high
Mammary_Gland.Secretory_alve...1      COVAR   14594     0.094461     0.026531     0.072569     0.096526 Mammary_Gland.Secretory_alveoli_cell
Mammary_Gland.Secretory_alve...3      COVAR   14594      0.21286     0.013827      0.17228      0.10833 Mammary_Gland.Secretory_alveoli_cell_Actb_high
Mammary_Gland.Secretory_alve...4      COVAR   14594     0.055767    0.0040985      0.16783      0.36984 Mammary_Gland.Secretory_alveoli_cell_Apod_high
Mammary_Gland.Secretory_alve...5      COVAR   14594     0.089865    0.0056121      0.19454      0.32207 Mammary_Gland.Secretory_alveoli_cell_Atf3_high
Mammary_Gland.Secretory_alve...2      COVAR   14594     0.070048     0.004727      0.16196      0.33269 Mammary_Gland.Secretory_alveoli_cell_AW112010_high
Mammary_Gland.Secretory_alve...6      COVAR   14594     0.024976    0.0015941      0.19959      0.45021 Mammary_Gland.Secretory_alveoli_cell_Bckdha_high
Mammary_Gland.Secretory_alve...7      COVAR   14594     0.066153    0.0049302      0.17678      0.35412 Mammary_Gland.Secretory_alveoli_cell_Ccng1_high
Mammary_Gland.Secretory_alve...8      COVAR   14594    -0.013032  -0.00091471       0.1602      0.53242 Mammary_Gland.Secretory_alveoli_cell_Cd63_high
Mammary_Gland.Secretory_alve...9      COVAR   14594      0.15728     0.011183      0.14964      0.14663 Mammary_Gland.Secretory_alveoli_cell_Cd83_high
Mammary_Gland.Secretory_alve...10     COVAR   14594     -0.03462   -0.0023792      0.18001      0.57625 Mammary_Gland.Secretory_alveoli_cell_Cfd_high
Mammary_Gland.Secretory_alve...11     COVAR   14594     0.052634     0.003462      0.19806      0.39522 Mammary_Gland.Secretory_alveoli_cell_Cgrrf1_high
Mammary_Gland.Secretory_alve...12     COVAR   14594     0.028063    0.0020253      0.13943      0.42024 Mammary_Gland.Secretory_alveoli_cell_Cide.Wfdc3.Wap_high
Mammary_Gland.Secretory_alve...14     COVAR   14594      0.16756     0.010076      0.19137      0.19063 Mammary_Gland.Secretory_alveoli_cell_Cidea_high
Mammary_Gland.Secretory_alve...13     COVAR   14594      0.26518     0.017458       0.1484     0.036985 Mammary_Gland.Secretory_alveoli_cell_Cidea.Elovl5_high
Mammary_Gland.Secretory_alve...15     COVAR   14594     0.097715    0.0077152      0.12564      0.21836 Mammary_Gland.Secretory_alveoli_cell_Clu_high
Mammary_Gland.Secretory_alve...16     COVAR   14594      0.19986     0.012814       0.1615      0.10795 Mammary_Gland.Secretory_alveoli_cell_Cnp_high
Mammary_Gland.Secretory_alve...17     COVAR   14594       0.2435     0.018912      0.11979     0.021051 Mammary_Gland.Secretory_alveoli_cell_Crip1_high
Mammary_Gland.Secretory_alve...18     COVAR   14594     0.079462     0.011007      0.12234        0.258 Mammary_Gland.Secretory_alveoli_cell_Csn2_high
Mammary_Gland.Secretory_alve...19     COVAR   14594      0.11312     0.009293      0.12045      0.17384 Mammary_Gland.Secretory_alveoli_cell_Cyb561_high
Mammary_Gland.Secretory_alve...20     COVAR   14594     0.037487    0.0025925      0.18028      0.41764 Mammary_Gland.Secretory_alveoli_cell_Dnajb1_high
Mammary_Gland.Secretory_alve...21     COVAR   14594    -0.026149   -0.0019041      0.16064      0.56465 Mammary_Gland.Secretory_alveoli_cell_Ehf_high
Mammary_Gland.Secretory_alve...22     COVAR   14594    -0.020966   -0.0018929      0.10683       0.5778 Mammary_Gland.Secretory_alveoli_cell_Fcer1g_high
Mammary_Gland.Secretory_alve...25     COVAR   14594    -0.042255   -0.0028863      0.14578      0.61404 Mammary_Gland.Secretory_alveoli_cell_Fth1_high
Mammary_Gland.Secretory_alve...23     COVAR   14594    -0.031748     -0.00365     0.076135      0.66166 Mammary_Gland.Secretory_alveoli_cell_Fth1.Cib1_high
Mammary_Gland.Secretory_alve...24     COVAR   14594      -0.0246   -0.0019216      0.13359      0.57305 Mammary_Gland.Secretory_alveoli_cell_Fth1.Wfdc3_high
Mammary_Gland.Secretory_alve...26     COVAR   14594      0.10007    0.0064448      0.19152      0.30066 Mammary_Gland.Secretory_alveoli_cell_Gadd45b_high
Mammary_Gland.Secretory_alve...27     COVAR   14594     0.068268     0.004447      0.17404      0.34744 Mammary_Gland.Secretory_alveoli_cell_Ggnbp2_high
Mammary_Gland.Secretory_alve...28     COVAR   14594    -0.014461  -0.00093273      0.19132      0.53012 Mammary_Gland.Secretory_alveoli_cell_Gm1673_high
Mammary_Gland.Secretory_alve...29     COVAR   14594     0.079331    0.0048804      0.19598      0.34282 Mammary_Gland.Secretory_alveoli_cell_Gpx3_high
Mammary_Gland.Secretory_alve...30     COVAR   14594      0.29514     0.018966      0.19821     0.068251 Mammary_Gland.Secretory_alveoli_cell_Hes1_high
Mammary_Gland.Secretory_alve...31     COVAR   14594      0.12145    0.0083271      0.17647      0.24567 Mammary_Gland.Secretory_alveoli_cell_Hsp90aa1_high
Mammary_Gland.Secretory_alve...32     COVAR   14594     0.029504    0.0018733      0.19273      0.43917 Mammary_Gland.Secretory_alveoli_cell_Hspa1a_high
Mammary_Gland.Secretory_alve...33     COVAR   14594    0.0013505    0.0001325      0.10637      0.49494 Mammary_Gland.Secretory_alveoli_cell_Ifi27l2a_high
Mammary_Gland.Secretory_alve...34     COVAR   14594      0.06359    0.0042945      0.18184      0.36328 Mammary_Gland.Secretory_alveoli_cell_Ifi35_high
Mammary_Gland.Secretory_alve...35     COVAR   14594     0.083812    0.0060921      0.15291      0.29181 Mammary_Gland.Secretory_alveoli_cell_Igfbp7_high
Mammary_Gland.Secretory_alve...36     COVAR   14594     0.075084    0.0047067      0.19312      0.34872 Mammary_Gland.Secretory_alveoli_cell_Ighm1_high
Mammary_Gland.Secretory_alve...38     COVAR   14594     -0.15473    -0.010967      0.14246      0.86127 Mammary_Gland.Secretory_alveoli_cell_Igkv1.110_high
Mammary_Gland.Secretory_alve...37     COVAR   14594    -0.076338   -0.0052878      0.15492       0.6889 Mammary_Gland.Secretory_alveoli_cell_Igkv1.110.P4hb_high
Mammary_Gland.Secretory_alve...39     COVAR   14594     -0.14513   -0.0098137      0.15577      0.82424 Mammary_Gland.Secretory_alveoli_cell_Igkv1.117_high
Mammary_Gland.Secretory_alve...40     COVAR   14594      0.18331      0.01224      0.16446      0.13252 Mammary_Gland.Secretory_alveoli_cell_Iglc1_high
Mammary_Gland.Secretory_alve...41     COVAR   14594      0.30577     0.021083      0.16935     0.035501 Mammary_Gland.Secretory_alveoli_cell_Igsf8_high
Mammary_Gland.Secretory_alve...42     COVAR   14594      0.02773    0.0018068      0.19592      0.44372 Mammary_Gland.Secretory_alveoli_cell_Kif5b_high
Mammary_Gland.Secretory_alve...43     COVAR   14594   -0.0063394  -0.00040372      0.17992      0.51405 Mammary_Gland.Secretory_alveoli_cell_Klf2_high
Mammary_Gland.Secretory_alve...44     COVAR   14594      0.03484    0.0022433       0.1985      0.43034 Mammary_Gland.Secretory_alveoli_cell_Klf6_high
Mammary_Gland.Secretory_alve...45     COVAR   14594     0.066277     0.004649      0.14798      0.32713 Mammary_Gland.Secretory_alveoli_cell_Lgals1_high
Mammary_Gland.Secretory_alve...46     COVAR   14594     -0.11202   -0.0082372      0.13904      0.78979 Mammary_Gland.Secretory_alveoli_cell_Ly6a_high
Mammary_Gland.Secretory_alve...47     COVAR   14594     0.095593    0.0071483      0.15925      0.27416 Mammary_Gland.Secretory_alveoli_cell_Lyz2_high
Mammary_Gland.Secretory_alve...48     COVAR   14594     0.038678    0.0025762      0.16966      0.40984 Mammary_Gland.Secretory_alveoli_cell_Malat1_high
Mammary_Gland.Secretory_alve...49     COVAR   14594     0.064555    0.0040919      0.18045      0.36027 Mammary_Gland.Secretory_alveoli_cell_Mat2a_high
Mammary_Gland.Secretory_alve...50     COVAR   14594    -0.011714  -0.00072965      0.18174      0.52569 Mammary_Gland.Secretory_alveoli_cell_Mrpl15_high
Mammary_Gland.Secretory_alve...76     COVAR   14594     -0.10847   -0.0066781      0.20403       0.7025 Mammary_Gland.Secretory_alveoli_cell_mt.Tp_high
Mammary_Gland.Secretory_alve...51     COVAR   14594     0.089097    0.0061623      0.14977      0.27596 Mammary_Gland.Secretory_alveoli_cell_Naxd_high
Mammary_Gland.Secretory_alve...52     COVAR   14594     0.096361    0.0062145      0.19287      0.30868 Mammary_Gland.Secretory_alveoli_cell_Pa2g4_high
Mammary_Gland.Secretory_alve...53     COVAR   14594   -0.0069648  -0.00052279       0.1414      0.51964 Mammary_Gland.Secretory_alveoli_cell_Prkcsh_high
Mammary_Gland.Secretory_alve...54     COVAR   14594      0.10404    0.0070806      0.18018      0.28182 Mammary_Gland.Secretory_alveoli_cell_Ptpn18_high
Mammary_Gland.Secretory_alve...55     COVAR   14594    -0.076961   -0.0050869      0.15883      0.68599 Mammary_Gland.Secretory_alveoli_cell_Rac2_high
Mammary_Gland.Secretory_alve...56     COVAR   14594     0.031548    0.0020653      0.16587      0.42458 Mammary_Gland.Secretory_alveoli_cell_Retnla_high
Mammary_Gland.Secretory_alve...57     COVAR   14594     0.011314   0.00080216      0.14864      0.46966 Mammary_Gland.Secretory_alveoli_cell_Rgs2_high_Rora_high
Mammary_Gland.Secretory_alve...58     COVAR   14594      0.17598     0.011994      0.15433       0.1271 Mammary_Gland.Secretory_alveoli_cell_Rhob_high
Mammary_Gland.Secretory_alve...59     COVAR   14594     0.065385    0.0047964      0.13501      0.31409 Mammary_Gland.Secretory_alveoli_cell_S100a11_high
Mammary_Gland.Secretory_alve...60     COVAR   14594      0.15278     0.010811      0.16529      0.17766 Mammary_Gland.Secretory_alveoli_cell_Sars_high
Mammary_Gland.Secretory_alve...61     COVAR   14594     0.085293    0.0057209      0.16544      0.30308 Mammary_Gland.Secretory_alveoli_cell_Sh3bgrl3_high
Mammary_Gland.Secretory_alve...62     COVAR   14594      0.06858    0.0048042      0.17556      0.34804 Mammary_Gland.Secretory_alveoli_cell_Snord118_high
Mammary_Gland.Secretory_alve...63     COVAR   14594     0.097048    0.0062659      0.20232      0.31573 Mammary_Gland.Secretory_alveoli_cell_Spp1_high
Mammary_Gland.Secretory_alve...64     COVAR   14594     0.058899    0.0039094      0.18806      0.37707 Mammary_Gland.Secretory_alveoli_cell_Srsf11_high
Mammary_Gland.Secretory_alve...65     COVAR   14594     0.022133    0.0017956      0.13471      0.43475 Mammary_Gland.Secretory_alveoli_cell_Taf1d_high
Mammary_Gland.Secretory_alve...66     COVAR   14594      0.13171    0.0087292      0.15345      0.19536 Mammary_Gland.Secretory_alveoli_cell_Thy1_high
Mammary_Gland.Secretory_alve...67     COVAR   14594     0.010461   0.00074429        0.145      0.47124 Mammary_Gland.Secretory_alveoli_cell_Tmem123_high
Mammary_Gland.Secretory_alve...68     COVAR   14594     0.044211    0.0028436      0.16867      0.39662 Mammary_Gland.Secretory_alveoli_cell_Tmsb10_high
Mammary_Gland.Secretory_alve...69     COVAR   14594   -0.0036031  -0.00041779      0.14454      0.50994 Mammary_Gland.Secretory_alveoli_cell_Trf_high
Mammary_Gland.Secretory_alve...70     COVAR   14594    -0.018086   -0.0013249      0.15975      0.54507 Mammary_Gland.Secretory_alveoli_cell_Tubb5_high
Mammary_Gland.Secretory_alve...71     COVAR   14594      0.22476     0.014615      0.17171     0.095289 Mammary_Gland.Secretory_alveoli_cell_Tyrobp_high
Mammary_Gland.Secretory_alve...72     COVAR   14594     0.015446    0.0010745      0.17056      0.46392 Mammary_Gland.Secretory_alveoli_cell_Ube2e3_high
Mammary_Gland.Secretory_alve...73     COVAR   14594     0.041449    0.0025307      0.20914      0.42145 Mammary_Gland.Secretory_alveoli_cell_Wfdc17_high
Mammary_Gland.Secretory_alve...74     COVAR   14594     -0.11364   -0.0097642      0.10469      0.86115 Mammary_Gland.Secretory_alveoli_cell_Wfdc3.Wap_high
Mammary_Gland.Secretory_alve...75     COVAR   14594      0.15305     0.010189      0.18937      0.20949 Mammary_Gland.Secretory_alveoli_cell_Yif1b1_high
Mammary_Gland.Stem_and_proge...       COVAR   14594     -0.05081   -0.0056936       0.1373      0.64433 Mammary_Gland.Stem_and_progenitor_cell
Mammary_Gland.Stromal_cell            COVAR   14594     -0.27317    -0.029112      0.14416      0.97094 Mammary_Gland.Stromal_cell
Mammary_Gland.Stromal_cell_C...       COVAR   14594     -0.24394    -0.029958      0.12893      0.97075 Mammary_Gland.Stromal_cell_Col3a1_high
Mammary_Gland.Stromal_cell_P...       COVAR   14594      -0.2155    -0.029829      0.10679       0.9782 Mammary_Gland.Stromal_cell_Pi16_high
Mammary_Gland.T_cell                  COVAR   14594     -0.22058    -0.022206      0.18079      0.88877 Mammary_Gland.T_cell
Mammary_Gland.T_cell_Cd8b1_h...       COVAR   14594     -0.15826    -0.014733      0.16076      0.83755 Mammary_Gland.T_cell_Cd8b1_high
Mammary_Gland.T_cell_Grwd1_h...       COVAR   14594     0.060581     0.010347     0.053132      0.12711 Mammary_Gland.T_cell_Grwd1_high
Mammary_Gland.T_cell_Icos_hi...       COVAR   14594      -0.1557    -0.015552      0.12511      0.89334 Mammary_Gland.T_cell_Icos_high
Mammary_Gland.T_cell_Ly6c2_h...       COVAR   14594     -0.14042    -0.014021      0.14882      0.82729 Mammary_Gland.T_cell_Ly6c2_high
Mammary_Gland.T_cell_Pclaf_h...       COVAR   14594     -0.13023    -0.016766      0.13015      0.84148 Mammary_Gland.T_cell_Pclaf_high
Mammary_Gland.T.cells_Ctla4_...       COVAR   14594    -0.088048   -0.0097279      0.14815      0.72384 Mammary_Gland.T.cells_Ctla4_high
Muscle.B_cell_Jchain_high             COVAR   14594    0.0014137   0.00019525     0.095169      0.49407 Muscle.B_cell_Jchain_high
Muscle.B_cell_Vpreb3_high             COVAR   14594      0.03637    0.0046465      0.11554      0.37646 Muscle.B_cell_Vpreb3_high
Muscle.Dendritic_cell                 COVAR   14594    -0.019215   -0.0023027     0.087884      0.58653 Muscle.Dendritic_cell
Muscle.Endothelial_cell               COVAR   14594     -0.19542    -0.020414       0.1111      0.96069 Muscle.Endothelial_cell
Muscle.Erythroblast_Car1_high         COVAR   14594    -0.013038   -0.0037793     0.050222      0.60241 Muscle.Erythroblast_Car1_high
Muscle.Erythroblast_Car2_high         COVAR   14594     0.086452     0.011356     0.095895      0.18366 Muscle.Erythroblast_Car2_high
Muscle.Granulocyte_monocyte_...       COVAR   14594    -0.086536     -0.01456      0.10476       0.7956 Muscle.Granulocyte_monocyte_progenitor_cell
Muscle.Macrophage_Ms4a6c_high         COVAR   14594       0.1174     0.016648      0.13315      0.18897 Muscle.Macrophage_Ms4a6c_high
Muscle.Macrophage_Retnla_high         COVAR   14594      0.10876     0.014672       0.1039      0.14761 Muscle.Macrophage_Retnla_high
Muscle.Muscle_cell_Tnnc1_high         COVAR   14594    -0.044372   -0.0074426     0.056043      0.78574 Muscle.Muscle_cell_Tnnc1_high
Muscle.Muscle_cell_Tnnc2_high         COVAR   14594    -0.071108    -0.010718     0.068405      0.85071 Muscle.Muscle_cell_Tnnc2_high
Muscle.Muscle_progenitor_cell         COVAR   14594    -0.069008   -0.0073877      0.13402      0.69669 Muscle.Muscle_progenitor_cell
Muscle.Neutrophil_Camp_high           COVAR   14594    -0.038681   -0.0047983      0.10639      0.64191 Muscle.Neutrophil_Camp_high
Muscle.Neutrophil_Prg2_high           COVAR   14594    0.0040606   0.00071976     0.050203      0.46777 Muscle.Neutrophil_Prg2_high
Muscle.Neutrophil_Retnlg_high         COVAR   14594    -0.083626    -0.011224      0.07951      0.85354 Muscle.Neutrophil_Retnlg_high
Muscle.Stromal_cell                   COVAR   14594     -0.24014     -0.02804      0.10974      0.98567 Muscle.Stromal_cell
Muscle.T_cell                         COVAR   14594    -0.046822   -0.0063685     0.072207      0.74165 Muscle.T_cell
Ovary.Cumulus_cell_Car14_high         COVAR   14594    -0.050887   -0.0073369      0.11484      0.67115 Ovary.Cumulus_cell_Car14_high
Ovary.Cumulus_cell_Nupr1_high         COVAR   14594     -0.19345    -0.022311      0.14804      0.90435 Ovary.Cumulus_cell_Nupr1_high
Ovary.Cumulus_cell_Ube2c_high         COVAR   14594    0.0014947   0.00025193     0.094132      0.49367 Ovary.Cumulus_cell_Ube2c_high
Ovary.Granulosa_cell_Inhba_h...       COVAR   14594   -0.0012074  -0.00015287      0.12512      0.50385 Ovary.Granulosa_cell_Inhba_high
Ovary.Granulosa_cell_Kctd14_...       COVAR   14594     -0.15008    -0.017546      0.13687      0.86356 Ovary.Granulosa_cell_Kctd14_high
Ovary.Large_luteal_cell               COVAR   14594    0.0047761   0.00091659      0.08986      0.47881 Ovary.Large_luteal_cell
Ovary.luteal_cells                    COVAR   14594     0.030539    0.0087884     0.059857      0.30496 Ovary.luteal_cells
Ovary.Macrophage_Lyz2_high            COVAR   14594      0.23352     0.036934      0.11059     0.017374 Ovary.Macrophage_Lyz2_high
Ovary.Marcrophage_Cd74_high           COVAR   14594       0.1847     0.023385     0.084834     0.014741 Ovary.Marcrophage_Cd74_high
Ovary.Ovarian_surface_epithe...       COVAR   14594    -0.079074    -0.012913     0.094815      0.79785 Ovary.Ovarian_surface_epithelium_cell
Ovary.Ovarian_vascular_surfa...       COVAR   14594    -0.078473    -0.015689     0.085207      0.82146 Ovary.Ovarian_vascular_surface_endothelium_cell
Ovary.Small_luteal_cell               COVAR   14594     0.069218    0.0074205      0.15479      0.32737 Ovary.Small_luteal_cell
Ovary.Stroma_cell_                    COVAR   14594      -0.2018    -0.027873      0.13652      0.93032 Ovary.Stroma_cell_
Ovary.Thecal_cell                     COVAR   14594     0.095643     0.013646      0.11924      0.21126 Ovary.Thecal_cell
Pancreas.Acinar_cell                  COVAR   14594     -0.13126    -0.015957     0.088652      0.93064 Pancreas.Acinar_cell
Pancreas.B_cell                       COVAR   14594    -0.039524   -0.0052229     0.078005      0.69381 Pancreas.B_cell
Pancreas.Dendrtic_cell                COVAR   14594     0.084605     0.009737      0.12749      0.25346 Pancreas.Dendrtic_cell
Pancreas.Dividing_cell                COVAR   14594    0.0062145    0.0011787     0.069144      0.46419 Pancreas.Dividing_cell
Pancreas.Ductal_cell                  COVAR   14594      0.16569     0.018963      0.14417      0.12524 Pancreas.Ductal_cell
Pancreas.Endocrine_cell               COVAR   14594     -0.11349    -0.011453      0.14378      0.78504 Pancreas.Endocrine_cell
Pancreas.Endothelial_cell_Fa...       COVAR   14594     0.070143    0.0067889      0.14106       0.3095 Pancreas.Endothelial_cell_Fabp4_high
Pancreas.Endothelial_cell_Lr...       COVAR   14594     -0.12499    -0.017402     0.092206      0.91237 Pancreas.Endothelial_cell_Lrg1_high
Pancreas.Endothelial_cell_Tm...       COVAR   14594     0.017583    0.0017339      0.13037      0.44636 Pancreas.Endothelial_cell_Tm4sf1_high
Pancreas.Erythroblast_Hbb.bt...       COVAR   14594     0.013235    0.0019701     0.080771      0.43492 Pancreas.Erythroblast_Hbb.bt_high
Pancreas.Erythroblast_Igkc_h...       COVAR   14594      -0.0696   -0.0066215      0.11865      0.72126 Pancreas.Erythroblast_Igkc_high
Pancreas.Granulocyte                  COVAR   14594   -0.0021375  -0.00037528     0.055621      0.51533 Pancreas.Granulocyte
Pancreas.Macrophage                   COVAR   14594      0.39193     0.035172       0.1644    0.0085691 Pancreas.Macrophage
Pancreas.Macrophage_Ly6c2_hi...       COVAR   14594     0.048225    0.0054771      0.10714      0.32631 Pancreas.Macrophage_Ly6c2_high
Pancreas.Smooth_muscle_cell_...1      COVAR   14594   -0.0012597  -0.00014035        0.108      0.50465 Pancreas.Smooth_muscle_cell_Acta2_high
Pancreas.Smooth_muscle_cell_...2      COVAR   14594     0.013825    0.0014113      0.10536       0.4478 Pancreas.Smooth_muscle_cell_Rgs5_high
Pancreas.Stromal_cell_Fn1_hi...       COVAR   14594     -0.17236    -0.021197      0.10848      0.94394 Pancreas.Stromal_cell_Fn1_high
Pancreas.Stromal_cell_Mfap4_...       COVAR   14594     -0.14156    -0.020357     0.091837      0.93838 Pancreas.Stromal_cell_Mfap4_high
Pancreas.Stromal_cell_Smoc2_...       COVAR   14594     -0.13604    -0.015557      0.11615      0.87925 Pancreas.Stromal_cell_Smoc2_high
Pancreas.T_cell                       COVAR   14594    -0.024267    -0.002699      0.10133      0.59463 Pancreas.T_cell
Pancreas.β.cell                      COVAR   14594      0.05134    0.0072965      0.10042      0.30459 Pancreas.β.cell
Peripheral_Blood.B_cell_Igha...       COVAR   14594     -0.05445   -0.0092404     0.084456      0.74044 Peripheral_Blood.B_cell_Igha_high
Peripheral_Blood.B_cell_Ly6d...       COVAR   14594      0.16342     0.014264      0.16483      0.16074 Peripheral_Blood.B_cell_Ly6d_high
Peripheral_Blood.B_cell_Rps2...       COVAR   14594   -0.0012754  -0.00010693      0.13325      0.50382 Peripheral_Blood.B_cell_Rps27rt_high
Peripheral_Blood.B_cell_Vpre...       COVAR   14594    -0.031023   -0.0042527      0.10589      0.61523 Peripheral_Blood.B_cell_Vpreb3_high
Peripheral_Blood.Basophil_Pr...       COVAR   14594     -0.28288    -0.033526      0.13047      0.98492 Peripheral_Blood.Basophil_Prss34_high
Peripheral_Blood.Dendritic_c...       COVAR   14594     0.047855    0.0052402      0.14173      0.36782 Peripheral_Blood.Dendritic_cell_Siglech_high
Peripheral_Blood.Erythroblas...1      COVAR   14594     0.016615    0.0043747     0.052876      0.37667 Peripheral_Blood.Erythroblast_Car2_high
Peripheral_Blood.Erythroblas...2      COVAR   14594     0.019281    0.0033792     0.051007      0.35271 Peripheral_Blood.Erythroblast_Hba.a2_high
Peripheral_Blood.Macrophage_...1      COVAR   14594      0.37798     0.035964      0.15123    0.0062261 Peripheral_Blood.Macrophage_Ace_high
Peripheral_Blood.Macrophage_...2      COVAR   14594    -0.026338   -0.0031424      0.11326      0.59194 Peripheral_Blood.Macrophage_Flt.ps1_high
Peripheral_Blood.Macrophage_...3      COVAR   14594   0.00078331   0.00011042     0.068979      0.49547 Peripheral_Blood.Macrophage_Pf4_high
Peripheral_Blood.Macrophage_...4      COVAR   14594      0.30912     0.032834      0.15203     0.021018 Peripheral_Blood.Macrophage_S100a4_high
Peripheral_Blood.Monocyte_El...       COVAR   14594     -0.11534    -0.023836     0.085317      0.91179 Peripheral_Blood.Monocyte_Elane_high
Peripheral_Blood.Monocyte_F1...       COVAR   14594      0.10912     0.015861      0.11392      0.16907 Peripheral_Blood.Monocyte_F13a1_high
Peripheral_Blood.Neutrophil_...1      COVAR   14594     0.014706    0.0017963      0.10753      0.44561 Peripheral_Blood.Neutrophil_Camp_high
Peripheral_Blood.Neutrophil_...2      COVAR   14594      0.14995     0.014596      0.13186      0.12774 Peripheral_Blood.Neutrophil_Il1b_high
Peripheral_Blood.Neutrophil_...3      COVAR   14594     0.016763     0.001814      0.10613      0.43725 Peripheral_Blood.Neutrophil_Ltf_high
Peripheral_Blood.Neutrophil_...4      COVAR   14594     -0.01726   -0.0022716     0.079163      0.58629 Peripheral_Blood.Neutrophil_Retnlg_high
Peripheral_Blood.NK_cell_Gzm...       COVAR   14594     0.009059   0.00081544      0.17673      0.47956 Peripheral_Blood.NK_cell_Gzma_high
Peripheral_Blood.T_cell_Gm14...       COVAR   14594     -0.19673    -0.017118      0.14748      0.90889 Peripheral_Blood.T_cell_Gm14303_high
Peripheral_Blood.T_cell_Trbc...       COVAR   14594    -0.077052   -0.0070954      0.16456      0.68019 Peripheral_Blood.T_cell_Trbc2_high
Prostate.Dendritic_cell               COVAR   14594     -0.16477    -0.010705      0.19766      0.79773 Prostate.Dendritic_cell
Prostate.Epithelial_cell              COVAR   14594     -0.32776    -0.022288      0.22101      0.93095 Prostate.Epithelial_cell
Prostate.Glandular_epithelium         COVAR   14594     0.031832    0.0019792      0.22292      0.44323 Prostate.Glandular_epithelium
Prostate.Prostate_gland_cell          COVAR   14594     -0.22734    -0.013598      0.25054      0.81789 Prostate.Prostate_gland_cell
Prostate.Stromal_cell                 COVAR   14594     -0.21225    -0.012677      0.23852      0.81322 Prostate.Stromal_cell
Prostate.T_cell                       COVAR   14594    -0.039112   -0.0026845      0.19924      0.57781 Prostate.T_cell
Small_Intestine.B_cell_Ighd_...       COVAR   14594     0.043672    0.0046612       0.1323      0.37066 Small_Intestine.B_cell_Ighd_high
Small_Intestine.B_cell_Igkv1...       COVAR   14594      -0.2096    -0.026211      0.12174      0.95742 Small_Intestine.B_cell_Igkv12.46_high
Small_Intestine.B_cell_Jchai...       COVAR   14594     -0.21921    -0.022703       0.1411      0.93985 Small_Intestine.B_cell_Jchain_high
Small_Intestine.B_cell_Ms4a1...       COVAR   14594     0.048865    0.0071823      0.10865      0.32646 Small_Intestine.B_cell_Ms4a1_high
Small_Intestine.Columnar_epi...       COVAR   14594    0.0078797    0.0014634     0.081972      0.46171 Small_Intestine.Columnar_epithelium
Small_Intestine.Dendritic_ce...       COVAR   14594      0.14317     0.017551      0.11255      0.10168 Small_Intestine.Dendritic_cell_Siglech_high
Small_Intestine.Dendrtic_cel...       COVAR   14594      0.14359     0.018656      0.11933      0.11444 Small_Intestine.Dendrtic_cell_Cst3_high
Small_Intestine.Epithelial_c...1      COVAR   14594    -0.040045   -0.0063916     0.099893      0.65574 Small_Intestine.Epithelial_cell_Kcne3_high
Small_Intestine.Epithelial_c...2      COVAR   14594      0.04413    0.0087352     0.066874      0.25467 Small_Intestine.Epithelial_cell_Sh2d6_high
Small_Intestine.Epithelium_o...1      COVAR   14594    -0.027452   -0.0049558     0.070222      0.65207 Small_Intestine.Epithelium_of_small_intestinal_villi_Fabp1_high
Small_Intestine.Epithelium_o...2      COVAR   14594    -0.034244   -0.0062339     0.070009      0.68763 Small_Intestine.Epithelium_of_small_intestinal_villi_Fabp6_high
Small_Intestine.Epithelium_o...3      COVAR   14594    -0.018821    -0.001932      0.11018      0.56781 Small_Intestine.Epithelium_of_small_intestinal_villi_Gm23935_high
Small_Intestine.Epithelium_o...5      COVAR   14594     0.057244    0.0061141     0.088495      0.25887 Small_Intestine.Epithelium_of_small_intestinal_villi_mt.Nd1_high
Small_Intestine.Epithelium_o...4      COVAR   14594    0.0065422   0.00077097     0.084505      0.46915 Small_Intestine.Epithelium_of_small_intestinal_villi_S100g_high
Small_Intestine.Erythroblast          COVAR   14594    -0.034405    -0.004186     0.082032      0.66254 Small_Intestine.Erythroblast
Small_Intestine.Macrophage_A...       COVAR   14594      0.22606     0.022896      0.13039     0.041497 Small_Intestine.Macrophage_Apoe_high
Small_Intestine.Macrophage_C...       COVAR   14594     0.052624    0.0078663     0.065401      0.21052 Small_Intestine.Macrophage_Cxcl2_high
Small_Intestine.Macrophage_G...       COVAR   14594       0.0979      0.01301     0.093031      0.14633 Small_Intestine.Macrophage_G0s2_high
Small_Intestine.Mast_cell             COVAR   14594     0.010956    0.0017961     0.061194      0.42896 Small_Intestine.Mast_cell
Small_Intestine.Paneth_cell           COVAR   14594   -0.0056573  -0.00080995       0.1095       0.5206 Small_Intestine.Paneth_cell
Small_Intestine.S_cell_Chgb_...       COVAR   14594     0.056387     0.011944     0.058777       0.1687 Small_Intestine.S_cell_Chgb_high
Small_Intestine.S_cell_Gip_h...       COVAR   14594    -0.053764   -0.0090493     0.071029      0.77545 Small_Intestine.S_cell_Gip_high
Small_Intestine.Stromal_cell...1      COVAR   14594   -0.0043341  -0.00082873     0.068312      0.52529 Small_Intestine.Stromal_cell_Adamdec1_high
Small_Intestine.Stromal_cell...2      COVAR   14594     -0.10968    -0.022748     0.063309      0.95839 Small_Intestine.Stromal_cell_Dcn_high
Small_Intestine.T_cell_Ccl5_...       COVAR   14594      0.10521    0.0096076      0.16855      0.26624 Small_Intestine.T_cell_Ccl5_high
Small_Intestine.T_cell_Cd7_h...       COVAR   14594     0.082322    0.0097479      0.14171      0.28065 Small_Intestine.T_cell_Cd7_high
Small_Intestine.T_cell_Icos_...       COVAR   14594     0.017909    0.0022369      0.13312      0.44649 Small_Intestine.T_cell_Icos_high
Small_Intestine.T_cell_Ms4a4...       COVAR   14594    0.0077901    0.0010764     0.097841      0.46827 Small_Intestine.T_cell_Ms4a4b_high
Spleen.Dendritic_cell_S100a4...       COVAR   14594     0.087418    0.0090126      0.15088      0.28117 Spleen.Dendritic_cell_S100a4_high
Spleen.Dendritic_cell_Siglec...       COVAR   14594     0.036283    0.0042564      0.11407      0.37522 Spleen.Dendritic_cell_Siglech_high
Spleen.Erythroblast                   COVAR   14594     0.028093     0.011456     0.034863      0.21018 Spleen.Erythroblast
Spleen.Granulocyte                    COVAR   14594     0.041359    0.0040887      0.12341      0.36877 Spleen.Granulocyte
Spleen.Macrophage                     COVAR   14594       0.1562     0.019767      0.10479     0.068053 Spleen.Macrophage
Spleen.Marginal_zone_B_cell           COVAR   14594       0.1059    0.0099707      0.16889      0.26533 Spleen.Marginal_zone_B_cell
Spleen.Monocyte                       COVAR   14594      0.23249     0.026016      0.14034     0.048809 Spleen.Monocyte
Spleen.Neutrophil                     COVAR   14594    0.0040774   0.00070041     0.072658      0.47762 Spleen.Neutrophil
Spleen.NK_cell                        COVAR   14594      0.13998     0.012137      0.16645      0.20019 Spleen.NK_cell
Spleen.Plasma_cell                    COVAR   14594     0.016769    0.0025424     0.095976      0.43065 Spleen.Plasma_cell
Spleen.T_cell                         COVAR   14594    -0.023363   -0.0021302       0.1761      0.55277 Spleen.T_cell
Stomach.Antral_mucous_cell_           COVAR   14594    -0.081108    -0.014268     0.095125      0.80306 Stomach.Antral_mucous_cell_
Stomach.Dendritic_cell                COVAR   14594     0.047316     0.010154      0.06666      0.23892 Stomach.Dendritic_cell
Stomach.Dividing_cell                 COVAR   14594    0.0073175    0.0017018     0.071955       0.4595 Stomach.Dividing_cell
Stomach.Epithelial_cell_Gkn3...       COVAR   14594    -0.026425   -0.0050573     0.083959      0.62352 Stomach.Epithelial_cell_Gkn3_high
Stomach.Epithelial_cell_Krt2...       COVAR   14594     0.029222      0.00642     0.067872       0.3334 Stomach.Epithelial_cell_Krt20_high
Stomach.Epithelial_cell_Pla2...       COVAR   14594   -0.0086071   -0.0015048     0.064525      0.55306 Stomach.Epithelial_cell_Pla2g1b_high
Stomach.G_cell                        COVAR   14594     -0.10832    -0.012744      0.12259      0.81152 Stomach.G_cell
Stomach.Gastric_mucosal_cell          COVAR   14594    -0.031543   -0.0057838     0.081986      0.64978 Stomach.Gastric_mucosal_cell
Stomach.Macrophage                    COVAR   14594     0.069191    0.0086463     0.099783      0.24403 Stomach.Macrophage
Stomach.Muscle_cell                   COVAR   14594    -0.058284   -0.0075398      0.10475      0.71104 Stomach.Muscle_cell
Stomach.Parietal_cell_                COVAR   14594     0.064561     0.017407     0.053552        0.114 Stomach.Parietal_cell_
Stomach.Pit_cell_Gm26917_high         COVAR   14594     0.085049     0.014512     0.079825      0.14335 Stomach.Pit_cell_Gm26917_high
Stomach.Pit_cell_Ifrd1_high           COVAR   14594  -0.00086533  -0.00018888     0.070694      0.50488 Stomach.Pit_cell_Ifrd1_high
Stomach.Stomach_cell_Gkn2_hi...       COVAR   14594      0.02137    0.0034354      0.09363      0.40973 Stomach.Stomach_cell_Gkn2_high
Stomach.Stomach_cell_Mt2_high         COVAR   14594    0.0036446   0.00078253     0.074035      0.48037 Stomach.Stomach_cell_Mt2_high
Stomach.Stomach_cell_Muc5ac_...       COVAR   14594     0.042668    0.0082632     0.075377      0.28568 Stomach.Stomach_cell_Muc5ac_high
Stomach.Tuft_cell                     COVAR   14594    -0.052048     -0.01119     0.067166       0.7808 Stomach.Tuft_cell
Testis.Elongating_spermatid           COVAR   14594    -0.063959   -0.0069885      0.08914      0.76347 Testis.Elongating_spermatid
Testis.Erythroblast_Hbb.bs_h...       COVAR   14594    -0.057596   -0.0060214     0.086858      0.74637 Testis.Erythroblast_Hbb.bs_high
Testis.Leydig_cell                    COVAR   14594    -0.045488    -0.005612     0.087272      0.69889 Testis.Leydig_cell
Testis.Macrophage_Lyz2_high           COVAR   14594     0.028269    0.0036201     0.080676      0.36302 Testis.Macrophage_Lyz2_high
Testis.Pre.Sertoli_cell_Cst9...       COVAR   14594    -0.070733   -0.0079906     0.085643      0.79556 Testis.Pre.Sertoli_cell_Cst9_high
Testis.Pre.Sertoli_cell_Ctsl...       COVAR   14594    -0.012329   -0.0018429     0.063529      0.57694 Testis.Pre.Sertoli_cell_Ctsl_high
Testis.Preleptotene_spermato...       COVAR   14594    -0.044136   -0.0057643     0.078494      0.71304 Testis.Preleptotene_spermatogonia
Testis.Sertoli_cell                   COVAR   14594     -0.10629    -0.013758     0.083052      0.89968 Testis.Sertoli_cell
Testis.Spermatids_1700016P04...       COVAR   14594    -0.047174   -0.0049153     0.092526      0.69492 Testis.Spermatids_1700016P04Rik_high
Testis.Spermatids_Cst13_high          COVAR   14594    -0.024821   -0.0044948     0.051574      0.68483 Testis.Spermatids_Cst13_high
Testis.Spermatids_Hmgb4_high          COVAR   14594    0.0053529   0.00093657     0.051616       0.4587 Testis.Spermatids_Hmgb4_high
Testis.Spermatids_Tnp1_high           COVAR   14594    -0.022427   -0.0031474     0.066808      0.63144 Testis.Spermatids_Tnp1_high
Testis.Spermatocyte_1700001F...       COVAR   14594    -0.033303    -0.010146     0.031018      0.85851 Testis.Spermatocyte_1700001F09Rik_high
Testis.Spermatocyte_Cabs1_hi...       COVAR   14594    -0.039374   -0.0052122     0.070022      0.71304 Testis.Spermatocyte_Cabs1_high
Testis.Spermatocyte_Calm2_hi...       COVAR   14594    -0.035067   -0.0056815     0.062655      0.71215 Testis.Spermatocyte_Calm2_high
Testis.Spermatocyte_Mesp1_hi...       COVAR   14594    -0.078516    -0.010537     0.072905      0.85924 Testis.Spermatocyte_Mesp1_high
Testis.Spermatocyte_Slc2a3_h...       COVAR   14594    -0.024112   -0.0063741     0.035984      0.74859 Testis.Spermatocyte_Slc2a3_high
Testis.Spermatogonia_1700001...       COVAR   14594    -0.037642   -0.0052651     0.067995      0.71007 Testis.Spermatogonia_1700001P01Rik_high
Testis.Spermatogonia_Tbc1d23...       COVAR   14594    -0.027832    -0.008745     0.029216       0.8296 Testis.Spermatogonia_Tbc1d23_high
Thymus.abT_cell                       COVAR   14594     -0.18767    -0.017479       0.1554       0.8864 Thymus.abT_cell
Thymus.B_cell                         COVAR   14594    -0.089852   -0.0093245      0.14425      0.73332 Thymus.B_cell
Thymus.DPT_cell                       COVAR   14594      -0.1218     -0.01088      0.15734      0.78056 Thymus.DPT_cell
Thymus.gdT_cell_                      COVAR   14594     -0.18414     -0.02229       0.1137      0.94733 Thymus.gdT_cell_
Thymus.Pre_T_cell                     COVAR   14594    -0.029997   -0.0062369      0.05807      0.69726 Thymus.Pre_T_cell
Thymus.Proliferating_thymocy...       COVAR   14594     -0.01714   -0.0022726      0.10033      0.56782 Thymus.Proliferating_thymocyte
Thymus.T_cell_Id2_high                COVAR   14594    -0.096879    -0.014455     0.087859       0.8649 Thymus.T_cell_Id2_high
Thymus.T_cell_Ms4a4b_high             COVAR   14594      -0.1069    -0.011446      0.14152      0.77499 Thymus.T_cell_Ms4a4b_high
Uterus.B_cell                         COVAR   14594     -0.13084    -0.024162     0.069259      0.97055 Uterus.B_cell
Uterus.Dendritic_cell                 COVAR   14594      0.10679     0.010235      0.17119      0.26637 Uterus.Dendritic_cell
Uterus.Endothelial_cell_Cldn...       COVAR   14594    -0.086565    -0.010972      0.10107      0.80413 Uterus.Endothelial_cell_Cldn5_high
Uterus.Endothelial_cell_Tm4s...       COVAR   14594     -0.11122    -0.011885      0.13927      0.78773 Uterus.Endothelial_cell_Tm4sf1_high
Uterus.Glandular_epithelium_...1      COVAR   14594     0.072703     0.010768      0.11411      0.26202 Uterus.Glandular_epithelium_Ltf_high
Uterus.Glandular_epithelium_...2      COVAR   14594     0.042037    0.0098276     0.076713      0.29186 Uterus.Glandular_epithelium_Sprr2f_high
Uterus.Granulocyte                    COVAR   14594     -0.18841    -0.020059      0.13119      0.92451 Uterus.Granulocyte
Uterus.Keratinocyte                   COVAR   14594     -0.11918    -0.015952     0.097343      0.88959 Uterus.Keratinocyte
Uterus.Macrophage                     COVAR   14594      0.35232     0.042419      0.14066     0.006131 Uterus.Macrophage
Uterus.Monocyte                       COVAR   14594   -0.0048248   -0.0005389      0.13649       0.5141 Uterus.Monocyte
Uterus.Muscle_cell_Mgp_high           COVAR   14594    -0.088512   -0.0079959       0.1547      0.71639 Uterus.Muscle_cell_Mgp_high
Uterus.Muscle_cell_Pcp4_high          COVAR   14594    -0.041194   -0.0052645     0.093845      0.66965 Uterus.Muscle_cell_Pcp4_high
Uterus.NK_cell                        COVAR   14594     -0.13608      -0.0155      0.14225      0.83062 Uterus.NK_cell
Uterus.Smooth_muscle_cell_Rg...       COVAR   14594     0.055307    0.0054984      0.11133      0.30967 Uterus.Smooth_muscle_cell_Rgs5_high
Uterus.Stromal_cell_Ccl11_hi...       COVAR   14594     -0.08226    -0.014903     0.079177      0.85057 Uterus.Stromal_cell_Ccl11_high
Uterus.Stromal_cell_Cxcl14_h...       COVAR   14594     -0.18945    -0.017207      0.16848      0.86959 Uterus.Stromal_cell_Cxcl14_high
Uterus.Stromal_cell_Gm23935_...       COVAR   14594     -0.21909    -0.027696      0.11517      0.97143 Uterus.Stromal_cell_Gm23935_high
Uterus.Stromal_cell_Has1_high         COVAR   14594    -0.091668    -0.017588     0.076952      0.88321 Uterus.Stromal_cell_Has1_high
Uterus.Stromal_cell_Hsd11b2_...       COVAR   14594     -0.16392    -0.019006      0.12208      0.91031 Uterus.Stromal_cell_Hsd11b2_high
