# MEAN_SAMPLE_SIZE = 2613
# TOTAL_GENES = 14594
# TEST_DIRECTION = one-sided, positive (set), one-sided, positive (covar)
# CONDITIONED_INTERNAL = gene size, gene density, inverse mac, log(gene size), log(gene density), log(inverse mac)
# CONDITIONED_HIDDEN = Average (covar)
VARIABLE                               TYPE  NGENES         BETA     BETA_STD           SE            P FULL_NAME
Mammary_Gland_Involution.B_c...1      COVAR   14594      0.02384    0.0024028      0.12766      0.42593 Mammary_Gland_Involution.B_cell_Cd79a_high
Mammary_Gland_Involution.B_c...2      COVAR   14594     -0.13138    -0.014666      0.12024      0.86271 Mammary_Gland_Involution.B_cell_Jchain_high
Mammary_Gland_Involution.Den...1      COVAR   14594      0.17148     0.020511      0.10789     0.055997 Mammary_Gland_Involution.Dendritic_cell_Ccl22_high
Mammary_Gland_Involution.Den...2      COVAR   14594       0.1005     0.012644     0.095087      0.14529 Mammary_Gland_Involution.Dendritic_cell_Il1b_high
Mammary_Gland_Involution.Den...3      COVAR   14594     -0.11613     -0.01388     0.085278      0.91336 Mammary_Gland_Involution.Dendritic_cell_Siglech_high
Mammary_Gland_Involution.End...1      COVAR   14594     -0.03681   -0.0044418       0.1095      0.63162 Mammary_Gland_Involution.Endothelial_cell_Aqp1_high
Mammary_Gland_Involution.End...3      COVAR   14594     0.073319    0.0075487      0.13328      0.29112 Mammary_Gland_Involution.Endothelial_cell_Fabp4_high
Mammary_Gland_Involution.End...2      COVAR   14594     -0.10237    -0.014292     0.086557      0.88153 Mammary_Gland_Involution.Endothelial_cell_Fabp4.Aqp1_high
Mammary_Gland_Involution.End...4      COVAR   14594     -0.18425    -0.020797      0.10967      0.95351 Mammary_Gland_Involution.Endothelial_cell_Glycam1_high
Mammary_Gland_Involution.Lum...       COVAR   14594    -0.040933   -0.0049991      0.13607      0.61822 Mammary_Gland_Involution.Luminal_cell
Mammary_Gland_Involution.Mac...1      COVAR   14594      0.19981     0.022873      0.11889     0.046425 Mammary_Gland_Involution.Macrophage_Apoe_high
Mammary_Gland_Involution.Mac...2      COVAR   14594      0.16657      0.01671      0.14158       0.1197 Mammary_Gland_Involution.Macrophage_Pf4_high
Mammary_Gland_Involution.Mac...3      COVAR   14594      0.19326     0.023883      0.11928     0.052603 Mammary_Gland_Involution.Macrophage_Plbd1_high
Mammary_Gland_Involution.Mac...4      COVAR   14594      0.24878      0.02896      0.13609     0.033783 Mammary_Gland_Involution.Macrophage_Retnla_high
Mammary_Gland_Involution.Mas...       COVAR   14594   -0.0019584   -0.0002505     0.077408      0.51009 Mammary_Gland_Involution.Mast_cell
Mammary_Gland_Involution.Mus...1      COVAR   14594     -0.20265     -0.02165      0.11999      0.95437 Mammary_Gland_Involution.Muscle_cell_Inmt_high
Mammary_Gland_Involution.Mus...2      COVAR   14594     -0.21868    -0.024659      0.12383      0.96129 Mammary_Gland_Involution.Muscle_cell_Pi16_high
Mammary_Gland_Involution.NK_...1      COVAR   14594     -0.25473    -0.025683      0.13367      0.97164 Mammary_Gland_Involution.NK_cell_Cd8b1_high
Mammary_Gland_Involution.NK_...2      COVAR   14594      -0.1118    -0.012889      0.11384      0.83696 Mammary_Gland_Involution.NK_cell_Gzma_high
Mammary_Gland_Involution.Sec...1      COVAR   14594     0.062299    0.0086297      0.11829      0.29922 Mammary_Gland_Involution.Secretory_alveoli_cell_Csn2_high
Mammary_Gland_Involution.Sec...2      COVAR   14594    -0.025649    -0.002974      0.15358      0.56632 Mammary_Gland_Involution.Secretory_alveoli_cell_Trf_high
Mammary_Gland_Involution.Str...       COVAR   14594       -0.269    -0.027661      0.13803      0.97433 Mammary_Gland_Involution.Stromal_cell
Mammary_Gland_Involution.T_c...1      COVAR   14594     -0.16888    -0.016869      0.12629      0.90942 Mammary_Gland_Involution.T_cell_Icos_high
Mammary_Gland_Involution.T_c...2      COVAR   14594     -0.11693    -0.015053      0.11845      0.83822 Mammary_Gland_Involution.T_cell_Pclaf_high
Mammary_Gland_Lactation.Adio...       COVAR   14594     0.080883    0.0042725      0.29237      0.39103 Mammary_Gland_Lactation.Adiocyte_cell
Mammary_Gland_Lactation.B_ce...1      COVAR   14594      0.15192    0.0099756      0.20802       0.2326 Mammary_Gland_Lactation.B_cell_Igkv6.15_high
Mammary_Gland_Lactation.B_ce...2      COVAR   14594    -0.072299   -0.0054418       0.1526      0.68217 Mammary_Gland_Lactation.B_cell_Igkv6.23_high
Mammary_Gland_Lactation.B_ce...3      COVAR   14594     -0.53974    -0.027191      0.34642      0.94038 Mammary_Gland_Lactation.B_cell_Jchain_high
Mammary_Gland_Lactation.Dend...       COVAR   14594      0.14822    0.0092585      0.22433       0.2544 Mammary_Gland_Lactation.Dendritic_cell
Mammary_Gland_Lactation.Macr...1      COVAR   14594      0.20718     0.013883       0.1858      0.13242 Mammary_Gland_Lactation.Macrophage_C1qb_high
Mammary_Gland_Lactation.Macr...2      COVAR   14594      0.20312    0.0098572      0.37975      0.29637 Mammary_Gland_Lactation.Macrophage_Cd74_high
Mammary_Gland_Lactation.Musc...1      COVAR   14594       0.2919     0.020066      0.17321     0.045981 Mammary_Gland_Lactation.Muscel_cell
Mammary_Gland_Lactation.Musc...2      COVAR   14594      0.16868     0.011246      0.21601      0.21744 Mammary_Gland_Lactation.Muscle__cell
Mammary_Gland_Lactation.Musc...3      COVAR   14594      0.15214    0.0084945      0.23552      0.25915 Mammary_Gland_Lactation.Muscle_cell
Mammary_Gland_Lactation.Natu...       COVAR   14594     0.015005   0.00089884      0.25698      0.47672 Mammary_Gland_Lactation.Natural_kill_cell
Mammary_Gland_Lactation.Secr...2      COVAR   14594      0.24453     0.015884      0.19452      0.10437 Mammary_Gland_Lactation.Secretory_alveoli_cell_Actb_high
Mammary_Gland_Lactation.Secr...3      COVAR   14594     0.045384    0.0033355      0.20503      0.41241 Mammary_Gland_Lactation.Secretory_alveoli_cell_Apod_high
Mammary_Gland_Lactation.Secr...4      COVAR   14594     0.088478    0.0055255      0.23287        0.352 Mammary_Gland_Lactation.Secretory_alveoli_cell_Atf3_high
Mammary_Gland_Lactation.Secr...1      COVAR   14594     0.063333    0.0042738      0.17862      0.36146 Mammary_Gland_Lactation.Secretory_alveoli_cell_AW112010_high
Mammary_Gland_Lactation.Secr...5      COVAR   14594    -0.010704  -0.00068323      0.25068      0.51703 Mammary_Gland_Lactation.Secretory_alveoli_cell_Bckdha_high
Mammary_Gland_Lactation.Secr...6      COVAR   14594     0.061072    0.0045515      0.22753      0.39419 Mammary_Gland_Lactation.Secretory_alveoli_cell_Ccng1_high
Mammary_Gland_Lactation.Secr...7      COVAR   14594    -0.043939   -0.0030841      0.18337      0.59469 Mammary_Gland_Lactation.Secretory_alveoli_cell_Cd63_high
Mammary_Gland_Lactation.Secr...8      COVAR   14594      0.17044     0.012119      0.16459      0.15021 Mammary_Gland_Lactation.Secretory_alveoli_cell_Cd83_high
Mammary_Gland_Lactation.Secr...9      COVAR   14594    -0.088905   -0.0061099      0.21714      0.65889 Mammary_Gland_Lactation.Secretory_alveoli_cell_Cfd_high
Mammary_Gland_Lactation.Secr...10     COVAR   14594     0.033006     0.002171      0.25274      0.44805 Mammary_Gland_Lactation.Secretory_alveoli_cell_Cgrrf1_high
Mammary_Gland_Lactation.Secr...11     COVAR   14594     0.016123    0.0011636      0.15158      0.45765 Mammary_Gland_Lactation.Secretory_alveoli_cell_Cide.Wfdc3.Wap_high
Mammary_Gland_Lactation.Secr...13     COVAR   14594      0.19735     0.011866      0.22675      0.19207 Mammary_Gland_Lactation.Secretory_alveoli_cell_Cidea_high
Mammary_Gland_Lactation.Secr...12     COVAR   14594      0.28526      0.01878      0.15794     0.035464 Mammary_Gland_Lactation.Secretory_alveoli_cell_Cidea.Elovl5_high
Mammary_Gland_Lactation.Secr...14     COVAR   14594     0.098802     0.007801      0.13493      0.23201 Mammary_Gland_Lactation.Secretory_alveoli_cell_Clu_high
Mammary_Gland_Lactation.Secr...15     COVAR   14594      0.22305     0.014301      0.17901      0.10639 Mammary_Gland_Lactation.Secretory_alveoli_cell_Cnp_high
Mammary_Gland_Lactation.Secr...16     COVAR   14594      0.25434     0.019754      0.12469     0.020695 Mammary_Gland_Lactation.Secretory_alveoli_cell_Crip1_high
Mammary_Gland_Lactation.Secr...17     COVAR   14594      0.11621    0.0095464      0.12852      0.18295 Mammary_Gland_Lactation.Secretory_alveoli_cell_Cyb561_high
Mammary_Gland_Lactation.Secr...18     COVAR   14594     0.014558    0.0010068      0.22342      0.47402 Mammary_Gland_Lactation.Secretory_alveoli_cell_Dnajb1_high
Mammary_Gland_Lactation.Secr...19     COVAR   14594    -0.065803   -0.0047917      0.18793      0.63688 Mammary_Gland_Lactation.Secretory_alveoli_cell_Ehf_high
Mammary_Gland_Lactation.Secr...20     COVAR   14594    -0.031701   -0.0028621      0.11157      0.61185 Mammary_Gland_Lactation.Secretory_alveoli_cell_Fcer1g_high
Mammary_Gland_Lactation.Secr...23     COVAR   14594    -0.066477   -0.0045409      0.15761       0.6634 Mammary_Gland_Lactation.Secretory_alveoli_cell_Fth1_high
Mammary_Gland_Lactation.Secr...21     COVAR   14594    -0.038141   -0.0043849     0.078108      0.68733 Mammary_Gland_Lactation.Secretory_alveoli_cell_Fth1.Cib1_high
Mammary_Gland_Lactation.Secr...22     COVAR   14594    -0.046465   -0.0036295      0.14612      0.62475 Mammary_Gland_Lactation.Secretory_alveoli_cell_Fth1.Wfdc3_high
Mammary_Gland_Lactation.Secr...24     COVAR   14594      0.10811    0.0069627      0.23753      0.32451 Mammary_Gland_Lactation.Secretory_alveoli_cell_Gadd45b_high
Mammary_Gland_Lactation.Secr...25     COVAR   14594     0.060675    0.0039524      0.20201      0.38196 Mammary_Gland_Lactation.Secretory_alveoli_cell_Ggnbp2_high
Mammary_Gland_Lactation.Secr...26     COVAR   14594    -0.066556   -0.0042929      0.23571      0.61116 Mammary_Gland_Lactation.Secretory_alveoli_cell_Gm1673_high
Mammary_Gland_Lactation.Secr...27     COVAR   14594     0.073465    0.0045195      0.23624      0.37791 Mammary_Gland_Lactation.Secretory_alveoli_cell_Gpx3_high
Mammary_Gland_Lactation.Secr...28     COVAR   14594      0.40838     0.026243      0.24645     0.048764 Mammary_Gland_Lactation.Secretory_alveoli_cell_Hes1_high
Mammary_Gland_Lactation.Secr...29     COVAR   14594      0.13642    0.0093539      0.21007      0.25804 Mammary_Gland_Lactation.Secretory_alveoli_cell_Hsp90aa1_high
Mammary_Gland_Lactation.Secr...30     COVAR   14594    0.0001648   1.0464e-05      0.23661      0.49972 Mammary_Gland_Lactation.Secretory_alveoli_cell_Hspa1a_high
Mammary_Gland_Lactation.Secr...31     COVAR   14594    -0.011286   -0.0011073      0.11553      0.53891 Mammary_Gland_Lactation.Secretory_alveoli_cell_Ifi27l2a_high
Mammary_Gland_Lactation.Secr...32     COVAR   14594     0.053635    0.0036222      0.21959      0.40352 Mammary_Gland_Lactation.Secretory_alveoli_cell_Ifi35_high
Mammary_Gland_Lactation.Secr...33     COVAR   14594     0.083128    0.0060423      0.17286       0.3153 Mammary_Gland_Lactation.Secretory_alveoli_cell_Igfbp7_high
Mammary_Gland_Lactation.Secr...34     COVAR   14594     0.067809    0.0042506      0.23237      0.38522 Mammary_Gland_Lactation.Secretory_alveoli_cell_Ighm1_high
Mammary_Gland_Lactation.Secr...36     COVAR   14594     -0.19875    -0.014088      0.15441      0.90097 Mammary_Gland_Lactation.Secretory_alveoli_cell_Igkv1.110_high
Mammary_Gland_Lactation.Secr...35     COVAR   14594     -0.11199   -0.0077576      0.16993      0.74506 Mammary_Gland_Lactation.Secretory_alveoli_cell_Igkv1.110.P4hb_high
Mammary_Gland_Lactation.Secr...37     COVAR   14594     -0.19106     -0.01292      0.16952      0.87013 Mammary_Gland_Lactation.Secretory_alveoli_cell_Igkv1.117_high
Mammary_Gland_Lactation.Secr...38     COVAR   14594      0.21204     0.014158      0.18795      0.12963 Mammary_Gland_Lactation.Secretory_alveoli_cell_Iglc1_high
Mammary_Gland_Lactation.Secr...39     COVAR   14594      0.38399     0.026475      0.19728     0.025814 Mammary_Gland_Lactation.Secretory_alveoli_cell_Igsf8_high
Mammary_Gland_Lactation.Secr...40     COVAR   14594   -0.0043004   -0.0002802      0.24316      0.50705 Mammary_Gland_Lactation.Secretory_alveoli_cell_Kif5b_high
Mammary_Gland_Lactation.Secr...41     COVAR   14594    -0.039315   -0.0025037      0.20695      0.57533 Mammary_Gland_Lactation.Secretory_alveoli_cell_Klf2_high
Mammary_Gland_Lactation.Secr...42     COVAR   14594     0.004825   0.00031068      0.25033      0.49231 Mammary_Gland_Lactation.Secretory_alveoli_cell_Klf6_high
Mammary_Gland_Lactation.Secr...43     COVAR   14594     0.060195    0.0042224       0.1601      0.35347 Mammary_Gland_Lactation.Secretory_alveoli_cell_Lgals1_high
Mammary_Gland_Lactation.Secr...44     COVAR   14594     -0.14968    -0.011006      0.15128      0.83876 Mammary_Gland_Lactation.Secretory_alveoli_cell_Ly6a_high
Mammary_Gland_Lactation.Secr...45     COVAR   14594      0.10298    0.0077008      0.18917      0.29309 Mammary_Gland_Lactation.Secretory_alveoli_cell_Lyz2_high
Mammary_Gland_Lactation.Secr...46     COVAR   14594     0.021715    0.0014464      0.19642      0.45599 Mammary_Gland_Lactation.Secretory_alveoli_cell_Malat1_high
Mammary_Gland_Lactation.Secr...47     COVAR   14594     0.054232    0.0034376      0.20477      0.39557 Mammary_Gland_Lactation.Secretory_alveoli_cell_Mat2a_high
Mammary_Gland_Lactation.Secr...48     COVAR   14594     -0.04705   -0.0029308      0.20938       0.5889 Mammary_Gland_Lactation.Secretory_alveoli_cell_Mrpl15_high
Mammary_Gland_Lactation.Secr...73     COVAR   14594       -0.223     -0.01373      0.25658       0.8076 Mammary_Gland_Lactation.Secretory_alveoli_cell_mt.Tp_high
Mammary_Gland_Lactation.Secr...49     COVAR   14594     0.087792     0.006072      0.16441      0.29668 Mammary_Gland_Lactation.Secretory_alveoli_cell_Naxd_high
Mammary_Gland_Lactation.Secr...50     COVAR   14594      0.10329    0.0066614      0.24161      0.33451 Mammary_Gland_Lactation.Secretory_alveoli_cell_Pa2g4_high
Mammary_Gland_Lactation.Secr...51     COVAR   14594    -0.027269   -0.0020469      0.15565      0.56954 Mammary_Gland_Lactation.Secretory_alveoli_cell_Prkcsh_high
Mammary_Gland_Lactation.Secr...52     COVAR   14594      0.11443    0.0077876      0.21977       0.3013 Mammary_Gland_Lactation.Secretory_alveoli_cell_Ptpn18_high
Mammary_Gland_Lactation.Secr...53     COVAR   14594     -0.11755   -0.0077697      0.17651      0.74727 Mammary_Gland_Lactation.Secretory_alveoli_cell_Rac2_high
Mammary_Gland_Lactation.Secr...54     COVAR   14594     0.014805   0.00096923      0.18614       0.4683 Mammary_Gland_Lactation.Secretory_alveoli_cell_Retnla_high
Mammary_Gland_Lactation.Secr...55     COVAR   14594    -0.006933  -0.00049154      0.16495      0.51676 Mammary_Gland_Lactation.Secretory_alveoli_cell_Rgs2_high_Rora_high
Mammary_Gland_Lactation.Secr...56     COVAR   14594      0.19444     0.013253      0.17092      0.12765 Mammary_Gland_Lactation.Secretory_alveoli_cell_Rhob_high
Mammary_Gland_Lactation.Secr...57     COVAR   14594     0.060254      0.00442      0.14332      0.33709 Mammary_Gland_Lactation.Secretory_alveoli_cell_S100a11_high
Mammary_Gland_Lactation.Secr...58     COVAR   14594      0.17666       0.0125      0.19225      0.17908 Mammary_Gland_Lactation.Secretory_alveoli_cell_Sars_high
Mammary_Gland_Lactation.Secr...59     COVAR   14594     0.083341    0.0055899      0.18769      0.32851 Mammary_Gland_Lactation.Secretory_alveoli_cell_Sh3bgrl3_high
Mammary_Gland_Lactation.Secr...60     COVAR   14594     0.062077    0.0043486       0.2112      0.38441 Mammary_Gland_Lactation.Secretory_alveoli_cell_Snord118_high
Mammary_Gland_Lactation.Secr...61     COVAR   14594      0.10175    0.0065697      0.25308      0.34382 Mammary_Gland_Lactation.Secretory_alveoli_cell_Spp1_high
Mammary_Gland_Lactation.Secr...62     COVAR   14594     0.045482    0.0030188      0.22886      0.42124 Mammary_Gland_Lactation.Secretory_alveoli_cell_Srsf11_high
Mammary_Gland_Lactation.Secr...63     COVAR   14594    0.0080481   0.00065292      0.15018      0.47863 Mammary_Gland_Lactation.Secretory_alveoli_cell_Taf1d_high
Mammary_Gland_Lactation.Secr...64     COVAR   14594      0.13372    0.0088626      0.16356       0.2068 Mammary_Gland_Lactation.Secretory_alveoli_cell_Thy1_high
Mammary_Gland_Lactation.Secr...65     COVAR   14594   -0.0045049  -0.00032052      0.15647      0.51148 Mammary_Gland_Lactation.Secretory_alveoli_cell_Tmem123_high
Mammary_Gland_Lactation.Secr...66     COVAR   14594     0.030199    0.0019424      0.18996      0.43684 Mammary_Gland_Lactation.Secretory_alveoli_cell_Tmsb10_high
Mammary_Gland_Lactation.Secr...67     COVAR   14594    -0.052731   -0.0038629      0.18506      0.61215 Mammary_Gland_Lactation.Secretory_alveoli_cell_Tubb5_high
Mammary_Gland_Lactation.Secr...68     COVAR   14594      0.26143        0.017      0.19462     0.089599 Mammary_Gland_Lactation.Secretory_alveoli_cell_Tyrobp_high
Mammary_Gland_Lactation.Secr...69     COVAR   14594    -0.011355  -0.00078988      0.20064      0.52256 Mammary_Gland_Lactation.Secretory_alveoli_cell_Ube2e3_high
Mammary_Gland_Lactation.Secr...70     COVAR   14594     0.012985   0.00079279      0.26233      0.48026 Mammary_Gland_Lactation.Secretory_alveoli_cell_Wfdc17_high
Mammary_Gland_Lactation.Secr...71     COVAR   14594     -0.12627    -0.010849      0.10745      0.88001 Mammary_Gland_Lactation.Secretory_alveoli_cell_Wfdc3.Wap_high
Mammary_Gland_Lactation.Secr...72     COVAR   14594      0.19112     0.012723      0.23566      0.20869 Mammary_Gland_Lactation.Secretory_alveoli_cell_Yif1b1_high
Mammary_Gland_Lactation.Stro...       COVAR   14594     -0.62518    -0.031022      0.31975      0.97471 Mammary_Gland_Lactation.Stromal_cell
Mammary_Gland_Lactation.T_ce...       COVAR   14594    -0.094658   -0.0059523      0.28127      0.63176 Mammary_Gland_Lactation.T_cell
Mammary_Gland_Pregnancy.B_ce...1      COVAR   14594    -0.022346   -0.0043808     0.048595      0.67718 Mammary_Gland_Pregnancy.B_cell_Jchain_high
Mammary_Gland_Pregnancy.B_ce...2      COVAR   14594     -0.13431    -0.014236      0.16764      0.78848 Mammary_Gland_Pregnancy.B_cell_Ly6d_high
Mammary_Gland_Pregnancy.Dend...1      COVAR   14594     0.058407     0.009618     0.089848      0.25783 Mammary_Gland_Pregnancy.Dendritic_cell_Cd209a_high
Mammary_Gland_Pregnancy.Dend...2      COVAR   14594    -0.031657   -0.0049843     0.087664      0.64099 Mammary_Gland_Pregnancy.Dendritic_cell_Fscn1_high
Mammary_Gland_Pregnancy.Duct...       COVAR   14594     -0.23955    -0.020424      0.24241      0.83847 Mammary_Gland_Pregnancy.Ductal_luminal_cell
Mammary_Gland_Pregnancy.Endo...       COVAR   14594     -0.14286    -0.019762     0.090237      0.94329 Mammary_Gland_Pregnancy.Endothelial_cell
Mammary_Gland_Pregnancy.Lumi...       COVAR   14594    0.0018912   0.00079766     0.031712      0.47622 Mammary_Gland_Pregnancy.Luminal_cell
Mammary_Gland_Pregnancy.Macr...       COVAR   14594      0.12455     0.027387     0.073754     0.045646 Mammary_Gland_Pregnancy.Macrophage
Mammary_Gland_Pregnancy.Mast...       COVAR   14594    -0.033373   -0.0047929     0.071591      0.67945 Mammary_Gland_Pregnancy.Mast_cell
Mammary_Gland_Pregnancy.Myel...       COVAR   14594     0.035558    0.0058693     0.093209      0.35142 Mammary_Gland_Pregnancy.Myeloid_leukocyte
Mammary_Gland_Pregnancy.Myoe...       COVAR   14594    -0.096592    -0.019882     0.075135      0.90069 Mammary_Gland_Pregnancy.Myoepithelial_cell
Mammary_Gland_Pregnancy.NK_c...1      COVAR   14594     -0.12432    -0.015388      0.13531      0.82089 Mammary_Gland_Pregnancy.NK_cell_Gzma_high
Mammary_Gland_Pregnancy.NK_c...2      COVAR   14594    -0.016523   -0.0043541     0.059161      0.60999 Mammary_Gland_Pregnancy.NK_cells_Gzmb_high
Mammary_Gland_Pregnancy.Secr...       COVAR   14594     0.068332     0.019192     0.064519      0.14478 Mammary_Gland_Pregnancy.Secretory_alveoli_cell
Mammary_Gland_Pregnancy.Stro...       COVAR   14594      -0.1238    -0.024753     0.076336      0.94757 Mammary_Gland_Pregnancy.Stromal_cell
Mammary_Gland_Pregnancy.T_ce...1      COVAR   14594     -0.22543    -0.023797      0.16844       0.9096 Mammary_Gland_Pregnancy.T_cell
Mammary_Gland_Pregnancy.T_ce...2      COVAR   14594     0.059186     0.010109      0.05349      0.13427 Mammary_Gland_Pregnancy.T_cell_Grwd1_high
Mammary_Gland_Virgin.B_cell_...1      COVAR   14594      -0.1693    -0.017284      0.14008      0.88659 Mammary_Gland_Virgin.B_cell_Cd79a.Fcer2a_high
Mammary_Gland_Virgin.B_cell_...2      COVAR   14594      0.10071    0.0093904      0.15496      0.25788 Mammary_Gland_Virgin.B_cell_Cd79a.Iglc2_high
Mammary_Gland_Virgin.B_cell_...3      COVAR   14594    -0.066522   -0.0091797     0.082239       0.7907 Mammary_Gland_Virgin.B_cell_Jchain_high
Mammary_Gland_Virgin.Dendrit...1      COVAR   14594      0.14765     0.019054      0.12453      0.11789 Mammary_Gland_Virgin.Dendritic_cell_Cst3_high
Mammary_Gland_Virgin.Dendrit...2      COVAR   14594     0.094754     0.012541      0.11072      0.19607 Mammary_Gland_Virgin.Dendritic_cell_Fscn1_high
Mammary_Gland_Virgin.Dendrit...3      COVAR   14594    -0.069896   -0.0073483      0.12857      0.70665 Mammary_Gland_Virgin.Dendritic_cell_Siglech_high
Mammary_Gland_Virgin.Dividin...       COVAR   14594    -0.010434   -0.0016405     0.097331      0.54269 Mammary_Gland_Virgin.Dividing_cell
Mammary_Gland_Virgin.Luminal...1      COVAR   14594     0.062753     0.010089      0.10423      0.27357 Mammary_Gland_Virgin.Luminal_cell_Krt19_high_
Mammary_Gland_Virgin.Luminal...2      COVAR   14594     0.038795     0.005974      0.10446      0.35517 Mammary_Gland_Virgin.Luminal_progenitor
Mammary_Gland_Virgin.Macroph...1      COVAR   14594      0.16547     0.019761      0.12502     0.092831 Mammary_Gland_Virgin.Macrophage_C1qc_high
Mammary_Gland_Virgin.Macroph...2      COVAR   14594        0.107     0.013242      0.13619      0.21602 Mammary_Gland_Virgin.Macrophage_Lyz1_high
Mammary_Gland_Virgin.NK_cell          COVAR   14594    -0.036807   -0.0039377      0.14005      0.60365 Mammary_Gland_Virgin.NK_cell
Mammary_Gland_Virgin.Stem_an...       COVAR   14594    -0.059703   -0.0066901      0.13323      0.67296 Mammary_Gland_Virgin.Stem_and_progenitor_cell
Mammary_Gland_Virgin.Stromal...1      COVAR   14594     -0.24826    -0.030489      0.12686      0.97481 Mammary_Gland_Virgin.Stromal_cell_Col3a1_high
Mammary_Gland_Virgin.Stromal...2      COVAR   14594     -0.21447    -0.029686      0.10439      0.98003 Mammary_Gland_Virgin.Stromal_cell_Pi16_high
Mammary_Gland_Virgin.T_cell_...1      COVAR   14594     -0.17596     -0.01638      0.16142      0.86214 Mammary_Gland_Virgin.T_cell_Cd8b1_high
Mammary_Gland_Virgin.T_cell_...2      COVAR   14594     -0.15651    -0.015627      0.14944      0.85252 Mammary_Gland_Virgin.T_cell_Ly6c2_high
Mammary_Gland_Virgin.T.cells...       COVAR   14594    -0.093014    -0.010277      0.14116      0.74502 Mammary_Gland_Virgin.T.cells_Ctla4_high
