Welcome to MAGMA v1.07 (linux/s)
Using flags:
	--gene-results /data/fuma/celltype/569/magma.genes.raw
	--gene-covar /data/MAGMA/celltype/GSE98816_Mouse_Brain_Vascular.txt
	--model condition-hide=Average direction=greater
	--out /data/fuma/celltype/569/magma_celltype_GSE98816_Mouse_Brain_Vascular

Start time is 21:29:54, Thursday 28 Feb 2019

Reading file /data/fuma/celltype/569/magma.genes.raw... 
	18147 genes read from file
Loading gene-level covariates...
Reading file /data/MAGMA/celltype/GSE98816_Mouse_Brain_Vascular.txt... 
	detected 16 variables in file (using all)
	found 16 valid gene covariates, for 14276 genes defined in genotype data
Processing missing values...
	found 3871 genes not present in all input files: removing these from analysis
	14276 genes remaining in analysis
Preparing variables for analysis...
	truncating Z-scores 3 points below zero or 6 standard deviations above the mean
	truncating covariate values more than 5 standard deviations from the mean
	total variables available for analysis: 16 gene covariates

Parsing model specifications...
Inverting gene-gene correlation matrix...
Performing regression analysis...
	testing direction: one-sided, positive (sets), one-sided, positive (covar)
	conditioning on internal variables:
		gene size, log(gene size)
		gene density, log(gene density)
		inverse mac, log(inverse mac)
	conditioning on input variables (no output):
		Average (covar)
	analysing individual variables

	analysing single-variable models (number of models: 15)
	writing results to file /data/fuma/celltype/569/magma_celltype_GSE98816_Mouse_Brain_Vascular.gsa.out

End time is 21:30:04, Thursday 28 Feb 2019 (elapsed: 00:00:10)
