Index PThresh FE EmpPval NAnnotThesh NAnnot NThresh N Annotation Celltype Tissue Type Category
0 0.1 1.45901 -1 6441 17094 67892 262885 blueprint_mono_K27AC_log2rpm_fdr0.05 mono aceQTL blueprint1 blueprint
0 0.01 1.88617 -1 1427 17094 11635 262885 blueprint_mono_K27AC_log2rpm_fdr0.05 mono aceQTL blueprint1 blueprint
0 0.001 2.38092 -1 294 17094 1899 262885 blueprint_mono_K27AC_log2rpm_fdr0.05 mono aceQTL blueprint1 blueprint
0 0.0001 2.68715 -1 65 17094 372 262885 blueprint_mono_K27AC_log2rpm_fdr0.05 mono aceQTL blueprint1 blueprint
0 1e-05 4.11932 0.00329598 30 17094 112 262885 blueprint_mono_K27AC_log2rpm_fdr0.05 mono aceQTL blueprint1 blueprint
0 1e-06 3.12789 0.277228 12 17094 59 262885 blueprint_mono_K27AC_log2rpm_fdr0.05 mono aceQTL blueprint1 blueprint
0 1e-07 3.13853 0.227723 10 17094 49 262885 blueprint_mono_K27AC_log2rpm_fdr0.05 mono aceQTL blueprint1 blueprint
0 1e-08 2.92929 0.39604 8 17094 42 262885 blueprint_mono_K27AC_log2rpm_fdr0.05 mono aceQTL blueprint1 blueprint
1 0.1 1.40528 -1 10936 30133 67892 262885 blueprint_mono_K4ME1_log2rpm_fdr0.05 mono aceQTL blueprint1 blueprint
1 0.01 1.77257 -1 2364 30133 11635 262885 blueprint_mono_K4ME1_log2rpm_fdr0.05 mono aceQTL blueprint1 blueprint
1 0.001 2.03977 -1 444 30133 1899 262885 blueprint_mono_K4ME1_log2rpm_fdr0.05 mono aceQTL blueprint1 blueprint
1 0.0001 2.15759 -1 92 30133 372 262885 blueprint_mono_K4ME1_log2rpm_fdr0.05 mono aceQTL blueprint1 blueprint
1 1e-05 2.57051 0.29703 33 30133 112 262885 blueprint_mono_K4ME1_log2rpm_fdr0.05 mono aceQTL blueprint1 blueprint
1 1e-06 2.51374 0.544554 17 30133 59 262885 blueprint_mono_K4ME1_log2rpm_fdr0.05 mono aceQTL blueprint1 blueprint
1 1e-07 2.49262 0.475248 14 30133 49 262885 blueprint_mono_K4ME1_log2rpm_fdr0.05 mono aceQTL blueprint1 blueprint
1 1e-08 2.07718 0.792079 10 30133 42 262885 blueprint_mono_K4ME1_log2rpm_fdr0.05 mono aceQTL blueprint1 blueprint
2 0.1 1.45342 -1 5919 15769 67892 262885 blueprint_mono_gene_nor_combat_fdr0.05 mono eQTL blueprint1 blueprint
2 0.01 1.95008 -1 1361 15769 11635 262885 blueprint_mono_gene_nor_combat_fdr0.05 mono eQTL blueprint1 blueprint
2 0.001 2.36151 -1 269 15769 1899 262885 blueprint_mono_gene_nor_combat_fdr0.05 mono eQTL blueprint1 blueprint
2 0.0001 3.31627 -1 74 15769 372 262885 blueprint_mono_gene_nor_combat_fdr0.05 mono eQTL blueprint1 blueprint
2 1e-05 5.35854 2e-05 36 15769 112 262885 blueprint_mono_gene_nor_combat_fdr0.05 mono eQTL blueprint1 blueprint
2 1e-06 4.52095 0.0342466 16 15769 59 262885 blueprint_mono_gene_nor_combat_fdr0.05 mono eQTL blueprint1 blueprint
2 1e-07 4.42292 0.0492611 13 15769 49 262885 blueprint_mono_gene_nor_combat_fdr0.05 mono eQTL blueprint1 blueprint
2 1e-08 3.96929 0.19802 10 15769 42 262885 blueprint_mono_gene_nor_combat_fdr0.05 mono eQTL blueprint1 blueprint
3 0.1 1.35151 -1 16152 46276 67892 262885 blueprint_mono_meth_M_fdr0.05 mono mQTL blueprint1 blueprint
3 0.01 1.68203 -1 3445 46276 11635 262885 blueprint_mono_meth_M_fdr0.05 mono mQTL blueprint1 blueprint
3 0.001 2.00728 -1 671 46276 1899 262885 blueprint_mono_meth_M_fdr0.05 mono mQTL blueprint1 blueprint
3 0.0001 2.39754 -1 157 46276 372 262885 blueprint_mono_meth_M_fdr0.05 mono mQTL blueprint1 blueprint
3 1e-05 3.34762 0.000114515 66 46276 112 262885 blueprint_mono_meth_M_fdr0.05 mono mQTL blueprint1 blueprint
3 1e-06 3.75511 0.00017799 39 46276 59 262885 blueprint_mono_meth_M_fdr0.05 mono mQTL blueprint1 blueprint
3 1e-07 3.70991 0.000732011 32 46276 49 262885 blueprint_mono_meth_M_fdr0.05 mono mQTL blueprint1 blueprint
3 1e-08 3.7872 0.0045977 28 46276 42 262885 blueprint_mono_meth_M_fdr0.05 mono mQTL blueprint1 blueprint
4 0.1 1.51712 -1 1387 3540 67892 262885 blueprint_mono_psi_fdr0.05 mono psiQTL blueprint1 blueprint
4 0.01 2.20199 -1 345 3540 11635 262885 blueprint_mono_psi_fdr0.05 mono psiQTL blueprint1 blueprint
4 0.001 3.75413 -1 96 3540 1899 262885 blueprint_mono_psi_fdr0.05 mono psiQTL blueprint1 blueprint
4 0.0001 4.59142 -1 23 3540 372 262885 blueprint_mono_psi_fdr0.05 mono psiQTL blueprint1 blueprint
4 1e-05 10.6088 0 16 3540 112 262885 blueprint_mono_psi_fdr0.05 mono psiQTL blueprint1 blueprint
4 1e-06 8.81066 0.0101215 7 3540 59 262885 blueprint_mono_psi_fdr0.05 mono psiQTL blueprint1 blueprint
4 1e-07 4.54661 0.346535 3 3540 49 262885 blueprint_mono_psi_fdr0.05 mono psiQTL blueprint1 blueprint
4 1e-08 1.76813 0.811881 1 3540 42 262885 blueprint_mono_psi_fdr0.05 mono psiQTL blueprint1 blueprint
5 0.1 1.45069 -1 5501 14683 67892 262885 blueprint_neut_K27AC_log2rpm_fdr0.05 neut aceQTL blueprint1 blueprint
5 0.01 1.92967 -1 1254 14683 11635 262885 blueprint_neut_K27AC_log2rpm_fdr0.05 neut aceQTL blueprint1 blueprint
5 0.001 2.50789 -1 266 14683 1899 262885 blueprint_neut_K27AC_log2rpm_fdr0.05 neut aceQTL blueprint1 blueprint
5 0.0001 3.03214 -1 63 14683 372 262885 blueprint_neut_K27AC_log2rpm_fdr0.05 neut aceQTL blueprint1 blueprint
5 1e-05 4.47601 0.00327011 28 14683 112 262885 blueprint_neut_K27AC_log2rpm_fdr0.05 neut aceQTL blueprint1 blueprint
5 1e-06 3.6415 0.158416 12 14683 59 262885 blueprint_neut_K27AC_log2rpm_fdr0.05 neut aceQTL blueprint1 blueprint
5 1e-07 3.2885 0.267327 9 14683 49 262885 blueprint_neut_K27AC_log2rpm_fdr0.05 neut aceQTL blueprint1 blueprint
5 1e-08 2.98401 0.49505 7 14683 42 262885 blueprint_neut_K27AC_log2rpm_fdr0.05 neut aceQTL blueprint1 blueprint
6 0.1 1.42849 -1 7948 21544 67892 262885 blueprint_neut_K4ME1_log2rpm_fdr0.05 neut aceQTL blueprint1 blueprint
6 0.01 1.83846 -1 1753 21544 11635 262885 blueprint_neut_K4ME1_log2rpm_fdr0.05 neut aceQTL blueprint1 blueprint
6 0.001 2.34535 -1 365 21544 1899 262885 blueprint_neut_K4ME1_log2rpm_fdr0.05 neut aceQTL blueprint1 blueprint
6 0.0001 2.88655 -1 88 21544 372 262885 blueprint_neut_K4ME1_log2rpm_fdr0.05 neut aceQTL blueprint1 blueprint
6 1e-05 3.92215 0.00102701 36 21544 112 262885 blueprint_neut_K4ME1_log2rpm_fdr0.05 neut aceQTL blueprint1 blueprint
6 1e-06 3.30908 0.0943396 16 21544 59 262885 blueprint_neut_K4ME1_log2rpm_fdr0.05 neut aceQTL blueprint1 blueprint
6 1e-07 3.48635 0.128713 14 21544 49 262885 blueprint_neut_K4ME1_log2rpm_fdr0.05 neut aceQTL blueprint1 blueprint
6 1e-08 3.48635 0.0746269 12 21544 42 262885 blueprint_neut_K4ME1_log2rpm_fdr0.05 neut aceQTL blueprint1 blueprint
7 0.1 1.4599 -1 5249 13922 67892 262885 blueprint_neut_gene_nor_combat_fdr0.05 neut eQTL blueprint1 blueprint
7 0.01 2.04488 -1 1260 13922 11635 262885 blueprint_neut_gene_nor_combat_fdr0.05 neut eQTL blueprint1 blueprint
7 0.001 2.82395 -1 284 13922 1899 262885 blueprint_neut_gene_nor_combat_fdr0.05 neut eQTL blueprint1 blueprint
7 0.0001 3.65472 -1 72 13922 372 262885 blueprint_neut_gene_nor_combat_fdr0.05 neut eQTL blueprint1 blueprint
7 1e-05 5.73225 1e-05 34 13922 112 262885 blueprint_neut_gene_nor_combat_fdr0.05 neut eQTL blueprint1 blueprint
7 1e-06 5.76082 0.00305904 18 13922 59 262885 blueprint_neut_gene_nor_combat_fdr0.05 neut eQTL blueprint1 blueprint
7 1e-07 5.39506 0.0138504 14 13922 49 262885 blueprint_neut_gene_nor_combat_fdr0.05 neut eQTL blueprint1 blueprint
7 1e-08 4.94547 0.078125 11 13922 42 262885 blueprint_neut_gene_nor_combat_fdr0.05 neut eQTL blueprint1 blueprint
8 0.1 1.35721 -1 16345 46632 67892 262885 blueprint_neut_meth_M_fdr0.05 neut mQTL blueprint1 blueprint
8 0.01 1.6968 -1 3502 46632 11635 262885 blueprint_neut_meth_M_fdr0.05 neut mQTL blueprint1 blueprint
8 0.001 1.9682 -1 663 46632 1899 262885 blueprint_neut_meth_M_fdr0.05 neut mQTL blueprint1 blueprint
8 0.0001 2.3944 -1 158 46632 372 262885 blueprint_neut_meth_M_fdr0.05 neut mQTL blueprint1 blueprint
8 1e-05 3.32206 7e-05 66 46632 112 262885 blueprint_neut_meth_M_fdr0.05 neut mQTL blueprint1 blueprint
8 1e-06 3.63089 0.000458442 38 46632 59 262885 blueprint_neut_meth_M_fdr0.05 neut mQTL blueprint1 blueprint
8 1e-07 3.56654 0.00159337 31 46632 49 262885 blueprint_neut_meth_M_fdr0.05 neut mQTL blueprint1 blueprint
8 1e-08 3.75829 0.00255232 28 46632 42 262885 blueprint_neut_meth_M_fdr0.05 neut mQTL blueprint1 blueprint
9 0.1 1.50201 -1 1116 2877 67892 262885 blueprint_neut_psi_fdr0.05 neut psiQTL blueprint1 blueprint
9 0.01 2.21467 -1 282 2877 11635 262885 blueprint_neut_psi_fdr0.05 neut psiQTL blueprint1 blueprint
9 0.001 3.27197 -1 68 2877 1899 262885 blueprint_neut_psi_fdr0.05 neut psiQTL blueprint1 blueprint
9 0.0001 3.93009 -1 16 2877 372 262885 blueprint_neut_psi_fdr0.05 neut psiQTL blueprint1 blueprint
9 1e-05 8.9743 0.00151217 11 2877 112 262885 blueprint_neut_psi_fdr0.05 neut psiQTL blueprint1 blueprint
9 1e-06 9.29234 0.0146413 6 2877 59 262885 blueprint_neut_psi_fdr0.05 neut psiQTL blueprint1 blueprint
9 1e-07 5.59437 0.168317 3 2877 49 262885 blueprint_neut_psi_fdr0.05 neut psiQTL blueprint1 blueprint
9 1e-08 2.17559 0.792079 1 2877 42 262885 blueprint_neut_psi_fdr0.05 neut psiQTL blueprint1 blueprint
10 0.1 1.49282 -1 4493 11654 67892 262885 blueprint_tcel_K27AC_log2rpm_fdr0.05 tcel aceQTL blueprint1 blueprint
10 0.01 2.02988 -1 1047 11654 11635 262885 blueprint_tcel_K27AC_log2rpm_fdr0.05 tcel aceQTL blueprint1 blueprint
10 0.001 2.5539 -1 215 11654 1899 262885 blueprint_tcel_K27AC_log2rpm_fdr0.05 tcel aceQTL blueprint1 blueprint
10 0.0001 3.6383 -1 60 11654 372 262885 blueprint_tcel_K27AC_log2rpm_fdr0.05 tcel aceQTL blueprint1 blueprint
10 1e-05 4.63234 0.00571755 23 11654 112 262885 blueprint_tcel_K27AC_log2rpm_fdr0.05 tcel aceQTL blueprint1 blueprint
10 1e-06 3.8233 0.178218 10 11654 59 262885 blueprint_tcel_K27AC_log2rpm_fdr0.05 tcel aceQTL blueprint1 blueprint
10 1e-07 2.76214 0.475248 6 11654 49 262885 blueprint_tcel_K27AC_log2rpm_fdr0.05 tcel aceQTL blueprint1 blueprint
10 1e-08 3.2225 0.386139 6 11654 42 262885 blueprint_tcel_K27AC_log2rpm_fdr0.05 tcel aceQTL blueprint1 blueprint
11 0.1 1.48578 -1 3374 8793 67892 262885 blueprint_tcel_K4ME1_log2rpm_fdr0.05 tcel aceQTL blueprint1 blueprint
11 0.01 1.97601 -1 769 8793 11635 262885 blueprint_tcel_K4ME1_log2rpm_fdr0.05 tcel aceQTL blueprint1 blueprint
11 0.001 2.55046 -1 162 8793 1899 262885 blueprint_tcel_K4ME1_log2rpm_fdr0.05 tcel aceQTL blueprint1 blueprint
11 0.0001 3.69695 -1 46 8793 372 262885 blueprint_tcel_K4ME1_log2rpm_fdr0.05 tcel aceQTL blueprint1 blueprint
11 1e-05 4.27101 0.0465116 16 8793 112 262885 blueprint_tcel_K4ME1_log2rpm_fdr0.05 tcel aceQTL blueprint1 blueprint
11 1e-06 2.53365 0.683168 5 8793 59 262885 blueprint_tcel_K4ME1_log2rpm_fdr0.05 tcel aceQTL blueprint1 blueprint
11 1e-07 1.22029 0.891089 2 8793 49 262885 blueprint_tcel_K4ME1_log2rpm_fdr0.05 tcel aceQTL blueprint1 blueprint
11 1e-08 1.42367 0.821782 2 8793 42 262885 blueprint_tcel_K4ME1_log2rpm_fdr0.05 tcel aceQTL blueprint1 blueprint
12 0.1 1.50281 -1 5099 13138 67892 262885 blueprint_tcel_gene_nor_combat_fdr0.05 tcel eQTL blueprint1 blueprint
12 0.01 2.09984 -1 1221 13138 11635 262885 blueprint_tcel_gene_nor_combat_fdr0.05 tcel eQTL blueprint1 blueprint
12 0.001 2.571 -1 244 13138 1899 262885 blueprint_tcel_gene_nor_combat_fdr0.05 tcel eQTL blueprint1 blueprint
12 0.0001 3.33492 -1 62 13138 372 262885 blueprint_tcel_gene_nor_combat_fdr0.05 tcel eQTL blueprint1 blueprint
12 1e-05 4.28775 0.0260417 24 13138 112 262885 blueprint_tcel_gene_nor_combat_fdr0.05 tcel eQTL blueprint1 blueprint
12 1e-06 2.71315 0.633663 8 13138 59 262885 blueprint_tcel_gene_nor_combat_fdr0.05 tcel eQTL blueprint1 blueprint
12 1e-07 2.04179 0.910891 5 13138 49 262885 blueprint_tcel_gene_nor_combat_fdr0.05 tcel eQTL blueprint1 blueprint
12 1e-08 1.90567 0.950495 4 13138 42 262885 blueprint_tcel_gene_nor_combat_fdr0.05 tcel eQTL blueprint1 blueprint
13 0.1 1.38296 -1 13986 39159 67892 262885 blueprint_tcel_meth_M_fdr0.05 tcel mQTL blueprint1 blueprint
13 0.01 1.73501 -1 3007 39159 11635 262885 blueprint_tcel_meth_M_fdr0.05 tcel mQTL blueprint1 blueprint
13 0.001 2.03272 -1 575 39159 1899 262885 blueprint_tcel_meth_M_fdr0.05 tcel mQTL blueprint1 blueprint
13 0.0001 2.70696 -1 150 39159 372 262885 blueprint_tcel_meth_M_fdr0.05 tcel mQTL blueprint1 blueprint
13 1e-05 3.5964 3e-05 60 39159 112 262885 blueprint_tcel_meth_M_fdr0.05 tcel mQTL blueprint1 blueprint
13 1e-06 3.86866 0.0011439 34 39159 59 262885 blueprint_tcel_meth_M_fdr0.05 tcel mQTL blueprint1 blueprint
13 1e-07 3.69915 0.00733138 27 39159 49 262885 blueprint_tcel_meth_M_fdr0.05 tcel mQTL blueprint1 blueprint
13 1e-08 3.83616 0.00526316 24 39159 42 262885 blueprint_tcel_meth_M_fdr0.05 tcel mQTL blueprint1 blueprint
14 0.1 1.55396 -1 1702 4241 67892 262885 blueprint_tcel_psi_fdr0.05 tcel psiQTL blueprint1 blueprint
14 0.01 2.38143 -1 447 4241 11635 262885 blueprint_tcel_psi_fdr0.05 tcel psiQTL blueprint1 blueprint
14 0.001 3.26417 -1 100 4241 1899 262885 blueprint_tcel_psi_fdr0.05 tcel psiQTL blueprint1 blueprint
14 0.0001 5.16555 -1 31 4241 372 262885 blueprint_tcel_psi_fdr0.05 tcel psiQTL blueprint1 blueprint
14 1e-05 9.96213 0 18 4241 112 262885 blueprint_tcel_psi_fdr0.05 tcel psiQTL blueprint1 blueprint
14 1e-06 8.40496 0.0106157 8 4241 59 262885 blueprint_tcel_psi_fdr0.05 tcel psiQTL blueprint1 blueprint
14 1e-07 3.7951 0.366337 3 4241 49 262885 blueprint_tcel_psi_fdr0.05 tcel psiQTL blueprint1 blueprint
14 1e-08 4.42761 0.425743 3 4241 42 262885 blueprint_tcel_psi_fdr0.05 tcel psiQTL blueprint1 blueprint
15 0.1 1.54073 -1 5055 12704 67892 262885 cmc_eQTL_fdr0.05.chrpos dlpfc eQTL CMC1 CMC
15 0.01 2.12889 -1 1197 12704 11635 262885 cmc_eQTL_fdr0.05.chrpos dlpfc eQTL CMC1 CMC
15 0.001 2.95304 -1 271 12704 1899 262885 cmc_eQTL_fdr0.05.chrpos dlpfc eQTL CMC1 CMC
15 0.0001 4.50575 -1 81 12704 372 262885 cmc_eQTL_fdr0.05.chrpos dlpfc eQTL CMC1 CMC
15 1e-05 6.28183 1e-05 34 12704 112 262885 cmc_eQTL_fdr0.05.chrpos dlpfc eQTL CMC1 CMC
15 1e-06 5.96242 0.00826446 17 12704 59 262885 cmc_eQTL_fdr0.05.chrpos dlpfc eQTL CMC1 CMC
15 1e-07 6.33462 0.00464684 15 12704 49 262885 cmc_eQTL_fdr0.05.chrpos dlpfc eQTL CMC1 CMC
15 1e-08 6.8977 0.00540541 14 12704 42 262885 cmc_eQTL_fdr0.05.chrpos dlpfc eQTL CMC1 CMC
16 0.1 1.52029 -1 5485 13970 67892 262885 cmc_isoQTL_fdr0.05.chrpos dlpfc isoQTL CMC1 CMC
16 0.01 2.13813 -1 1322 13970 11635 262885 cmc_isoQTL_fdr0.05.chrpos dlpfc isoQTL CMC1 CMC
16 0.001 2.8638 -1 289 13970 1899 262885 cmc_isoQTL_fdr0.05.chrpos dlpfc isoQTL CMC1 CMC
16 0.0001 4.14801 -1 82 13970 372 262885 cmc_isoQTL_fdr0.05.chrpos dlpfc isoQTL CMC1 CMC
16 1e-05 5.37652 0.000558628 32 13970 112 262885 cmc_isoQTL_fdr0.05.chrpos dlpfc isoQTL CMC1 CMC
16 1e-06 6.37892 0.00106792 20 13970 59 262885 cmc_isoQTL_fdr0.05.chrpos dlpfc isoQTL CMC1 CMC
16 1e-07 6.91267 0.000787774 18 13970 49 262885 cmc_isoQTL_fdr0.05.chrpos dlpfc isoQTL CMC1 CMC
16 1e-08 7.16869 0.00101885 16 13970 42 262885 cmc_isoQTL_fdr0.05.chrpos dlpfc isoQTL CMC1 CMC
17 0.1 1.61415 -1 3638 8727 67892 262885 fairfax_cis_fdr0.05 mono eQTL fairfax1 fairfax
17 0.01 2.40002 -1 927 8727 11635 262885 fairfax_cis_fdr0.05 mono eQTL fairfax1 fairfax
17 0.001 3.45806 -1 218 8727 1899 262885 fairfax_cis_fdr0.05 mono eQTL fairfax1 fairfax
17 0.0001 5.02053 -1 62 8727 372 262885 fairfax_cis_fdr0.05 mono eQTL fairfax1 fairfax
17 1e-05 8.33767 0 31 8727 112 262885 fairfax_cis_fdr0.05 mono eQTL fairfax1 fairfax
17 1e-06 8.67956 0.000219044 17 8727 59 262885 fairfax_cis_fdr0.05 mono eQTL fairfax1 fairfax
17 1e-07 7.37711 0.0179856 12 8727 49 262885 fairfax_cis_fdr0.05 mono eQTL fairfax1 fairfax
17 1e-08 7.17219 0.0198807 10 8727 42 262885 fairfax_cis_fdr0.05 mono eQTL fairfax1 fairfax
18 0.1 1.27237 -1 6201 18871 67892 262885 immvar_cd14_eQTL_p1e-3 mono eQTL immvar1 immvar
18 0.01 1.6439 -1 1373 18871 11635 262885 immvar_cd14_eQTL_p1e-3 mono eQTL immvar1 immvar
18 0.001 2.20073 -1 300 18871 1899 262885 immvar_cd14_eQTL_p1e-3 mono eQTL immvar1 immvar
18 0.0001 3.14563 -1 84 18871 372 262885 immvar_cd14_eQTL_p1e-3 mono eQTL immvar1 immvar
18 1e-05 5.22399 0 42 18871 112 262885 immvar_cd14_eQTL_p1e-3 mono eQTL immvar1 immvar
18 1e-06 4.72225 8e-05 20 18871 59 262885 immvar_cd14_eQTL_p1e-3 mono eQTL immvar1 immvar
18 1e-07 4.26448 0.0026688 15 18871 49 262885 immvar_cd14_eQTL_p1e-3 mono eQTL immvar1 immvar
18 1e-08 4.31186 0.00424809 13 18871 42 262885 immvar_cd14_eQTL_p1e-3 mono eQTL immvar1 immvar
19 0.1 -nan -1 0 0 67892 262885 immvar_cd14_sQTL_p1e-12 mono sQTL immvar1 immvar
19 0.01 -nan -1 0 0 11635 262885 immvar_cd14_sQTL_p1e-12 mono sQTL immvar1 immvar
19 0.001 -nan -1 0 0 1899 262885 immvar_cd14_sQTL_p1e-12 mono sQTL immvar1 immvar
19 0.0001 -nan -1 0 0 372 262885 immvar_cd14_sQTL_p1e-12 mono sQTL immvar1 immvar
19 1e-05 -nan 1 0 0 112 262885 immvar_cd14_sQTL_p1e-12 mono sQTL immvar1 immvar
19 1e-06 -nan 1 0 0 59 262885 immvar_cd14_sQTL_p1e-12 mono sQTL immvar1 immvar
19 1e-07 -nan 1 0 0 49 262885 immvar_cd14_sQTL_p1e-12 mono sQTL immvar1 immvar
19 1e-08 -nan 1 0 0 42 262885 immvar_cd14_sQTL_p1e-12 mono sQTL immvar1 immvar
20 0.1 1.29995 -1 5437 16195 67892 262885 immvar_cd4_eQTL_p1e-3 tcel eQTL immvar1 immvar
20 0.01 1.6072 -1 1152 16195 11635 262885 immvar_cd4_eQTL_p1e-3 tcel eQTL immvar1 immvar
20 0.001 2.00876 -1 235 16195 1899 262885 immvar_cd4_eQTL_p1e-3 tcel eQTL immvar1 immvar
20 0.0001 2.96723 -1 68 16195 372 262885 immvar_cd4_eQTL_p1e-3 tcel eQTL immvar1 immvar
20 1e-05 4.49292 2e-05 31 16195 112 262885 immvar_cd4_eQTL_p1e-3 tcel eQTL immvar1 immvar
20 1e-06 4.67716 0.000773216 17 16195 59 262885 immvar_cd4_eQTL_p1e-3 tcel eQTL immvar1 immvar
20 1e-07 4.63785 0.00507099 14 16195 49 262885 immvar_cd4_eQTL_p1e-3 tcel eQTL immvar1 immvar
20 1e-08 4.63785 0.00757002 12 16195 42 262885 immvar_cd4_eQTL_p1e-3 tcel eQTL immvar1 immvar
21 0.1 1.78205 -1 405 880 67892 262885 rosmap_aceQTL_p1e-5 dlpfc aceQTL rosmap1 rosmap
21 0.01 2.46484 -1 96 880 11635 262885 rosmap_aceQTL_p1e-5 dlpfc aceQTL rosmap1 rosmap
21 0.001 4.09008 -1 26 880 1899 262885 rosmap_aceQTL_p1e-5 dlpfc aceQTL rosmap1 rosmap
21 0.0001 8.8335 -1 11 880 372 262885 rosmap_aceQTL_p1e-5 dlpfc aceQTL rosmap1 rosmap
21 1e-05 8.00178 0.138614 3 880 112 262885 rosmap_aceQTL_p1e-5 dlpfc aceQTL rosmap1 rosmap
21 1e-06 5.06327 0.594059 1 880 59 262885 rosmap_aceQTL_p1e-5 dlpfc aceQTL rosmap1 rosmap
21 1e-07 6.09659 0.455446 1 880 49 262885 rosmap_aceQTL_p1e-5 dlpfc aceQTL rosmap1 rosmap
21 1e-08 0 1 0 880 42 262885 rosmap_aceQTL_p1e-5 dlpfc aceQTL rosmap1 rosmap
22 0.1 1.21399 -1 4568 14570 67892 262885 rosmap_eQTL_p1e-5 dlpfc eQTL rosmap1 rosmap
22 0.01 1.28091 -1 826 14570 11635 262885 rosmap_eQTL_p1e-5 dlpfc eQTL rosmap1 rosmap
22 0.001 1.23516 -1 130 14570 1899 262885 rosmap_eQTL_p1e-5 dlpfc eQTL rosmap1 rosmap
22 0.0001 0.873043 -1 18 14570 372 262885 rosmap_eQTL_p1e-5 dlpfc eQTL rosmap1 rosmap
22 1e-05 0.644389 0.990099 4 14570 112 262885 rosmap_eQTL_p1e-5 dlpfc eQTL rosmap1 rosmap
22 1e-06 0.611624 0.960396 2 14570 59 262885 rosmap_eQTL_p1e-5 dlpfc eQTL rosmap1 rosmap
22 1e-07 0.368222 0.990099 1 14570 49 262885 rosmap_eQTL_p1e-5 dlpfc eQTL rosmap1 rosmap
22 1e-08 0.429593 0.990099 1 14570 42 262885 rosmap_eQTL_p1e-5 dlpfc eQTL rosmap1 rosmap
23 0.1 1.67436 -1 2732 6318 67892 262885 rosmap_mQTL_p1e-12 dlpfc mQTL rosmap1 rosmap
23 0.01 2.32094 -1 649 6318 11635 262885 rosmap_mQTL_p1e-12 dlpfc mQTL rosmap1 rosmap
23 0.001 3.04562 -1 139 6318 1899 262885 rosmap_mQTL_p1e-12 dlpfc mQTL rosmap1 rosmap
23 0.0001 5.03333 -1 45 6318 372 262885 rosmap_mQTL_p1e-12 dlpfc mQTL rosmap1 rosmap
23 1e-05 6.68714 0.00280741 18 6318 112 262885 rosmap_mQTL_p1e-12 dlpfc mQTL rosmap1 rosmap
23 1e-06 7.05236 0.0120337 10 6318 59 262885 rosmap_mQTL_p1e-12 dlpfc mQTL rosmap1 rosmap
23 1e-07 6.79329 0.025641 8 6318 49 262885 rosmap_mQTL_p1e-12 dlpfc mQTL rosmap1 rosmap
23 1e-08 6.93482 0.0315457 7 6318 42 262885 rosmap_mQTL_p1e-12 dlpfc mQTL rosmap1 rosmap
24 0.1 1.62823 -1 201 478 67892 262885 rosmap_sQTL_fdr0.05 dlpfc sQTL rosmap1 rosmap
24 0.01 2.31615 -1 49 478 11635 262885 rosmap_sQTL_fdr0.05 dlpfc sQTL rosmap1 rosmap
24 0.001 3.76492 -1 13 478 1899 262885 rosmap_sQTL_fdr0.05 dlpfc sQTL rosmap1 rosmap
24 0.0001 7.39205 -1 5 478 372 262885 rosmap_sQTL_fdr0.05 dlpfc sQTL rosmap1 rosmap
24 1e-05 9.82087 0.178218 2 478 112 262885 rosmap_sQTL_fdr0.05 dlpfc sQTL rosmap1 rosmap
24 1e-06 9.3215 0.306931 1 478 59 262885 rosmap_sQTL_fdr0.05 dlpfc sQTL rosmap1 rosmap
24 1e-07 11.2238 0.247525 1 478 49 262885 rosmap_sQTL_fdr0.05 dlpfc sQTL rosmap1 rosmap
24 1e-08 0 1 0 478 42 262885 rosmap_sQTL_fdr0.05 dlpfc sQTL rosmap1 rosmap
